# JRE version: Java(TM) SE Runtime Environment (8.0_45-b15) (build 1.8.0_45-b15)
# Java VM: Java HotSpot(TM) 64-Bit Server VM (25.45-b02 mixed mode windows-amd64 compressed oops)
Heap:
 PSYoungGen      total 57344K, used 18903K [0x00000000f5580000, 0x00000000f9b00000, 0x0000000100000000)
  eden space 44544K, 38% used [0x00000000f5580000,0x00000000f6615e80,0x00000000f8100000)
  from space 12800K, 15% used [0x00000000f8e00000,0x00000000f8fe0010,0x00000000f9a80000)
  to   space 13312K, 0% used [0x00000000f8100000,0x00000000f8100000,0x00000000f8e00000)
 ParOldGen       total 113152K, used 109648K [0x00000000e0000000, 0x00000000e6e80000, 0x00000000f5580000)
  object space 113152K, 96% used [0x00000000e0000000,0x00000000e6b14068,0x00000000e6e80000)
 Metaspace       used 104537K, capacity 111806K, committed 112000K, reserved 1146880K
  class space    used 12208K, capacity 14426K, committed 14464K, reserved 1048576K
GC Heap History (10 events):
Event: 11057.599 GC heap before
{Heap before GC invocations=336 (full 8):
 PSYoungGen      total 59392K, used 58686K [0x00000000f5580000, 0x00000000f9c80000, 0x0000000100000000)
  eden space 48128K, 100% used [0x00000000f5580000,0x00000000f8480000,0x00000000f8480000)
  from space 11264K, 93% used [0x00000000f8580000,0x00000000f8fcf890,0x00000000f9080000)
  to   space 12288K, 0% used [0x00000000f9080000,0x00000000f9080000,0x00000000f9c80000)
 ParOldGen       total 113152K, used 106327K [0x00000000e0000000, 0x00000000e6e80000, 0x00000000f5580000)
  object space 113152K, 93% used [0x00000000e0000000,0x00000000e67d5e38,0x00000000e6e80000)
 Metaspace       used 103980K, capacity 111204K, committed 111616K, reserved 1146880K
  class space    used 12153K, capacity 14292K, committed 14336K, reserved 1048576K
Event: 11057.610 GC heap after
Heap after GC invocations=336 (full 8):
 PSYoungGen      total 58368K, used 4406K [0x00000000f5580000, 0x00000000f9b80000, 0x0000000100000000)
  eden space 47104K, 0% used [0x00000000f5580000,0x00000000f5580000,0x00000000f8380000)
  from space 11264K, 39% used [0x00000000f9080000,0x00000000f94cd9d8,0x00000000f9b80000)
  to   space 12288K, 0% used [0x00000000f8380000,0x00000000f8380000,0x00000000f8f80000)
 ParOldGen       total 113152K, used 109199K [0x00000000e0000000, 0x00000000e6e80000, 0x00000000f5580000)
  object space 113152K, 96% used [0x00000000e0000000,0x00000000e6aa3e88,0x00000000e6e80000)
 Metaspace       used 103980K, capacity 111204K, committed 111616K, reserved 1146880K
  class space    used 12153K, capacity 14292K, committed 14336K, reserved 1048576K
}
Event: 11060.104 GC heap before
{Heap before GC invocations=337 (full 8):
 PSYoungGen      total 58368K, used 51510K [0x00000000f5580000, 0x00000000f9b80000, 0x0000000100000000)
  eden space 47104K, 100% used [0x00000000f5580000,0x00000000f8380000,0x00000000f8380000)
  from space 11264K, 39% used [0x00000000f9080000,0x00000000f94cd9d8,0x00000000f9b80000)
  to   space 12288K, 0% used [0x00000000f8380000,0x00000000f8380000,0x00000000f8f80000)
 ParOldGen       total 113152K, used 109199K [0x00000000e0000000, 0x00000000e6e80000, 0x00000000f5580000)
  object space 113152K, 96% used [0x00000000e0000000,0x00000000e6aa3e88,0x00000000e6e80000)
 Metaspace       used 103991K, capacity 111204K, committed 111616K, reserved 1146880K
  class space    used 12153K, capacity 14292K, committed 14336K, reserved 1048576K
Event: 11060.117 GC heap after
Heap after GC invocations=337 (full 8):
 PSYoungGen      total 56320K, used 10200K [0x00000000f5580000, 0x00000000f9b80000, 0x0000000100000000)
  eden space 46080K, 0% used [0x00000000f5580000,0x00000000f5580000,0x00000000f8280000)
  from space 10240K, 99% used [0x00000000f8380000,0x00000000f8d76208,0x00000000f8d80000)
  to   space 12800K, 0% used [0x00000000f8f00000,0x00000000f8f00000,0x00000000f9b80000)
 ParOldGen       total 113152K, used 109363K [0x00000000e0000000, 0x00000000e6e80000, 0x00000000f5580000)
  object space 113152K, 96% used [0x00000000e0000000,0x00000000e6accfd8,0x00000000e6e80000)
 Metaspace       used 103991K, capacity 111204K, committed 111616K, reserved 1146880K
  class space    used 12153K, capacity 14292K, committed 14336K, reserved 1048576K
}
Event: 11074.855 GC heap before
{Heap before GC invocations=338 (full 8):
 PSYoungGen      total 56320K, used 56280K [0x00000000f5580000, 0x00000000f9b80000, 0x0000000100000000)
  eden space 46080K, 100% used [0x00000000f5580000,0x00000000f8280000,0x00000000f8280000)
  from space 10240K, 99% used [0x00000000f8380000,0x00000000f8d76208,0x00000000f8d80000)
  to   space 12800K, 0% used [0x00000000f8f00000,0x00000000f8f00000,0x00000000f9b80000)
 ParOldGen       total 113152K, used 109363K [0x00000000e0000000, 0x00000000e6e80000, 0x00000000f5580000)
  object space 113152K, 96% used [0x00000000e0000000,0x00000000e6accfd8,0x00000000e6e80000)
 Metaspace       used 104020K, capacity 111204K, committed 111616K, reserved 1146880K
  class space    used 12153K, capacity 14292K, committed 14336K, reserved 1048576K
Event: 11074.864 GC heap after
Heap after GC invocations=338 (full 8):
 PSYoungGen      total 57856K, used 3960K [0x00000000f5580000, 0x00000000f9b00000, 0x0000000100000000)
  eden space 45568K, 0% used [0x00000000f5580000,0x00000000f5580000,0x00000000f8200000)
  from space 12288K, 32% used [0x00000000f8f00000,0x00000000f92de1b8,0x00000000f9b00000)
  to   space 12800K, 0% used [0x00000000f8200000,0x00000000f8200000,0x00000000f8e80000)
 ParOldGen       total 113152K, used 109480K [0x00000000e0000000, 0x00000000e6e80000, 0x00000000f5580000)
  object space 113152K, 96% used [0x00000000e0000000,0x00000000e6aea068,0x00000000e6e80000)
 Metaspace       used 104020K, capacity 111204K, committed 111616K, reserved 1146880K
  class space    used 12153K, capacity 14292K, committed 14336K, reserved 1048576K
}
Event: 11151.979 GC heap before
{Heap before GC invocations=339 (full 8):
 PSYoungGen      total 57856K, used 49528K [0x00000000f5580000, 0x00000000f9b00000, 0x0000000100000000)
  eden space 45568K, 100% used [0x00000000f5580000,0x00000000f8200000,0x00000000f8200000)
  from space 12288K, 32% used [0x00000000f8f00000,0x00000000f92de1b8,0x00000000f9b00000)
  to   space 12800K, 0% used [0x00000000f8200000,0x00000000f8200000,0x00000000f8e80000)
 ParOldGen       total 113152K, used 109480K [0x00000000e0000000, 0x00000000e6e80000, 0x00000000f5580000)
  object space 113152K, 96% used [0x00000000e0000000,0x00000000e6aea068,0x00000000e6e80000)
 Metaspace       used 104048K, capacity 111268K, committed 111616K, reserved 1146880K
  class space    used 12158K, capacity 14292K, committed 14336K, reserved 1048576K
Event: 11151.993 GC heap after
Heap after GC invocations=339 (full 8):
 PSYoungGen      total 49664K, used 4600K [0x00000000f5580000, 0x00000000f9a80000, 0x0000000100000000)
  eden space 45056K, 0% used [0x00000000f5580000,0x00000000f5580000,0x00000000f8180000)
  from space 4608K, 99% used [0x00000000f8200000,0x00000000f867e1b8,0x00000000f8680000)
  to   space 12800K, 0% used [0x00000000f8e00000,0x00000000f8e00000,0x00000000f9a80000)
 ParOldGen       total 113152K, used 109608K [0x00000000e0000000, 0x00000000e6e80000, 0x00000000f5580000)
  object space 113152K, 96% used [0x00000000e0000000,0x00000000e6b0a068,0x00000000e6e80000)
 Metaspace       used 104048K, capacity 111268K, committed 111616K, reserved 1146880K
  class space    used 12158K, capacity 14292K, committed 14336K, reserved 1048576K
}
Event: 11152.942 GC heap before
{Heap before GC invocations=340 (full 8):
 PSYoungGen      total 49664K, used 49656K [0x00000000f5580000, 0x00000000f9a80000, 0x0000000100000000)
  eden space 45056K, 100% used [0x00000000f5580000,0x00000000f8180000,0x00000000f8180000)
  from space 4608K, 99% used [0x00000000f8200000,0x00000000f867e1b8,0x00000000f8680000)
  to   space 12800K, 0% used [0x00000000f8e00000,0x00000000f8e00000,0x00000000f9a80000)
 ParOldGen       total 113152K, used 109608K [0x00000000e0000000, 0x00000000e6e80000, 0x00000000f5580000)
  object space 113152K, 96% used [0x00000000e0000000,0x00000000e6b0a068,0x00000000e6e80000)
 Metaspace       used 104118K, capacity 111280K, committed 111616K, reserved 1146880K
  class space    used 12164K, capacity 14294K, committed 14336K, reserved 1048576K
Event: 11152.952 GC heap after
Heap after GC invocations=340 (full 8):
 PSYoungGen      total 57344K, used 1920K [0x00000000f5580000, 0x00000000f9b00000, 0x0000000100000000)
  eden space 44544K, 0% used [0x00000000f5580000,0x00000000f5580000,0x00000000f8100000)
  from space 12800K, 15% used [0x00000000f8e00000,0x00000000f8fe0010,0x00000000f9a80000)
  to   space 13312K, 0% used [0x00000000f8100000,0x00000000f8100000,0x00000000f8e00000)
 ParOldGen       total 113152K, used 109648K [0x00000000e0000000, 0x00000000e6e80000, 0x00000000f5580000)
  object space 113152K, 96% used [0x00000000e0000000,0x00000000e6b14068,0x00000000e6e80000)
 Metaspace       used 104118K, capacity 111280K, committed 111616K, reserved 1146880K
  class space    used 12164K, capacity 14294K, committed 14336K, reserved 1048576K
}

