# JRE version: Java(TM) SE Runtime Environment (8.0_45-b15) (build 1.8.0_45-b15)
# Java VM: Java HotSpot(TM) 64-Bit Server VM (25.45-b02 mixed mode windows-amd64 compressed oops)
Heap:
 PSYoungGen      total 123392K, used 45707K [0x00000000f5580000, 0x00000000fd980000, 0x0000000100000000)
  eden space 119808K, 38% used [0x00000000f5580000,0x00000000f8222d30,0x00000000fca80000)
  from space 3584K, 0% used [0x00000000fca80000,0x00000000fca80000,0x00000000fce00000)
  to   space 7680K, 0% used [0x00000000fd200000,0x00000000fd200000,0x00000000fd980000)
 ParOldGen       total 173056K, used 72552K [0x00000000e0000000, 0x00000000ea900000, 0x00000000f5580000)
  object space 173056K, 41% used [0x00000000e0000000,0x00000000e46da3a8,0x00000000ea900000)
 Metaspace       used 110108K, capacity 117308K, committed 117504K, reserved 1153024K
  class space    used 12645K, capacity 14776K, committed 14848K, reserved 1048576K
GC Heap History (10 events):
Event: 16035.403 GC heap before
{Heap before GC invocations=467 (full 60):
 PSYoungGen      total 128000K, used 1851K [0x00000000f5580000, 0x00000000fda80000, 0x0000000100000000)
  eden space 119808K, 0% used [0x00000000f5580000,0x00000000f5580000,0x00000000fca80000)
  from space 8192K, 22% used [0x00000000fca80000,0x00000000fcc4ed78,0x00000000fd280000)
  to   space 8192K, 0% used [0x00000000fd280000,0x00000000fd280000,0x00000000fda80000)
 ParOldGen       total 173056K, used 77800K [0x00000000e0000000, 0x00000000ea900000, 0x00000000f5580000)
  object space 173056K, 44% used [0x00000000e0000000,0x00000000e4bfa128,0x00000000ea900000)
 Metaspace       used 109511K, capacity 116828K, committed 117248K, reserved 1150976K
  class space    used 12583K, capacity 14744K, committed 14848K, reserved 1048576K
Event: 16035.821 GC heap after
Heap after GC invocations=467 (full 60):
 PSYoungGen      total 128000K, used 0K [0x00000000f5580000, 0x00000000fda80000, 0x0000000100000000)
  eden space 119808K, 0% used [0x00000000f5580000,0x00000000f5580000,0x00000000fca80000)
  from space 8192K, 0% used [0x00000000fca80000,0x00000000fca80000,0x00000000fd280000)
  to   space 8192K, 0% used [0x00000000fd280000,0x00000000fd280000,0x00000000fda80000)
 ParOldGen       total 173056K, used 77581K [0x00000000e0000000, 0x00000000ea900000, 0x00000000f5580000)
  object space 173056K, 44% used [0x00000000e0000000,0x00000000e4bc35e8,0x00000000ea900000)
 Metaspace       used 109511K, capacity 116828K, committed 117248K, reserved 1150976K
  class space    used 12583K, capacity 14744K, committed 14848K, reserved 1048576K
}
Event: 16095.404 GC heap before
{Heap before GC invocations=468 (full 60):
 PSYoungGen      total 128000K, used 105733K [0x00000000f5580000, 0x00000000fda80000, 0x0000000100000000)
  eden space 119808K, 88% used [0x00000000f5580000,0x00000000fbcc1758,0x00000000fca80000)
  from space 8192K, 0% used [0x00000000fca80000,0x00000000fca80000,0x00000000fd280000)
  to   space 8192K, 0% used [0x00000000fd280000,0x00000000fd280000,0x00000000fda80000)
 ParOldGen       total 173056K, used 77581K [0x00000000e0000000, 0x00000000ea900000, 0x00000000f5580000)
  object space 173056K, 44% used [0x00000000e0000000,0x00000000e4bc35e8,0x00000000ea900000)
 Metaspace       used 109580K, capacity 116892K, committed 117248K, reserved 1150976K
  class space    used 12586K, capacity 14744K, committed 14848K, reserved 1048576K
Event: 16095.412 GC heap after
Heap after GC invocations=468 (full 60):
 PSYoungGen      total 128000K, used 1103K [0x00000000f5580000, 0x00000000fda80000, 0x0000000100000000)
  eden space 119808K, 0% used [0x00000000f5580000,0x00000000f5580000,0x00000000fca80000)
  from space 8192K, 13% used [0x00000000fd280000,0x00000000fd393c60,0x00000000fda80000)
  to   space 8192K, 0% used [0x00000000fca80000,0x00000000fca80000,0x00000000fd280000)
 ParOldGen       total 173056K, used 77581K [0x00000000e0000000, 0x00000000ea900000, 0x00000000f5580000)
  object space 173056K, 44% used [0x00000000e0000000,0x00000000e4bc35e8,0x00000000ea900000)
 Metaspace       used 109580K, capacity 116892K, committed 117248K, reserved 1150976K
  class space    used 12586K, capacity 14744K, committed 14848K, reserved 1048576K
}
Event: 16095.412 GC heap before
{Heap before GC invocations=469 (full 61):
 PSYoungGen      total 128000K, used 1103K [0x00000000f5580000, 0x00000000fda80000, 0x0000000100000000)
  eden space 119808K, 0% used [0x00000000f5580000,0x00000000f5580000,0x00000000fca80000)
  from space 8192K, 13% used [0x00000000fd280000,0x00000000fd393c60,0x00000000fda80000)
  to   space 8192K, 0% used [0x00000000fca80000,0x00000000fca80000,0x00000000fd280000)
 ParOldGen       total 173056K, used 77581K [0x00000000e0000000, 0x00000000ea900000, 0x00000000f5580000)
  object space 173056K, 44% used [0x00000000e0000000,0x00000000e4bc35e8,0x00000000ea900000)
 Metaspace       used 109580K, capacity 116892K, committed 117248K, reserved 1150976K
  class space    used 12586K, capacity 14744K, committed 14848K, reserved 1048576K
Event: 16095.942 GC heap after
Heap after GC invocations=469 (full 61):
 PSYoungGen      total 128000K, used 0K [0x00000000f5580000, 0x00000000fda80000, 0x0000000100000000)
  eden space 119808K, 0% used [0x00000000f5580000,0x00000000f5580000,0x00000000fca80000)
  from space 8192K, 0% used [0x00000000fd280000,0x00000000fd280000,0x00000000fda80000)
  to   space 8192K, 0% used [0x00000000fca80000,0x00000000fca80000,0x00000000fd280000)
 ParOldGen       total 173056K, used 69999K [0x00000000e0000000, 0x00000000ea900000, 0x00000000f5580000)
  object space 173056K, 40% used [0x00000000e0000000,0x00000000e445bd80,0x00000000ea900000)
 Metaspace       used 109580K, capacity 116892K, committed 117248K, reserved 1150976K
  class space    used 12586K, capacity 14744K, committed 14848K, reserved 1048576K
}
Event: 16155.407 GC heap before
{Heap before GC invocations=470 (full 61):
 PSYoungGen      total 128000K, used 35010K [0x00000000f5580000, 0x00000000fda80000, 0x0000000100000000)
  eden space 119808K, 29% used [0x00000000f5580000,0x00000000f77b0ae0,0x00000000fca80000)
  from space 8192K, 0% used [0x00000000fd280000,0x00000000fd280000,0x00000000fda80000)
  to   space 8192K, 0% used [0x00000000fca80000,0x00000000fca80000,0x00000000fd280000)
 ParOldGen       total 173056K, used 69999K [0x00000000e0000000, 0x00000000ea900000, 0x00000000f5580000)
  object space 173056K, 40% used [0x00000000e0000000,0x00000000e445bd80,0x00000000ea900000)
 Metaspace       used 109585K, capacity 116956K, committed 117248K, reserved 1150976K
  class space    used 12586K, capacity 14744K, committed 14848K, reserved 1048576K
Event: 16155.417 GC heap after
Heap after GC invocations=470 (full 61):
 PSYoungGen      total 123392K, used 3456K [0x00000000f5580000, 0x00000000fd980000, 0x0000000100000000)
  eden space 119808K, 0% used [0x00000000f5580000,0x00000000f5580000,0x00000000fca80000)
  from space 3584K, 96% used [0x00000000fca80000,0x00000000fcde0000,0x00000000fce00000)
  to   space 7680K, 0% used [0x00000000fd200000,0x00000000fd200000,0x00000000fd980000)
 ParOldGen       total 173056K, used 69999K [0x00000000e0000000, 0x00000000ea900000, 0x00000000f5580000)
  object space 173056K, 40% used [0x00000000e0000000,0x00000000e445bd80,0x00000000ea900000)
 Metaspace       used 109585K, capacity 116956K, committed 117248K, reserved 1150976K
  class space    used 12586K, capacity 14744K, committed 14848K, reserved 1048576K
}
Event: 16155.417 GC heap before
{Heap before GC invocations=471 (full 62):
 PSYoungGen      total 123392K, used 3456K [0x00000000f5580000, 0x00000000fd980000, 0x0000000100000000)
  eden space 119808K, 0% used [0x00000000f5580000,0x00000000f5580000,0x00000000fca80000)
  from space 3584K, 96% used [0x00000000fca80000,0x00000000fcde0000,0x00000000fce00000)
  to   space 7680K, 0% used [0x00000000fd200000,0x00000000fd200000,0x00000000fd980000)
 ParOldGen       total 173056K, used 69999K [0x00000000e0000000, 0x00000000ea900000, 0x00000000f5580000)
  object space 173056K, 40% used [0x00000000e0000000,0x00000000e445bd80,0x00000000ea900000)
 Metaspace       used 109585K, capacity 116956K, committed 117248K, reserved 1150976K
  class space    used 12586K, capacity 14744K, committed 14848K, reserved 1048576K
Event: 16155.894 GC heap after
Heap after GC invocations=471 (full 62):
 PSYoungGen      total 123392K, used 0K [0x00000000f5580000, 0x00000000fd980000, 0x0000000100000000)
  eden space 119808K, 0% used [0x00000000f5580000,0x00000000f5580000,0x00000000fca80000)
  from space 3584K, 0% used [0x00000000fca80000,0x00000000fca80000,0x00000000fce00000)
  to   space 7680K, 0% used [0x00000000fd200000,0x00000000fd200000,0x00000000fd980000)
 ParOldGen       total 173056K, used 72552K [0x00000000e0000000, 0x00000000ea900000, 0x00000000f5580000)
  object space 173056K, 41% used [0x00000000e0000000,0x00000000e46da3a8,0x00000000ea900000)
 Metaspace       used 109585K, capacity 116956K, committed 117248K, reserved 1150976K
  class space    used 12586K, capacity 14744K, committed 14848K, reserved 1048576K
}

