# JRE version: Java(TM) SE Runtime Environment (8.0_45-b15) (build 1.8.0_45-b15)
# Java VM: Java HotSpot(TM) 64-Bit Server VM (25.45-b02 mixed mode windows-amd64 compressed oops)
Heap:
 PSYoungGen      total 157184K, used 121739K [0x00000000f5580000, 0x00000000fff00000, 0x0000000100000000)
  eden space 141824K, 82% used [0x00000000f5580000,0x00000000fc865c68,0x00000000fe000000)
  from space 15360K, 26% used [0x00000000ff000000,0x00000000ff3fd1a8,0x00000000fff00000)
  to   space 15872K, 0% used [0x00000000fe000000,0x00000000fe000000,0x00000000fef80000)
 ParOldGen       total 109056K, used 51995K [0x00000000e0000000, 0x00000000e6a80000, 0x00000000f5580000)
  object space 109056K, 47% used [0x00000000e0000000,0x00000000e32c6ec8,0x00000000e6a80000)
 Metaspace       used 85112K, capacity 91350K, committed 91520K, reserved 1128448K
  class space    used 10097K, capacity 12072K, committed 12160K, reserved 1048576K
GC Heap History (10 events):
Event: 639.767 GC heap before
{Heap before GC invocations=50 (full 9):
 PSYoungGen      total 153088K, used 141445K [0x00000000f5580000, 0x00000000ffd00000, 0x0000000100000000)
  eden space 135680K, 100% used [0x00000000f5580000,0x00000000fda00000,0x00000000fda00000)
  from space 17408K, 33% used [0x00000000fec00000,0x00000000ff1a16c8,0x00000000ffd00000)
  to   space 17920K, 0% used [0x00000000fda00000,0x00000000fda00000,0x00000000feb80000)
 ParOldGen       total 109056K, used 49141K [0x00000000e0000000, 0x00000000e6a80000, 0x00000000f5580000)
  object space 109056K, 45% used [0x00000000e0000000,0x00000000e2ffd5f8,0x00000000e6a80000)
 Metaspace       used 82725K, capacity 88578K, committed 88832K, reserved 1126400K
  class space    used 9827K, capacity 11668K, committed 11776K, reserved 1048576K
Event: 639.782 GC heap after
Heap after GC invocations=50 (full 9):
 PSYoungGen      total 153600K, used 7583K [0x00000000f5580000, 0x00000000ffe80000, 0x0000000100000000)
  eden space 135680K, 0% used [0x00000000f5580000,0x00000000f5580000,0x00000000fda00000)
  from space 17920K, 42% used [0x00000000fda00000,0x00000000fe167c28,0x00000000feb80000)
  to   space 16896K, 0% used [0x00000000fee00000,0x00000000fee00000,0x00000000ffe80000)
 ParOldGen       total 109056K, used 49141K [0x00000000e0000000, 0x00000000e6a80000, 0x00000000f5580000)
  object space 109056K, 45% used [0x00000000e0000000,0x00000000e2ffd5f8,0x00000000e6a80000)
 Metaspace       used 82725K, capacity 88578K, committed 88832K, reserved 1126400K
  class space    used 9827K, capacity 11668K, committed 11776K, reserved 1048576K
}
Event: 640.714 GC heap before
{Heap before GC invocations=51 (full 9):
 PSYoungGen      total 153600K, used 33301K [0x00000000f5580000, 0x00000000ffe80000, 0x0000000100000000)
  eden space 135680K, 18% used [0x00000000f5580000,0x00000000f6e9d9c0,0x00000000fda00000)
  from space 17920K, 42% used [0x00000000fda00000,0x00000000fe167c28,0x00000000feb80000)
  to   space 16896K, 0% used [0x00000000fee00000,0x00000000fee00000,0x00000000ffe80000)
 ParOldGen       total 109056K, used 49141K [0x00000000e0000000, 0x00000000e6a80000, 0x00000000f5580000)
  object space 109056K, 45% used [0x00000000e0000000,0x00000000e2ffd5f8,0x00000000e6a80000)
 Metaspace       used 82727K, capacity 88578K, committed 88832K, reserved 1126400K
  class space    used 9827K, capacity 11668K, committed 11776K, reserved 1048576K
Event: 640.720 GC heap after
Heap after GC invocations=51 (full 9):
 PSYoungGen      total 155136K, used 6453K [0x00000000f5580000, 0x00000000ffd80000, 0x0000000100000000)
  eden space 139264K, 0% used [0x00000000f5580000,0x00000000f5580000,0x00000000fdd80000)
  from space 15872K, 40% used [0x00000000fee00000,0x00000000ff44d6b8,0x00000000ffd80000)
  to   space 16384K, 0% used [0x00000000fdd80000,0x00000000fdd80000,0x00000000fed80000)
 ParOldGen       total 109056K, used 49141K [0x00000000e0000000, 0x00000000e6a80000, 0x00000000f5580000)
  object space 109056K, 45% used [0x00000000e0000000,0x00000000e2ffd5f8,0x00000000e6a80000)
 Metaspace       used 82727K, capacity 88578K, committed 88832K, reserved 1126400K
  class space    used 9827K, capacity 11668K, committed 11776K, reserved 1048576K
}
Event: 640.720 GC heap before
{Heap before GC invocations=52 (full 10):
 PSYoungGen      total 155136K, used 6453K [0x00000000f5580000, 0x00000000ffd80000, 0x0000000100000000)
  eden space 139264K, 0% used [0x00000000f5580000,0x00000000f5580000,0x00000000fdd80000)
  from space 15872K, 40% used [0x00000000fee00000,0x00000000ff44d6b8,0x00000000ffd80000)
  to   space 16384K, 0% used [0x00000000fdd80000,0x00000000fdd80000,0x00000000fed80000)
 ParOldGen       total 109056K, used 49141K [0x00000000e0000000, 0x00000000e6a80000, 0x00000000f5580000)
  object space 109056K, 45% used [0x00000000e0000000,0x00000000e2ffd5f8,0x00000000e6a80000)
 Metaspace       used 82727K, capacity 88578K, committed 88832K, reserved 1126400K
  class space    used 9827K, capacity 11668K, committed 11776K, reserved 1048576K
Event: 641.286 GC heap after
Heap after GC invocations=52 (full 10):
 PSYoungGen      total 155136K, used 0K [0x00000000f5580000, 0x00000000ffd80000, 0x0000000100000000)
  eden space 139264K, 0% used [0x00000000f5580000,0x00000000f5580000,0x00000000fdd80000)
  from space 15872K, 0% used [0x00000000fee00000,0x00000000fee00000,0x00000000ffd80000)
  to   space 16384K, 0% used [0x00000000fdd80000,0x00000000fdd80000,0x00000000fed80000)
 ParOldGen       total 109056K, used 51993K [0x00000000e0000000, 0x00000000e6a80000, 0x00000000f5580000)
  object space 109056K, 47% used [0x00000000e0000000,0x00000000e32c6660,0x00000000e6a80000)
 Metaspace       used 82727K, capacity 88578K, committed 88832K, reserved 1126400K
  class space    used 9827K, capacity 11668K, committed 11776K, reserved 1048576K
}
Event: 666.494 GC heap before
{Heap before GC invocations=53 (full 10):
 PSYoungGen      total 155136K, used 139264K [0x00000000f5580000, 0x00000000ffd80000, 0x0000000100000000)
  eden space 139264K, 100% used [0x00000000f5580000,0x00000000fdd80000,0x00000000fdd80000)
  from space 15872K, 0% used [0x00000000fee00000,0x00000000fee00000,0x00000000ffd80000)
  to   space 16384K, 0% used [0x00000000fdd80000,0x00000000fdd80000,0x00000000fed80000)
 ParOldGen       total 109056K, used 51993K [0x00000000e0000000, 0x00000000e6a80000, 0x00000000f5580000)
  object space 109056K, 47% used [0x00000000e0000000,0x00000000e32c66b8,0x00000000e6a80000)
 Metaspace       used 83016K, capacity 88898K, committed 89088K, reserved 1126400K
  class space    used 9844K, capacity 11668K, committed 11776K, reserved 1048576K
Event: 666.501 GC heap after
Heap after GC invocations=53 (full 10):
 PSYoungGen      total 155648K, used 1641K [0x00000000f5580000, 0x0000000100000000, 0x0000000100000000)
  eden space 139264K, 0% used [0x00000000f5580000,0x00000000f5580000,0x00000000fdd80000)
  from space 16384K, 10% used [0x00000000fdd80000,0x00000000fdf1a628,0x00000000fed80000)
  to   space 16384K, 0% used [0x00000000ff000000,0x00000000ff000000,0x0000000100000000)
 ParOldGen       total 109056K, used 51993K [0x00000000e0000000, 0x00000000e6a80000, 0x00000000f5580000)
  object space 109056K, 47% used [0x00000000e0000000,0x00000000e32c66b8,0x00000000e6a80000)
 Metaspace       used 83016K, capacity 88898K, committed 89088K, reserved 1126400K
  class space    used 9844K, capacity 11668K, committed 11776K, reserved 1048576K
}
Event: 686.119 GC heap before
{Heap before GC invocations=54 (full 10):
 PSYoungGen      total 155648K, used 140905K [0x00000000f5580000, 0x0000000100000000, 0x0000000100000000)
  eden space 139264K, 100% used [0x00000000f5580000,0x00000000fdd80000,0x00000000fdd80000)
  from space 16384K, 10% used [0x00000000fdd80000,0x00000000fdf1a628,0x00000000fed80000)
  to   space 16384K, 0% used [0x00000000ff000000,0x00000000ff000000,0x0000000100000000)
 ParOldGen       total 109056K, used 51995K [0x00000000e0000000, 0x00000000e6a80000, 0x00000000f5580000)
  object space 109056K, 47% used [0x00000000e0000000,0x00000000e32c6ec8,0x00000000e6a80000)
 Metaspace       used 84306K, capacity 90470K, committed 90624K, reserved 1128448K
  class space    used 10010K, capacity 11910K, committed 12032K, reserved 1048576K
Event: 686.148 GC heap after
Heap after GC invocations=54 (full 10):
 PSYoungGen      total 157184K, used 4084K [0x00000000f5580000, 0x00000000fff00000, 0x0000000100000000)
  eden space 141824K, 0% used [0x00000000f5580000,0x00000000f5580000,0x00000000fe000000)
  from space 15360K, 26% used [0x00000000ff000000,0x00000000ff3fd1a8,0x00000000fff00000)
  to   space 15872K, 0% used [0x00000000fe000000,0x00000000fe000000,0x00000000fef80000)
 ParOldGen       total 109056K, used 51995K [0x00000000e0000000, 0x00000000e6a80000, 0x00000000f5580000)
  object space 109056K, 47% used [0x00000000e0000000,0x00000000e32c6ec8,0x00000000e6a80000)
 Metaspace       used 84306K, capacity 90470K, committed 90624K, reserved 1128448K
  class space    used 10010K, capacity 11910K, committed 12032K, reserved 1048576K
}

