# JRE version: Java(TM) SE Runtime Environment (8.0_45-b15) (build 1.8.0_45-b15)
# Java VM: Java HotSpot(TM) 64-Bit Server VM (25.45-b02 mixed mode windows-amd64 compressed oops)
Heap:
 PSYoungGen      total 107520K, used 92604K [0x00000000f5580000, 0x00000000fdb00000, 0x0000000100000000)
  eden space 88576K, 92% used [0x00000000f5580000,0x00000000fa5cedd8,0x00000000fac00000)
  from space 18944K, 54% used [0x00000000fac00000,0x00000000fb620418,0x00000000fbe80000)
  to   space 18432K, 0% used [0x00000000fc900000,0x00000000fc900000,0x00000000fdb00000)
 ParOldGen       total 104448K, used 32711K [0x00000000e0000000, 0x00000000e6600000, 0x00000000f5580000)
  object space 104448K, 31% used [0x00000000e0000000,0x00000000e1ff1fa8,0x00000000e6600000)
 Metaspace       used 72156K, capacity 78028K, committed 78336K, reserved 1116160K
  class space    used 8945K, capacity 10693K, committed 10752K, reserved 1048576K
GC Heap History (10 events):
Event: 14.152 GC heap before
{Heap before GC invocations=14 (full 3):
 PSYoungGen      total 84480K, used 64512K [0x00000000f5580000, 0x00000000fc800000, 0x0000000100000000)
  eden space 64512K, 100% used [0x00000000f5580000,0x00000000f9480000,0x00000000f9480000)
  from space 19968K, 0% used [0x00000000fa880000,0x00000000fa880000,0x00000000fbc00000)
  to   space 20480K, 0% used [0x00000000f9480000,0x00000000f9480000,0x00000000fa880000)
 ParOldGen       total 104448K, used 32679K [0x00000000e0000000, 0x00000000e6600000, 0x00000000f5580000)
  object space 104448K, 31% used [0x00000000e0000000,0x00000000e1fe9fa8,0x00000000e6600000)
 Metaspace       used 65052K, capacity 70404K, committed 70656K, reserved 1110016K
  class space    used 8085K, capacity 9627K, committed 9728K, reserved 1048576K
Event: 14.177 GC heap after
Heap after GC invocations=14 (full 3):
 PSYoungGen      total 84992K, used 15074K [0x00000000f5580000, 0x00000000fcb00000, 0x0000000100000000)
  eden space 64512K, 0% used [0x00000000f5580000,0x00000000f5580000,0x00000000f9480000)
  from space 20480K, 73% used [0x00000000f9480000,0x00000000fa338b68,0x00000000fa880000)
  to   space 20992K, 0% used [0x00000000fb680000,0x00000000fb680000,0x00000000fcb00000)
 ParOldGen       total 104448K, used 32687K [0x00000000e0000000, 0x00000000e6600000, 0x00000000f5580000)
  object space 104448K, 31% used [0x00000000e0000000,0x00000000e1febfa8,0x00000000e6600000)
 Metaspace       used 65052K, capacity 70404K, committed 70656K, reserved 1110016K
  class space    used 8085K, capacity 9627K, committed 9728K, reserved 1048576K
}
Event: 15.521 GC heap before
{Heap before GC invocations=15 (full 3):
 PSYoungGen      total 84992K, used 79586K [0x00000000f5580000, 0x00000000fcb00000, 0x0000000100000000)
  eden space 64512K, 100% used [0x00000000f5580000,0x00000000f9480000,0x00000000f9480000)
  from space 20480K, 73% used [0x00000000f9480000,0x00000000fa338b68,0x00000000fa880000)
  to   space 20992K, 0% used [0x00000000fb680000,0x00000000fb680000,0x00000000fcb00000)
 ParOldGen       total 104448K, used 32687K [0x00000000e0000000, 0x00000000e6600000, 0x00000000f5580000)
  object space 104448K, 31% used [0x00000000e0000000,0x00000000e1febfa8,0x00000000e6600000)
 Metaspace       used 67686K, capacity 73430K, committed 73600K, reserved 1112064K
  class space    used 8419K, capacity 10067K, committed 10112K, reserved 1048576K
Event: 15.538 GC heap after
Heap after GC invocations=15 (full 3):
 PSYoungGen      total 95232K, used 11547K [0x00000000f5580000, 0x00000000fc880000, 0x0000000100000000)
  eden space 76800K, 0% used [0x00000000f5580000,0x00000000f5580000,0x00000000fa080000)
  from space 18432K, 62% used [0x00000000fb680000,0x00000000fc1c6e80,0x00000000fc880000)
  to   space 20480K, 0% used [0x00000000fa080000,0x00000000fa080000,0x00000000fb480000)
 ParOldGen       total 104448K, used 32695K [0x00000000e0000000, 0x00000000e6600000, 0x00000000f5580000)
  object space 104448K, 31% used [0x00000000e0000000,0x00000000e1fedfa8,0x00000000e6600000)
 Metaspace       used 67686K, capacity 73430K, committed 73600K, reserved 1112064K
  class space    used 8419K, capacity 10067K, committed 10112K, reserved 1048576K
}
Event: 17.191 GC heap before
{Heap before GC invocations=16 (full 3):
 PSYoungGen      total 95232K, used 88347K [0x00000000f5580000, 0x00000000fc880000, 0x0000000100000000)
  eden space 76800K, 100% used [0x00000000f5580000,0x00000000fa080000,0x00000000fa080000)
  from space 18432K, 62% used [0x00000000fb680000,0x00000000fc1c6e80,0x00000000fc880000)
  to   space 20480K, 0% used [0x00000000fa080000,0x00000000fa080000,0x00000000fb480000)
 ParOldGen       total 104448K, used 32695K [0x00000000e0000000, 0x00000000e6600000, 0x00000000f5580000)
  object space 104448K, 31% used [0x00000000e0000000,0x00000000e1fedfa8,0x00000000e6600000)
 Metaspace       used 67918K, capacity 73782K, committed 73856K, reserved 1114112K
  class space    used 8434K, capacity 10099K, committed 10112K, reserved 1048576K
Event: 17.217 GC heap after
Heap after GC invocations=16 (full 3):
 PSYoungGen      total 97280K, used 10486K [0x00000000f5580000, 0x00000000fd380000, 0x0000000100000000)
  eden space 76800K, 0% used [0x00000000f5580000,0x00000000f5580000,0x00000000fa080000)
  from space 20480K, 51% used [0x00000000fa080000,0x00000000faabd898,0x00000000fb480000)
  to   space 19456K, 0% used [0x00000000fc080000,0x00000000fc080000,0x00000000fd380000)
 ParOldGen       total 104448K, used 32703K [0x00000000e0000000, 0x00000000e6600000, 0x00000000f5580000)
  object space 104448K, 31% used [0x00000000e0000000,0x00000000e1feffa8,0x00000000e6600000)
 Metaspace       used 67918K, capacity 73782K, committed 73856K, reserved 1114112K
  class space    used 8434K, capacity 10099K, committed 10112K, reserved 1048576K
}
Event: 19.713 GC heap before
{Heap before GC invocations=17 (full 3):
 PSYoungGen      total 97280K, used 87286K [0x00000000f5580000, 0x00000000fd380000, 0x0000000100000000)
  eden space 76800K, 100% used [0x00000000f5580000,0x00000000fa080000,0x00000000fa080000)
  from space 20480K, 51% used [0x00000000fa080000,0x00000000faabd898,0x00000000fb480000)
  to   space 19456K, 0% used [0x00000000fc080000,0x00000000fc080000,0x00000000fd380000)
 ParOldGen       total 104448K, used 32703K [0x00000000e0000000, 0x00000000e6600000, 0x00000000f5580000)
  object space 104448K, 31% used [0x00000000e0000000,0x00000000e1feffa8,0x00000000e6600000)
 Metaspace       used 69258K, capacity 75152K, committed 75392K, reserved 1114112K
  class space    used 8615K, capacity 10352K, committed 10368K, reserved 1048576K
Event: 19.734 GC heap after
Heap after GC invocations=17 (full 3):
 PSYoungGen      total 105472K, used 11813K [0x00000000f5580000, 0x00000000fd100000, 0x0000000100000000)
  eden space 88576K, 0% used [0x00000000f5580000,0x00000000f5580000,0x00000000fac00000)
  from space 16896K, 69% used [0x00000000fc080000,0x00000000fcc095d8,0x00000000fd100000)
  to   space 18944K, 0% used [0x00000000fac00000,0x00000000fac00000,0x00000000fbe80000)
 ParOldGen       total 104448K, used 32711K [0x00000000e0000000, 0x00000000e6600000, 0x00000000f5580000)
  object space 104448K, 31% used [0x00000000e0000000,0x00000000e1ff1fa8,0x00000000e6600000)
 Metaspace       used 69258K, capacity 75152K, committed 75392K, reserved 1114112K
  class space    used 8615K, capacity 10352K, committed 10368K, reserved 1048576K
}
Event: 25.542 GC heap before
{Heap before GC invocations=18 (full 3):
 PSYoungGen      total 105472K, used 100389K [0x00000000f5580000, 0x00000000fd100000, 0x0000000100000000)
  eden space 88576K, 100% used [0x00000000f5580000,0x00000000fac00000,0x00000000fac00000)
  from space 16896K, 69% used [0x00000000fc080000,0x00000000fcc095d8,0x00000000fd100000)
  to   space 18944K, 0% used [0x00000000fac00000,0x00000000fac00000,0x00000000fbe80000)
 ParOldGen       total 104448K, used 32711K [0x00000000e0000000, 0x00000000e6600000, 0x00000000f5580000)
  object space 104448K, 31% used [0x00000000e0000000,0x00000000e1ff1fa8,0x00000000e6600000)
 Metaspace       used 69746K, capacity 75730K, committed 76032K, reserved 1114112K
  class space    used 8676K, capacity 10394K, committed 10496K, reserved 1048576K
Event: 25.560 GC heap after
Heap after GC invocations=18 (full 3):
 PSYoungGen      total 107520K, used 10369K [0x00000000f5580000, 0x00000000fdb00000, 0x0000000100000000)
  eden space 88576K, 0% used [0x00000000f5580000,0x00000000f5580000,0x00000000fac00000)
  from space 18944K, 54% used [0x00000000fac00000,0x00000000fb620418,0x00000000fbe80000)
  to   space 18432K, 0% used [0x00000000fc900000,0x00000000fc900000,0x00000000fdb00000)
 ParOldGen       total 104448K, used 32711K [0x00000000e0000000, 0x00000000e6600000, 0x00000000f5580000)
  object space 104448K, 31% used [0x00000000e0000000,0x00000000e1ff1fa8,0x00000000e6600000)
 Metaspace       used 69746K, capacity 75730K, committed 76032K, reserved 1114112K
  class space    used 8676K, capacity 10394K, committed 10496K, reserved 1048576K
}

