# JRE version: Java(TM) SE Runtime Environment (8.0_45-b15) (build 1.8.0_45-b15)
# Java VM: Java HotSpot(TM) 64-Bit Server VM (25.45-b02 mixed mode windows-amd64 compressed oops)
Heap:
 PSYoungGen      total 144384K, used 36811K [0x00000000f5580000, 0x00000000ffc80000, 0x0000000100000000)
  eden space 128000K, 25% used [0x00000000f5580000,0x00000000f7557c98,0x00000000fd280000)
  from space 16384K, 25% used [0x00000000fe300000,0x00000000fe71b1a8,0x00000000ff300000)
  to   space 16896K, 0% used [0x00000000fd280000,0x00000000fd280000,0x00000000fe300000)
 ParOldGen       total 100864K, used 53867K [0x00000000e0000000, 0x00000000e6280000, 0x00000000f5580000)
  object space 100864K, 53% used [0x00000000e0000000,0x00000000e349ad88,0x00000000e6280000)
 Metaspace       used 84384K, capacity 91284K, committed 91392K, reserved 1128448K
  class space    used 10364K, capacity 12453K, committed 12544K, reserved 1048576K
GC Heap History (10 events):
Event: 179.220 GC heap before
{Heap before GC invocations=24 (full 5):
 PSYoungGen      total 133120K, used 128907K [0x00000000f5580000, 0x00000000feb80000, 0x0000000100000000)
  eden space 118784K, 100% used [0x00000000f5580000,0x00000000fc980000,0x00000000fc980000)
  from space 14336K, 70% used [0x00000000fdd80000,0x00000000fe762e90,0x00000000feb80000)
  to   space 17408K, 0% used [0x00000000fc980000,0x00000000fc980000,0x00000000fda80000)
 ParOldGen       total 100864K, used 48531K [0x00000000e0000000, 0x00000000e6280000, 0x00000000f5580000)
  object space 100864K, 48% used [0x00000000e0000000,0x00000000e2f64ee8,0x00000000e6280000)
 Metaspace       used 81410K, capacity 87936K, committed 88064K, reserved 1126400K
  class space    used 10102K, capacity 12002K, committed 12032K, reserved 1048576K
Event: 179.264 GC heap after
Heap after GC invocations=24 (full 5):
 PSYoungGen      total 136192K, used 10156K [0x00000000f5580000, 0x00000000ff500000, 0x0000000100000000)
  eden space 118784K, 0% used [0x00000000f5580000,0x00000000f5580000,0x00000000fc980000)
  from space 17408K, 58% used [0x00000000fc980000,0x00000000fd36b0c8,0x00000000fda80000)
  to   space 16896K, 0% used [0x00000000fe480000,0x00000000fe480000,0x00000000ff500000)
 ParOldGen       total 100864K, used 48539K [0x00000000e0000000, 0x00000000e6280000, 0x00000000f5580000)
  object space 100864K, 48% used [0x00000000e0000000,0x00000000e2f66ee8,0x00000000e6280000)
 Metaspace       used 81410K, capacity 87936K, committed 88064K, reserved 1126400K
  class space    used 10102K, capacity 12002K, committed 12032K, reserved 1048576K
}
Event: 181.698 GC heap before
{Heap before GC invocations=25 (full 5):
 PSYoungGen      total 136192K, used 128940K [0x00000000f5580000, 0x00000000ff500000, 0x0000000100000000)
  eden space 118784K, 100% used [0x00000000f5580000,0x00000000fc980000,0x00000000fc980000)
  from space 17408K, 58% used [0x00000000fc980000,0x00000000fd36b0c8,0x00000000fda80000)
  to   space 16896K, 0% used [0x00000000fe480000,0x00000000fe480000,0x00000000ff500000)
 ParOldGen       total 100864K, used 48539K [0x00000000e0000000, 0x00000000e6280000, 0x00000000f5580000)
  object space 100864K, 48% used [0x00000000e0000000,0x00000000e2f66ee8,0x00000000e6280000)
 Metaspace       used 81666K, capacity 88128K, committed 88320K, reserved 1126400K
  class space    used 10112K, capacity 12002K, committed 12032K, reserved 1048576K
Event: 181.718 GC heap after
Heap after GC invocations=25 (full 5):
 PSYoungGen      total 144384K, used 11887K [0x00000000f5580000, 0x00000000ff400000, 0x0000000100000000)
  eden space 128512K, 0% used [0x00000000f5580000,0x00000000f5580000,0x00000000fd300000)
  from space 15872K, 74% used [0x00000000fe480000,0x00000000ff01bd98,0x00000000ff400000)
  to   space 16896K, 0% used [0x00000000fd300000,0x00000000fd300000,0x00000000fe380000)
 ParOldGen       total 100864K, used 48547K [0x00000000e0000000, 0x00000000e6280000, 0x00000000f5580000)
  object space 100864K, 48% used [0x00000000e0000000,0x00000000e2f68ee8,0x00000000e6280000)
 Metaspace       used 81666K, capacity 88128K, committed 88320K, reserved 1126400K
  class space    used 10112K, capacity 12002K, committed 12032K, reserved 1048576K
}
Event: 187.273 GC heap before
{Heap before GC invocations=26 (full 5):
 PSYoungGen      total 144384K, used 37244K [0x00000000f5580000, 0x00000000ff400000, 0x0000000100000000)
  eden space 128512K, 19% used [0x00000000f5580000,0x00000000f6e43360,0x00000000fd300000)
  from space 15872K, 74% used [0x00000000fe480000,0x00000000ff01bd98,0x00000000ff400000)
  to   space 16896K, 0% used [0x00000000fd300000,0x00000000fd300000,0x00000000fe380000)
 ParOldGen       total 100864K, used 48547K [0x00000000e0000000, 0x00000000e6280000, 0x00000000f5580000)
  object space 100864K, 48% used [0x00000000e0000000,0x00000000e2f68ee8,0x00000000e6280000)
 Metaspace       used 81747K, capacity 88192K, committed 88320K, reserved 1126400K
  class space    used 10112K, capacity 12002K, committed 12032K, reserved 1048576K
Event: 187.287 GC heap after
Heap after GC invocations=26 (full 5):
 PSYoungGen      total 138752K, used 9948K [0x00000000f5580000, 0x00000000ff300000, 0x0000000100000000)
  eden space 128512K, 0% used [0x00000000f5580000,0x00000000f5580000,0x00000000fd300000)
  from space 10240K, 97% used [0x00000000fd300000,0x00000000fdcb7010,0x00000000fdd00000)
  to   space 16384K, 0% used [0x00000000fe300000,0x00000000fe300000,0x00000000ff300000)
 ParOldGen       total 100864K, used 48555K [0x00000000e0000000, 0x00000000e6280000, 0x00000000f5580000)
  object space 100864K, 48% used [0x00000000e0000000,0x00000000e2f6aee8,0x00000000e6280000)
 Metaspace       used 81747K, capacity 88192K, committed 88320K, reserved 1126400K
  class space    used 10112K, capacity 12002K, committed 12032K, reserved 1048576K
}
Event: 187.287 GC heap before
{Heap before GC invocations=27 (full 6):
 PSYoungGen      total 138752K, used 9948K [0x00000000f5580000, 0x00000000ff300000, 0x0000000100000000)
  eden space 128512K, 0% used [0x00000000f5580000,0x00000000f5580000,0x00000000fd300000)
  from space 10240K, 97% used [0x00000000fd300000,0x00000000fdcb7010,0x00000000fdd00000)
  to   space 16384K, 0% used [0x00000000fe300000,0x00000000fe300000,0x00000000ff300000)
 ParOldGen       total 100864K, used 48555K [0x00000000e0000000, 0x00000000e6280000, 0x00000000f5580000)
  object space 100864K, 48% used [0x00000000e0000000,0x00000000e2f6aee8,0x00000000e6280000)
 Metaspace       used 81747K, capacity 88192K, committed 88320K, reserved 1126400K
  class space    used 10112K, capacity 12002K, committed 12032K, reserved 1048576K
Event: 188.029 GC heap after
Heap after GC invocations=27 (full 6):
 PSYoungGen      total 138752K, used 0K [0x00000000f5580000, 0x00000000ff300000, 0x0000000100000000)
  eden space 128512K, 0% used [0x00000000f5580000,0x00000000f5580000,0x00000000fd300000)
  from space 10240K, 0% used [0x00000000fd300000,0x00000000fd300000,0x00000000fdd00000)
  to   space 16384K, 0% used [0x00000000fe300000,0x00000000fe300000,0x00000000ff300000)
 ParOldGen       total 100864K, used 53859K [0x00000000e0000000, 0x00000000e6280000, 0x00000000f5580000)
  object space 100864K, 53% used [0x00000000e0000000,0x00000000e3498d88,0x00000000e6280000)
 Metaspace       used 81747K, capacity 88192K, committed 88320K, reserved 1126400K
  class space    used 10112K, capacity 12002K, committed 12032K, reserved 1048576K
}
Event: 227.442 GC heap before
{Heap before GC invocations=28 (full 6):
 PSYoungGen      total 138752K, used 128512K [0x00000000f5580000, 0x00000000ff300000, 0x0000000100000000)
  eden space 128512K, 100% used [0x00000000f5580000,0x00000000fd300000,0x00000000fd300000)
  from space 10240K, 0% used [0x00000000fd300000,0x00000000fd300000,0x00000000fdd00000)
  to   space 16384K, 0% used [0x00000000fe300000,0x00000000fe300000,0x00000000ff300000)
 ParOldGen       total 100864K, used 53859K [0x00000000e0000000, 0x00000000e6280000, 0x00000000f5580000)
  object space 100864K, 53% used [0x00000000e0000000,0x00000000e3498d88,0x00000000e6280000)
 Metaspace       used 83202K, capacity 89968K, committed 90112K, reserved 1126400K
  class space    used 10233K, capacity 12229K, committed 12288K, reserved 1048576K
Event: 227.453 GC heap after
Heap after GC invocations=28 (full 6):
 PSYoungGen      total 144384K, used 4204K [0x00000000f5580000, 0x00000000ffc80000, 0x0000000100000000)
  eden space 128000K, 0% used [0x00000000f5580000,0x00000000f5580000,0x00000000fd280000)
  from space 16384K, 25% used [0x00000000fe300000,0x00000000fe71b1a8,0x00000000ff300000)
  to   space 16896K, 0% used [0x00000000fd280000,0x00000000fd280000,0x00000000fe300000)
 ParOldGen       total 100864K, used 53867K [0x00000000e0000000, 0x00000000e6280000, 0x00000000f5580000)
  object space 100864K, 53% used [0x00000000e0000000,0x00000000e349ad88,0x00000000e6280000)
 Metaspace       used 83202K, capacity 89968K, committed 90112K, reserved 1126400K
  class space    used 10233K, capacity 12229K, committed 12288K, reserved 1048576K
}

