# JRE version: Java(TM) SE Runtime Environment (8.0_45-b15) (build 1.8.0_45-b15)
# Java VM: Java HotSpot(TM) 64-Bit Server VM (25.45-b02 mixed mode windows-amd64 compressed oops)
Heap:
 PSYoungGen      total 46080K, used 37553K [0x00000000f5580000, 0x00000000f8880000, 0x0000000100000000)
  eden space 39936K, 94% used [0x00000000f5580000,0x00000000f7a2c438,0x00000000f7c80000)
  from space 6144K, 0% used [0x00000000f8280000,0x00000000f8280000,0x00000000f8880000)
  to   space 6144K, 0% used [0x00000000f7c80000,0x00000000f7c80000,0x00000000f8280000)
 ParOldGen       total 111616K, used 45285K [0x00000000e0000000, 0x00000000e6d00000, 0x00000000f5580000)
  object space 111616K, 40% used [0x00000000e0000000,0x00000000e2c39608,0x00000000e6d00000)
 Metaspace       used 95213K, capacity 102206K, committed 102528K, reserved 1138688K
  class space    used 11362K, capacity 13630K, committed 13696K, reserved 1048576K
GC Heap History (10 events):
Event: 6216.721 GC heap before
{Heap before GC invocations=331 (full 20):
 PSYoungGen      total 47104K, used 45468K [0x00000000f5580000, 0x00000000f8a00000, 0x0000000100000000)
  eden space 41472K, 100% used [0x00000000f5580000,0x00000000f7e00000,0x00000000f7e00000)
  from space 5632K, 70% used [0x00000000f8480000,0x00000000f8867360,0x00000000f8a00000)
  to   space 6144K, 0% used [0x00000000f7e00000,0x00000000f7e00000,0x00000000f8400000)
 ParOldGen       total 111616K, used 46197K [0x00000000e0000000, 0x00000000e6d00000, 0x00000000f5580000)
  object space 111616K, 41% used [0x00000000e0000000,0x00000000e2d1d5c8,0x00000000e6d00000)
 Metaspace       used 94462K, capacity 101518K, committed 101888K, reserved 1138688K
  class space    used 11282K, capacity 13532K, committed 13568K, reserved 1048576K
Event: 6216.729 GC heap after
Heap after GC invocations=331 (full 20):
 PSYoungGen      total 44544K, used 3404K [0x00000000f5580000, 0x00000000f8980000, 0x0000000100000000)
  eden space 40960K, 0% used [0x00000000f5580000,0x00000000f5580000,0x00000000f7d80000)
  from space 3584K, 95% used [0x00000000f7e00000,0x00000000f8153360,0x00000000f8180000)
  to   space 6144K, 0% used [0x00000000f8380000,0x00000000f8380000,0x00000000f8980000)
 ParOldGen       total 111616K, used 46197K [0x00000000e0000000, 0x00000000e6d00000, 0x00000000f5580000)
  object space 111616K, 41% used [0x00000000e0000000,0x00000000e2d1d5c8,0x00000000e6d00000)
 Metaspace       used 94462K, capacity 101518K, committed 101888K, reserved 1138688K
  class space    used 11282K, capacity 13532K, committed 13568K, reserved 1048576K
}
Event: 6221.214 GC heap before
{Heap before GC invocations=332 (full 20):
 PSYoungGen      total 44544K, used 44364K [0x00000000f5580000, 0x00000000f8980000, 0x0000000100000000)
  eden space 40960K, 100% used [0x00000000f5580000,0x00000000f7d80000,0x00000000f7d80000)
  from space 3584K, 95% used [0x00000000f7e00000,0x00000000f8153360,0x00000000f8180000)
  to   space 6144K, 0% used [0x00000000f8380000,0x00000000f8380000,0x00000000f8980000)
 ParOldGen       total 111616K, used 46197K [0x00000000e0000000, 0x00000000e6d00000, 0x00000000f5580000)
  object space 111616K, 41% used [0x00000000e0000000,0x00000000e2d1d5c8,0x00000000e6d00000)
 Metaspace       used 94490K, capacity 101582K, committed 101888K, reserved 1138688K
  class space    used 11283K, capacity 13532K, committed 13568K, reserved 1048576K
Event: 6221.225 GC heap after
Heap after GC invocations=332 (full 20):
 PSYoungGen      total 46080K, used 3740K [0x00000000f5580000, 0x00000000f8900000, 0x0000000100000000)
  eden space 40448K, 0% used [0x00000000f5580000,0x00000000f5580000,0x00000000f7d00000)
  from space 5632K, 66% used [0x00000000f8380000,0x00000000f8727370,0x00000000f8900000)
  to   space 6144K, 0% used [0x00000000f7d00000,0x00000000f7d00000,0x00000000f8300000)
 ParOldGen       total 111616K, used 46197K [0x00000000e0000000, 0x00000000e6d00000, 0x00000000f5580000)
  object space 111616K, 41% used [0x00000000e0000000,0x00000000e2d1d5c8,0x00000000e6d00000)
 Metaspace       used 94490K, capacity 101582K, committed 101888K, reserved 1138688K
  class space    used 11283K, capacity 13532K, committed 13568K, reserved 1048576K
}
Event: 6309.966 GC heap before
{Heap before GC invocations=333 (full 20):
 PSYoungGen      total 46080K, used 44188K [0x00000000f5580000, 0x00000000f8900000, 0x0000000100000000)
  eden space 40448K, 100% used [0x00000000f5580000,0x00000000f7d00000,0x00000000f7d00000)
  from space 5632K, 66% used [0x00000000f8380000,0x00000000f8727370,0x00000000f8900000)
  to   space 6144K, 0% used [0x00000000f7d00000,0x00000000f7d00000,0x00000000f8300000)
 ParOldGen       total 111616K, used 46197K [0x00000000e0000000, 0x00000000e6d00000, 0x00000000f5580000)
  object space 111616K, 41% used [0x00000000e0000000,0x00000000e2d1d5c8,0x00000000e6d00000)
 Metaspace       used 94506K, capacity 101582K, committed 101888K, reserved 1138688K
  class space    used 11283K, capacity 13532K, committed 13568K, reserved 1048576K
Event: 6309.975 GC heap after
Heap after GC invocations=333 (full 20):
 PSYoungGen      total 44032K, used 4012K [0x00000000f5580000, 0x00000000f8880000, 0x0000000100000000)
  eden space 39936K, 0% used [0x00000000f5580000,0x00000000f5580000,0x00000000f7c80000)
  from space 4096K, 97% used [0x00000000f7d00000,0x00000000f80eb250,0x00000000f8100000)
  to   space 6144K, 0% used [0x00000000f8280000,0x00000000f8280000,0x00000000f8880000)
 ParOldGen       total 111616K, used 46197K [0x00000000e0000000, 0x00000000e6d00000, 0x00000000f5580000)
  object space 111616K, 41% used [0x00000000e0000000,0x00000000e2d1d5c8,0x00000000e6d00000)
 Metaspace       used 94506K, capacity 101582K, committed 101888K, reserved 1138688K
  class space    used 11283K, capacity 13532K, committed 13568K, reserved 1048576K
}
Event: 6366.940 GC heap before
{Heap before GC invocations=334 (full 20):
 PSYoungGen      total 44032K, used 10797K [0x00000000f5580000, 0x00000000f8880000, 0x0000000100000000)
  eden space 39936K, 16% used [0x00000000f5580000,0x00000000f5c20510,0x00000000f7c80000)
  from space 4096K, 97% used [0x00000000f7d00000,0x00000000f80eb250,0x00000000f8100000)
  to   space 6144K, 0% used [0x00000000f8280000,0x00000000f8280000,0x00000000f8880000)
 ParOldGen       total 111616K, used 46197K [0x00000000e0000000, 0x00000000e6d00000, 0x00000000f5580000)
  object space 111616K, 41% used [0x00000000e0000000,0x00000000e2d1d5c8,0x00000000e6d00000)
 Metaspace       used 94508K, capacity 101582K, committed 101888K, reserved 1138688K
  class space    used 11283K, capacity 13532K, committed 13568K, reserved 1048576K
Event: 6366.948 GC heap after
Heap after GC invocations=334 (full 20):
 PSYoungGen      total 46080K, used 3461K [0x00000000f5580000, 0x00000000f8880000, 0x0000000100000000)
  eden space 39936K, 0% used [0x00000000f5580000,0x00000000f5580000,0x00000000f7c80000)
  from space 6144K, 56% used [0x00000000f8280000,0x00000000f85e15f0,0x00000000f8880000)
  to   space 6144K, 0% used [0x00000000f7c80000,0x00000000f7c80000,0x00000000f8280000)
 ParOldGen       total 111616K, used 46197K [0x00000000e0000000, 0x00000000e6d00000, 0x00000000f5580000)
  object space 111616K, 41% used [0x00000000e0000000,0x00000000e2d1d5c8,0x00000000e6d00000)
 Metaspace       used 94508K, capacity 101582K, committed 101888K, reserved 1138688K
  class space    used 11283K, capacity 13532K, committed 13568K, reserved 1048576K
}
Event: 6366.948 GC heap before
{Heap before GC invocations=335 (full 21):
 PSYoungGen      total 46080K, used 3461K [0x00000000f5580000, 0x00000000f8880000, 0x0000000100000000)
  eden space 39936K, 0% used [0x00000000f5580000,0x00000000f5580000,0x00000000f7c80000)
  from space 6144K, 56% used [0x00000000f8280000,0x00000000f85e15f0,0x00000000f8880000)
  to   space 6144K, 0% used [0x00000000f7c80000,0x00000000f7c80000,0x00000000f8280000)
 ParOldGen       total 111616K, used 46197K [0x00000000e0000000, 0x00000000e6d00000, 0x00000000f5580000)
  object space 111616K, 41% used [0x00000000e0000000,0x00000000e2d1d5c8,0x00000000e6d00000)
 Metaspace       used 94508K, capacity 101582K, committed 101888K, reserved 1138688K
  class space    used 11283K, capacity 13532K, committed 13568K, reserved 1048576K
Event: 6367.279 GC heap after
Heap after GC invocations=335 (full 21):
 PSYoungGen      total 46080K, used 0K [0x00000000f5580000, 0x00000000f8880000, 0x0000000100000000)
  eden space 39936K, 0% used [0x00000000f5580000,0x00000000f5580000,0x00000000f7c80000)
  from space 6144K, 0% used [0x00000000f8280000,0x00000000f8280000,0x00000000f8880000)
  to   space 6144K, 0% used [0x00000000f7c80000,0x00000000f7c80000,0x00000000f8280000)
 ParOldGen       total 111616K, used 45285K [0x00000000e0000000, 0x00000000e6d00000, 0x00000000f5580000)
  object space 111616K, 40% used [0x00000000e0000000,0x00000000e2c39608,0x00000000e6d00000)
 Metaspace       used 94508K, capacity 101582K, committed 101888K, reserved 1138688K
  class space    used 11283K, capacity 13532K, committed 13568K, reserved 1048576K
}

