# JRE version: Java(TM) SE Runtime Environment (8.0_45-b15) (build 1.8.0_45-b15)
# Java VM: Java HotSpot(TM) 64-Bit Server VM (25.45-b02 mixed mode windows-amd64 compressed oops)
Heap:
 PSYoungGen      total 108544K, used 97955K [0x00000000f5580000, 0x00000000fee80000, 0x0000000100000000)
  eden space 82432K, 87% used [0x00000000f5580000,0x00000000f9bb0a88,0x00000000fa600000)
  from space 26112K, 99% used [0x00000000fa600000,0x00000000fbf78318,0x00000000fbf80000)
  to   space 32256K, 0% used [0x00000000fcf00000,0x00000000fcf00000,0x00000000fee80000)
 ParOldGen       total 108032K, used 47252K [0x00000000e0000000, 0x00000000e6980000, 0x00000000f5580000)
  object space 108032K, 43% used [0x00000000e0000000,0x00000000e2e252a0,0x00000000e6980000)
 Metaspace       used 80182K, capacity 87050K, committed 87168K, reserved 1124352K
  class space    used 9997K, capacity 12099K, committed 12160K, reserved 1048576K
GC Heap History (10 events):
Event: 12.298 GC heap before
{Heap before GC invocations=12 (full 3):
 PSYoungGen      total 78848K, used 16360K [0x00000000f5580000, 0x00000000fc580000, 0x0000000100000000)
  eden space 62464K, 0% used [0x00000000f5580000,0x00000000f5580000,0x00000000f9280000)
  from space 16384K, 99% used [0x00000000f9280000,0x00000000fa27a290,0x00000000fa280000)
  to   space 20480K, 0% used [0x00000000fb180000,0x00000000fb180000,0x00000000fc580000)
 ParOldGen       total 74240K, used 26997K [0x00000000e0000000, 0x00000000e4880000, 0x00000000f5580000)
  object space 74240K, 36% used [0x00000000e0000000,0x00000000e1a5d420,0x00000000e4880000)
 Metaspace       used 55251K, capacity 59124K, committed 59136K, reserved 1099776K
  class space    used 6900K, capacity 8180K, committed 8192K, reserved 1048576K
Event: 12.649 GC heap after
Heap after GC invocations=12 (full 3):
 PSYoungGen      total 78848K, used 0K [0x00000000f5580000, 0x00000000fc580000, 0x0000000100000000)
  eden space 62464K, 0% used [0x00000000f5580000,0x00000000f5580000,0x00000000f9280000)
  from space 16384K, 0% used [0x00000000f9280000,0x00000000f9280000,0x00000000fa280000)
  to   space 20480K, 0% used [0x00000000fb180000,0x00000000fb180000,0x00000000fc580000)
 ParOldGen       total 108032K, used 39509K [0x00000000e0000000, 0x00000000e6980000, 0x00000000f5580000)
  object space 108032K, 36% used [0x00000000e0000000,0x00000000e26957b0,0x00000000e6980000)
 Metaspace       used 55251K, capacity 59124K, committed 59136K, reserved 1099776K
  class space    used 6900K, capacity 8180K, committed 8192K, reserved 1048576K
}
Event: 14.359 GC heap before
{Heap before GC invocations=13 (full 3):
 PSYoungGen      total 78848K, used 62464K [0x00000000f5580000, 0x00000000fc580000, 0x0000000100000000)
  eden space 62464K, 100% used [0x00000000f5580000,0x00000000f9280000,0x00000000f9280000)
  from space 16384K, 0% used [0x00000000f9280000,0x00000000f9280000,0x00000000fa280000)
  to   space 20480K, 0% used [0x00000000fb180000,0x00000000fb180000,0x00000000fc580000)
 ParOldGen       total 108032K, used 39509K [0x00000000e0000000, 0x00000000e6980000, 0x00000000f5580000)
  object space 108032K, 36% used [0x00000000e0000000,0x00000000e26957b0,0x00000000e6980000)
 Metaspace       used 59934K, capacity 64236K, committed 64512K, reserved 1105920K
  class space    used 7536K, capacity 8864K, committed 8960K, reserved 1048576K
Event: 14.399 GC heap after
Heap after GC invocations=13 (full 3):
 PSYoungGen      total 94208K, used 12059K [0x00000000f5580000, 0x00000000fc500000, 0x0000000100000000)
  eden space 74240K, 0% used [0x00000000f5580000,0x00000000f5580000,0x00000000f9e00000)
  from space 19968K, 60% used [0x00000000fb180000,0x00000000fbd46e88,0x00000000fc500000)
  to   space 19968K, 0% used [0x00000000f9e00000,0x00000000f9e00000,0x00000000fb180000)
 ParOldGen       total 108032K, used 39517K [0x00000000e0000000, 0x00000000e6980000, 0x00000000f5580000)
  object space 108032K, 36% used [0x00000000e0000000,0x00000000e26977b0,0x00000000e6980000)
 Metaspace       used 59934K, capacity 64236K, committed 64512K, reserved 1105920K
  class space    used 7536K, capacity 8864K, committed 8960K, reserved 1048576K
}
Event: 44.864 GC heap before
{Heap before GC invocations=14 (full 3):
 PSYoungGen      total 94208K, used 86299K [0x00000000f5580000, 0x00000000fc500000, 0x0000000100000000)
  eden space 74240K, 100% used [0x00000000f5580000,0x00000000f9e00000,0x00000000f9e00000)
  from space 19968K, 60% used [0x00000000fb180000,0x00000000fbd46e88,0x00000000fc500000)
  to   space 19968K, 0% used [0x00000000f9e00000,0x00000000f9e00000,0x00000000fb180000)
 ParOldGen       total 108032K, used 39517K [0x00000000e0000000, 0x00000000e6980000, 0x00000000f5580000)
  object space 108032K, 36% used [0x00000000e0000000,0x00000000e26977b0,0x00000000e6980000)
 Metaspace       used 67192K, capacity 72340K, committed 72448K, reserved 1112064K
  class space    used 8499K, capacity 10134K, committed 10240K, reserved 1048576K
Event: 44.896 GC heap after
Heap after GC invocations=14 (full 3):
 PSYoungGen      total 94208K, used 19964K [0x00000000f5580000, 0x00000000fd600000, 0x0000000100000000)
  eden space 74240K, 0% used [0x00000000f5580000,0x00000000f5580000,0x00000000f9e00000)
  from space 19968K, 99% used [0x00000000f9e00000,0x00000000fb17f0b8,0x00000000fb180000)
  to   space 23040K, 0% used [0x00000000fbf80000,0x00000000fbf80000,0x00000000fd600000)
 ParOldGen       total 108032K, used 40329K [0x00000000e0000000, 0x00000000e6980000, 0x00000000f5580000)
  object space 108032K, 37% used [0x00000000e0000000,0x00000000e27625a8,0x00000000e6980000)
 Metaspace       used 67192K, capacity 72340K, committed 72448K, reserved 1112064K
  class space    used 8499K, capacity 10134K, committed 10240K, reserved 1048576K
}
Event: 53.479 GC heap before
{Heap before GC invocations=15 (full 3):
 PSYoungGen      total 94208K, used 94204K [0x00000000f5580000, 0x00000000fd600000, 0x0000000100000000)
  eden space 74240K, 100% used [0x00000000f5580000,0x00000000f9e00000,0x00000000f9e00000)
  from space 19968K, 99% used [0x00000000f9e00000,0x00000000fb17f0b8,0x00000000fb180000)
  to   space 23040K, 0% used [0x00000000fbf80000,0x00000000fbf80000,0x00000000fd600000)
 ParOldGen       total 108032K, used 40329K [0x00000000e0000000, 0x00000000e6980000, 0x00000000f5580000)
  object space 108032K, 37% used [0x00000000e0000000,0x00000000e27625a8,0x00000000e6980000)
 Metaspace       used 69736K, capacity 75072K, committed 75264K, reserved 1114112K
  class space    used 8730K, capacity 10414K, committed 10496K, reserved 1048576K
Event: 53.547 GC heap after
Heap after GC invocations=15 (full 3):
 PSYoungGen      total 105472K, used 22379K [0x00000000f5580000, 0x00000000fdb00000, 0x0000000100000000)
  eden space 82432K, 0% used [0x00000000f5580000,0x00000000f5580000,0x00000000fa600000)
  from space 23040K, 97% used [0x00000000fbf80000,0x00000000fd55af10,0x00000000fd600000)
  to   space 26112K, 0% used [0x00000000fa600000,0x00000000fa600000,0x00000000fbf80000)
 ParOldGen       total 108032K, used 40337K [0x00000000e0000000, 0x00000000e6980000, 0x00000000f5580000)
  object space 108032K, 37% used [0x00000000e0000000,0x00000000e27645a8,0x00000000e6980000)
 Metaspace       used 69736K, capacity 75072K, committed 75264K, reserved 1114112K
  class space    used 8730K, capacity 10414K, committed 10496K, reserved 1048576K
}
Event: 86.034 GC heap before
{Heap before GC invocations=16 (full 3):
 PSYoungGen      total 105472K, used 104811K [0x00000000f5580000, 0x00000000fdb00000, 0x0000000100000000)
  eden space 82432K, 100% used [0x00000000f5580000,0x00000000fa600000,0x00000000fa600000)
  from space 23040K, 97% used [0x00000000fbf80000,0x00000000fd55af10,0x00000000fd600000)
  to   space 26112K, 0% used [0x00000000fa600000,0x00000000fa600000,0x00000000fbf80000)
 ParOldGen       total 108032K, used 40337K [0x00000000e0000000, 0x00000000e6980000, 0x00000000f5580000)
  object space 108032K, 37% used [0x00000000e0000000,0x00000000e27645a8,0x00000000e6980000)
 Metaspace       used 77615K, capacity 83948K, committed 84224K, reserved 1122304K
  class space    used 9728K, capacity 11694K, committed 11776K, reserved 1048576K
Event: 86.094 GC heap after
Heap after GC invocations=16 (full 3):
 PSYoungGen      total 108544K, used 26080K [0x00000000f5580000, 0x00000000fee80000, 0x0000000100000000)
  eden space 82432K, 0% used [0x00000000f5580000,0x00000000f5580000,0x00000000fa600000)
  from space 26112K, 99% used [0x00000000fa600000,0x00000000fbf78318,0x00000000fbf80000)
  to   space 32256K, 0% used [0x00000000fcf00000,0x00000000fcf00000,0x00000000fee80000)
 ParOldGen       total 108032K, used 47252K [0x00000000e0000000, 0x00000000e6980000, 0x00000000f5580000)
  object space 108032K, 43% used [0x00000000e0000000,0x00000000e2e252a0,0x00000000e6980000)
 Metaspace       used 77615K, capacity 83948K, committed 84224K, reserved 1122304K
  class space    used 9728K, capacity 11694K, committed 11776K, reserved 1048576K
}

