# JRE version: Java(TM) SE Runtime Environment (8.0_45-b15) (build 1.8.0_45-b15)
# Java VM: Java HotSpot(TM) 64-Bit Server VM (25.45-b02 mixed mode windows-amd64 compressed oops)
Heap:
 PSYoungGen      total 98816K, used 85937K [0x00000000f5580000, 0x00000000fdf80000, 0x0000000100000000)
  eden space 90112K, 86% used [0x00000000f5580000,0x00000000fa13eaf8,0x00000000fad80000)
  from space 8704K, 96% used [0x00000000fb000000,0x00000000fb82dca0,0x00000000fb880000)
  to   space 25600K, 0% used [0x00000000fc680000,0x00000000fc680000,0x00000000fdf80000)
 ParOldGen       total 111616K, used 65375K [0x00000000e0000000, 0x00000000e6d00000, 0x00000000f5580000)
  object space 111616K, 58% used [0x00000000e0000000,0x00000000e3fd7f28,0x00000000e6d00000)
 Metaspace       used 89352K, capacity 96074K, committed 96256K, reserved 1132544K
  class space    used 10688K, capacity 12779K, committed 12800K, reserved 1048576K
GC Heap History (10 events):
Event: 498.653 GC heap before
{Heap before GC invocations=49 (full 4):
 PSYoungGen      total 125952K, used 121112K [0x00000000f5580000, 0x00000000fed80000, 0x0000000100000000)
  eden space 104448K, 100% used [0x00000000f5580000,0x00000000fbb80000,0x00000000fbb80000)
  from space 21504K, 77% used [0x00000000fd880000,0x00000000fe8c6208,0x00000000fed80000)
  to   space 25600K, 0% used [0x00000000fbb80000,0x00000000fbb80000,0x00000000fd480000)
 ParOldGen       total 111616K, used 55259K [0x00000000e0000000, 0x00000000e6d00000, 0x00000000f5580000)
  object space 111616K, 49% used [0x00000000e0000000,0x00000000e35f6d80,0x00000000e6d00000)
 Metaspace       used 87111K, capacity 93884K, committed 94080K, reserved 1130496K
  class space    used 10421K, capacity 12409K, committed 12416K, reserved 1048576K
Event: 498.685 GC heap after
Heap after GC invocations=49 (full 4):
 PSYoungGen      total 120320K, used 18754K [0x00000000f5580000, 0x00000000fea80000, 0x0000000100000000)
  eden space 101376K, 0% used [0x00000000f5580000,0x00000000f5580000,0x00000000fb880000)
  from space 18944K, 98% used [0x00000000fbb80000,0x00000000fcdd08e0,0x00000000fce00000)
  to   space 25600K, 0% used [0x00000000fd180000,0x00000000fd180000,0x00000000fea80000)
 ParOldGen       total 111616K, used 55615K [0x00000000e0000000, 0x00000000e6d00000, 0x00000000f5580000)
  object space 111616K, 49% used [0x00000000e0000000,0x00000000e364fd90,0x00000000e6d00000)
 Metaspace       used 87111K, capacity 93884K, committed 94080K, reserved 1130496K
  class space    used 10421K, capacity 12409K, committed 12416K, reserved 1048576K
}
Event: 511.511 GC heap before
{Heap before GC invocations=50 (full 4):
 PSYoungGen      total 120320K, used 120130K [0x00000000f5580000, 0x00000000fea80000, 0x0000000100000000)
  eden space 101376K, 100% used [0x00000000f5580000,0x00000000fb880000,0x00000000fb880000)
  from space 18944K, 98% used [0x00000000fbb80000,0x00000000fcdd08e0,0x00000000fce00000)
  to   space 25600K, 0% used [0x00000000fd180000,0x00000000fd180000,0x00000000fea80000)
 ParOldGen       total 111616K, used 55615K [0x00000000e0000000, 0x00000000e6d00000, 0x00000000f5580000)
  object space 111616K, 49% used [0x00000000e0000000,0x00000000e364fd90,0x00000000e6d00000)
 Metaspace       used 87208K, capacity 93948K, committed 94080K, reserved 1130496K
  class space    used 10421K, capacity 12409K, committed 12416K, reserved 1048576K
Event: 511.548 GC heap after
Heap after GC invocations=50 (full 4):
 PSYoungGen      total 119808K, used 16545K [0x00000000f5580000, 0x00000000fe680000, 0x0000000100000000)
  eden space 98304K, 0% used [0x00000000f5580000,0x00000000f5580000,0x00000000fb580000)
  from space 21504K, 76% used [0x00000000fd180000,0x00000000fe1a8558,0x00000000fe680000)
  to   space 25088K, 0% used [0x00000000fb580000,0x00000000fb580000,0x00000000fce00000)
 ParOldGen       total 111616K, used 55691K [0x00000000e0000000, 0x00000000e6d00000, 0x00000000f5580000)
  object space 111616K, 49% used [0x00000000e0000000,0x00000000e3662de0,0x00000000e6d00000)
 Metaspace       used 87208K, capacity 93948K, committed 94080K, reserved 1130496K
  class space    used 10421K, capacity 12409K, committed 12416K, reserved 1048576K
}
Event: 550.753 GC heap before
{Heap before GC invocations=51 (full 4):
 PSYoungGen      total 119808K, used 114849K [0x00000000f5580000, 0x00000000fe680000, 0x0000000100000000)
  eden space 98304K, 100% used [0x00000000f5580000,0x00000000fb580000,0x00000000fb580000)
  from space 21504K, 76% used [0x00000000fd180000,0x00000000fe1a8558,0x00000000fe680000)
  to   space 25088K, 0% used [0x00000000fb580000,0x00000000fb580000,0x00000000fce00000)
 ParOldGen       total 111616K, used 55691K [0x00000000e0000000, 0x00000000e6d00000, 0x00000000f5580000)
  object space 111616K, 49% used [0x00000000e0000000,0x00000000e3662de0,0x00000000e6d00000)
 Metaspace       used 87226K, capacity 93948K, committed 94080K, reserved 1130496K
  class space    used 10421K, capacity 12409K, committed 12416K, reserved 1048576K
Event: 550.787 GC heap after
Heap after GC invocations=51 (full 4):
 PSYoungGen      total 109056K, used 13416K [0x00000000f5580000, 0x00000000fe280000, 0x0000000100000000)
  eden space 95232K, 0% used [0x00000000f5580000,0x00000000f5580000,0x00000000fb280000)
  from space 13824K, 97% used [0x00000000fb580000,0x00000000fc29a0f0,0x00000000fc300000)
  to   space 24576K, 0% used [0x00000000fca80000,0x00000000fca80000,0x00000000fe280000)
 ParOldGen       total 111616K, used 58940K [0x00000000e0000000, 0x00000000e6d00000, 0x00000000f5580000)
  object space 111616K, 52% used [0x00000000e0000000,0x00000000e398f048,0x00000000e6d00000)
 Metaspace       used 87226K, capacity 93948K, committed 94080K, reserved 1130496K
  class space    used 10421K, capacity 12409K, committed 12416K, reserved 1048576K
}
Event: 554.785 GC heap before
{Heap before GC invocations=52 (full 4):
 PSYoungGen      total 109056K, used 108648K [0x00000000f5580000, 0x00000000fe280000, 0x0000000100000000)
  eden space 95232K, 100% used [0x00000000f5580000,0x00000000fb280000,0x00000000fb280000)
  from space 13824K, 97% used [0x00000000fb580000,0x00000000fc29a0f0,0x00000000fc300000)
  to   space 24576K, 0% used [0x00000000fca80000,0x00000000fca80000,0x00000000fe280000)
 ParOldGen       total 111616K, used 58940K [0x00000000e0000000, 0x00000000e6d00000, 0x00000000f5580000)
  object space 111616K, 52% used [0x00000000e0000000,0x00000000e398f048,0x00000000e6d00000)
 Metaspace       used 87248K, capacity 93948K, committed 94080K, reserved 1130496K
  class space    used 10421K, capacity 12409K, committed 12416K, reserved 1048576K
Event: 554.814 GC heap after
Heap after GC invocations=52 (full 4):
 PSYoungGen      total 115712K, used 8584K [0x00000000f5580000, 0x00000000fe100000, 0x0000000100000000)
  eden space 92672K, 0% used [0x00000000f5580000,0x00000000f5580000,0x00000000fb000000)
  from space 23040K, 37% used [0x00000000fca80000,0x00000000fd2e2090,0x00000000fe100000)
  to   space 25088K, 0% used [0x00000000fb000000,0x00000000fb000000,0x00000000fc880000)
 ParOldGen       total 111616K, used 64077K [0x00000000e0000000, 0x00000000e6d00000, 0x00000000f5580000)
  object space 111616K, 57% used [0x00000000e0000000,0x00000000e3e93688,0x00000000e6d00000)
 Metaspace       used 87248K, capacity 93948K, committed 94080K, reserved 1130496K
  class space    used 10421K, capacity 12409K, committed 12416K, reserved 1048576K
}
Event: 577.807 GC heap before
{Heap before GC invocations=53 (full 4):
 PSYoungGen      total 115712K, used 101256K [0x00000000f5580000, 0x00000000fe100000, 0x0000000100000000)
  eden space 92672K, 100% used [0x00000000f5580000,0x00000000fb000000,0x00000000fb000000)
  from space 23040K, 37% used [0x00000000fca80000,0x00000000fd2e2090,0x00000000fe100000)
  to   space 25088K, 0% used [0x00000000fb000000,0x00000000fb000000,0x00000000fc880000)
 ParOldGen       total 111616K, used 64077K [0x00000000e0000000, 0x00000000e6d00000, 0x00000000f5580000)
  object space 111616K, 57% used [0x00000000e0000000,0x00000000e3e93688,0x00000000e6d00000)
 Metaspace       used 87860K, capacity 94500K, committed 94720K, reserved 1132544K
  class space    used 10474K, capacity 12445K, committed 12544K, reserved 1048576K
Event: 577.828 GC heap after
Heap after GC invocations=53 (full 4):
 PSYoungGen      total 98816K, used 8375K [0x00000000f5580000, 0x00000000fdf80000, 0x0000000100000000)
  eden space 90112K, 0% used [0x00000000f5580000,0x00000000f5580000,0x00000000fad80000)
  from space 8704K, 96% used [0x00000000fb000000,0x00000000fb82dca0,0x00000000fb880000)
  to   space 25600K, 0% used [0x00000000fc680000,0x00000000fc680000,0x00000000fdf80000)
 ParOldGen       total 111616K, used 65375K [0x00000000e0000000, 0x00000000e6d00000, 0x00000000f5580000)
  object space 111616K, 58% used [0x00000000e0000000,0x00000000e3fd7f28,0x00000000e6d00000)
 Metaspace       used 87860K, capacity 94500K, committed 94720K, reserved 1132544K
  class space    used 10474K, capacity 12445K, committed 12544K, reserved 1048576K
}

