# JRE version: Java(TM) SE Runtime Environment (8.0_45-b15) (build 1.8.0_45-b15)
# Java VM: Java HotSpot(TM) 64-Bit Server VM (25.45-b02 mixed mode windows-amd64 compressed oops)
Heap:
 PSYoungGen      total 120320K, used 62487K [0x00000000f5580000, 0x00000000fd680000, 0x0000000100000000)
  eden space 110080K, 50% used [0x00000000f5580000,0x00000000f8c22e08,0x00000000fc100000)
  from space 10240K, 63% used [0x00000000fcb80000,0x00000000fd1e3198,0x00000000fd580000)
  to   space 10752K, 0% used [0x00000000fc100000,0x00000000fc100000,0x00000000fcb80000)
 ParOldGen       total 110080K, used 56645K [0x00000000e0000000, 0x00000000e6b80000, 0x00000000f5580000)
  object space 110080K, 51% used [0x00000000e0000000,0x00000000e37514a0,0x00000000e6b80000)
 Metaspace       used 96981K, capacity 103820K, committed 104064K, reserved 1140736K
  class space    used 11605K, capacity 13663K, committed 13696K, reserved 1048576K
GC Heap History (10 events):
Event: 2653.435 GC heap before
{Heap before GC invocations=81 (full 17):
 PSYoungGen      total 117760K, used 112643K [0x00000000f5580000, 0x00000000fd280000, 0x0000000100000000)
  eden space 108544K, 100% used [0x00000000f5580000,0x00000000fbf80000,0x00000000fbf80000)
  from space 9216K, 44% used [0x00000000fbf80000,0x00000000fc380de8,0x00000000fc880000)
  to   space 9216K, 0% used [0x00000000fc980000,0x00000000fc980000,0x00000000fd280000)
 ParOldGen       total 110080K, used 56621K [0x00000000e0000000, 0x00000000e6b80000, 0x00000000f5580000)
  object space 110080K, 51% used [0x00000000e0000000,0x00000000e374b4a0,0x00000000e6b80000)
 Metaspace       used 96283K, capacity 103156K, committed 103296K, reserved 1138688K
  class space    used 11554K, capacity 13659K, committed 13696K, reserved 1048576K
Event: 2653.447 GC heap after
Heap after GC invocations=81 (full 17):
 PSYoungGen      total 117760K, used 7514K [0x00000000f5580000, 0x00000000fd480000, 0x0000000100000000)
  eden space 108544K, 0% used [0x00000000f5580000,0x00000000f5580000,0x00000000fbf80000)
  from space 9216K, 81% used [0x00000000fc980000,0x00000000fd0d6b58,0x00000000fd280000)
  to   space 10240K, 0% used [0x00000000fbf80000,0x00000000fbf80000,0x00000000fc980000)
 ParOldGen       total 110080K, used 56629K [0x00000000e0000000, 0x00000000e6b80000, 0x00000000f5580000)
  object space 110080K, 51% used [0x00000000e0000000,0x00000000e374d4a0,0x00000000e6b80000)
 Metaspace       used 96283K, capacity 103156K, committed 103296K, reserved 1138688K
  class space    used 11554K, capacity 13659K, committed 13696K, reserved 1048576K
}
Event: 2663.230 GC heap before
{Heap before GC invocations=82 (full 17):
 PSYoungGen      total 117760K, used 116058K [0x00000000f5580000, 0x00000000fd480000, 0x0000000100000000)
  eden space 108544K, 100% used [0x00000000f5580000,0x00000000fbf80000,0x00000000fbf80000)
  from space 9216K, 81% used [0x00000000fc980000,0x00000000fd0d6b58,0x00000000fd280000)
  to   space 10240K, 0% used [0x00000000fbf80000,0x00000000fbf80000,0x00000000fc980000)
 ParOldGen       total 110080K, used 56629K [0x00000000e0000000, 0x00000000e6b80000, 0x00000000f5580000)
  object space 110080K, 51% used [0x00000000e0000000,0x00000000e374d4a0,0x00000000e6b80000)
 Metaspace       used 96335K, capacity 103156K, committed 103296K, reserved 1138688K
  class space    used 11554K, capacity 13659K, committed 13696K, reserved 1048576K
Event: 2663.239 GC heap after
Heap after GC invocations=82 (full 17):
 PSYoungGen      total 118784K, used 4690K [0x00000000f5580000, 0x00000000fd480000, 0x0000000100000000)
  eden space 108544K, 0% used [0x00000000f5580000,0x00000000f5580000,0x00000000fbf80000)
  from space 10240K, 45% used [0x00000000fbf80000,0x00000000fc414ab8,0x00000000fc980000)
  to   space 10240K, 0% used [0x00000000fca80000,0x00000000fca80000,0x00000000fd480000)
 ParOldGen       total 110080K, used 56637K [0x00000000e0000000, 0x00000000e6b80000, 0x00000000f5580000)
  object space 110080K, 51% used [0x00000000e0000000,0x00000000e374f4a0,0x00000000e6b80000)
 Metaspace       used 96335K, capacity 103156K, committed 103296K, reserved 1138688K
  class space    used 11554K, capacity 13659K, committed 13696K, reserved 1048576K
}
Event: 2667.230 GC heap before
{Heap before GC invocations=83 (full 17):
 PSYoungGen      total 118784K, used 113234K [0x00000000f5580000, 0x00000000fd480000, 0x0000000100000000)
  eden space 108544K, 100% used [0x00000000f5580000,0x00000000fbf80000,0x00000000fbf80000)
  from space 10240K, 45% used [0x00000000fbf80000,0x00000000fc414ab8,0x00000000fc980000)
  to   space 10240K, 0% used [0x00000000fca80000,0x00000000fca80000,0x00000000fd480000)
 ParOldGen       total 110080K, used 56637K [0x00000000e0000000, 0x00000000e6b80000, 0x00000000f5580000)
  object space 110080K, 51% used [0x00000000e0000000,0x00000000e374f4a0,0x00000000e6b80000)
 Metaspace       used 96346K, capacity 103156K, committed 103296K, reserved 1138688K
  class space    used 11554K, capacity 13659K, committed 13696K, reserved 1048576K
Event: 2667.241 GC heap after
Heap after GC invocations=83 (full 17):
 PSYoungGen      total 119808K, used 5301K [0x00000000f5580000, 0x00000000fd480000, 0x0000000100000000)
  eden space 109568K, 0% used [0x00000000f5580000,0x00000000f5580000,0x00000000fc080000)
  from space 10240K, 51% used [0x00000000fca80000,0x00000000fcfad6f8,0x00000000fd480000)
  to   space 10240K, 0% used [0x00000000fc080000,0x00000000fc080000,0x00000000fca80000)
 ParOldGen       total 110080K, used 56637K [0x00000000e0000000, 0x00000000e6b80000, 0x00000000f5580000)
  object space 110080K, 51% used [0x00000000e0000000,0x00000000e374f4a0,0x00000000e6b80000)
 Metaspace       used 96346K, capacity 103156K, committed 103296K, reserved 1138688K
  class space    used 11554K, capacity 13659K, committed 13696K, reserved 1048576K
}
Event: 2671.365 GC heap before
{Heap before GC invocations=84 (full 17):
 PSYoungGen      total 119808K, used 114869K [0x00000000f5580000, 0x00000000fd480000, 0x0000000100000000)
  eden space 109568K, 100% used [0x00000000f5580000,0x00000000fc080000,0x00000000fc080000)
  from space 10240K, 51% used [0x00000000fca80000,0x00000000fcfad6f8,0x00000000fd480000)
  to   space 10240K, 0% used [0x00000000fc080000,0x00000000fc080000,0x00000000fca80000)
 ParOldGen       total 110080K, used 56637K [0x00000000e0000000, 0x00000000e6b80000, 0x00000000f5580000)
  object space 110080K, 51% used [0x00000000e0000000,0x00000000e374f4a0,0x00000000e6b80000)
 Metaspace       used 96377K, capacity 103220K, committed 103552K, reserved 1138688K
  class space    used 11554K, capacity 13659K, committed 13696K, reserved 1048576K
Event: 2671.380 GC heap after
Heap after GC invocations=84 (full 17):
 PSYoungGen      total 119808K, used 5893K [0x00000000f5580000, 0x00000000fd580000, 0x0000000100000000)
  eden space 109568K, 0% used [0x00000000f5580000,0x00000000f5580000,0x00000000fc080000)
  from space 10240K, 57% used [0x00000000fc080000,0x00000000fc641708,0x00000000fca80000)
  to   space 10240K, 0% used [0x00000000fcb80000,0x00000000fcb80000,0x00000000fd580000)
 ParOldGen       total 110080K, used 56637K [0x00000000e0000000, 0x00000000e6b80000, 0x00000000f5580000)
  object space 110080K, 51% used [0x00000000e0000000,0x00000000e374f4a0,0x00000000e6b80000)
 Metaspace       used 96377K, capacity 103220K, committed 103552K, reserved 1138688K
  class space    used 11554K, capacity 13659K, committed 13696K, reserved 1048576K
}
Event: 2721.924 GC heap before
{Heap before GC invocations=85 (full 17):
 PSYoungGen      total 119808K, used 115461K [0x00000000f5580000, 0x00000000fd580000, 0x0000000100000000)
  eden space 109568K, 100% used [0x00000000f5580000,0x00000000fc080000,0x00000000fc080000)
  from space 10240K, 57% used [0x00000000fc080000,0x00000000fc641708,0x00000000fca80000)
  to   space 10240K, 0% used [0x00000000fcb80000,0x00000000fcb80000,0x00000000fd580000)
 ParOldGen       total 110080K, used 56637K [0x00000000e0000000, 0x00000000e6b80000, 0x00000000f5580000)
  object space 110080K, 51% used [0x00000000e0000000,0x00000000e374f4a0,0x00000000e6b80000)
 Metaspace       used 96474K, capacity 103290K, committed 103552K, reserved 1138688K
  class space    used 11555K, capacity 13660K, committed 13696K, reserved 1048576K
Event: 2721.937 GC heap after
Heap after GC invocations=85 (full 17):
 PSYoungGen      total 120320K, used 6540K [0x00000000f5580000, 0x00000000fd680000, 0x0000000100000000)
  eden space 110080K, 0% used [0x00000000f5580000,0x00000000f5580000,0x00000000fc100000)
  from space 10240K, 63% used [0x00000000fcb80000,0x00000000fd1e3198,0x00000000fd580000)
  to   space 10752K, 0% used [0x00000000fc100000,0x00000000fc100000,0x00000000fcb80000)
 ParOldGen       total 110080K, used 56645K [0x00000000e0000000, 0x00000000e6b80000, 0x00000000f5580000)
  object space 110080K, 51% used [0x00000000e0000000,0x00000000e37514a0,0x00000000e6b80000)
 Metaspace       used 96474K, capacity 103290K, committed 103552K, reserved 1138688K
  class space    used 11555K, capacity 13660K, committed 13696K, reserved 1048576K
}

