# JRE version: Java(TM) SE Runtime Environment (8.0_45-b15) (build 1.8.0_45-b15)
# Java VM: Java HotSpot(TM) 64-Bit Server VM (25.45-b02 mixed mode windows-amd64 compressed oops)
Heap:
 PSYoungGen      total 117248K, used 22912K [0x00000000f5580000, 0x00000000fd880000, 0x0000000100000000)
  eden space 100352K, 17% used [0x00000000f5580000,0x00000000f66475e0,0x00000000fb780000)
  from space 16896K, 33% used [0x00000000fb780000,0x00000000fbd18d40,0x00000000fc800000)
  to   space 16384K, 0% used [0x00000000fc880000,0x00000000fc880000,0x00000000fd880000)
 ParOldGen       total 98304K, used 60758K [0x00000000e0000000, 0x00000000e6000000, 0x00000000f5580000)
  object space 98304K, 61% used [0x00000000e0000000,0x00000000e3b55928,0x00000000e6000000)
 Metaspace       used 97580K, capacity 104492K, committed 104704K, reserved 1140736K
  class space    used 11734K, capacity 13807K, committed 13824K, reserved 1048576K
GC Heap History (10 events):
Event: 679.861 GC heap before
{Heap before GC invocations=63 (full 6):
 PSYoungGen      total 120320K, used 99616K [0x00000000f5580000, 0x00000000fe000000, 0x0000000100000000)
  eden space 98304K, 100% used [0x00000000f5580000,0x00000000fb580000,0x00000000fb580000)
  from space 22016K, 5% used [0x00000000fca80000,0x00000000fcbc8000,0x00000000fe000000)
  to   space 21504K, 0% used [0x00000000fb580000,0x00000000fb580000,0x00000000fca80000)
 ParOldGen       total 98304K, used 60726K [0x00000000e0000000, 0x00000000e6000000, 0x00000000f5580000)
  object space 98304K, 61% used [0x00000000e0000000,0x00000000e3b4d928,0x00000000e6000000)
 Metaspace       used 95207K, capacity 102052K, committed 102144K, reserved 1138688K
  class space    used 11535K, capacity 13513K, committed 13568K, reserved 1048576K
Event: 679.876 GC heap after
Heap after GC invocations=63 (full 6):
 PSYoungGen      total 119808K, used 5168K [0x00000000f5580000, 0x00000000fde80000, 0x0000000100000000)
  eden space 98304K, 0% used [0x00000000f5580000,0x00000000f5580000,0x00000000fb580000)
  from space 21504K, 24% used [0x00000000fb580000,0x00000000fba8c218,0x00000000fca80000)
  to   space 20480K, 0% used [0x00000000fca80000,0x00000000fca80000,0x00000000fde80000)
 ParOldGen       total 98304K, used 60734K [0x00000000e0000000, 0x00000000e6000000, 0x00000000f5580000)
  object space 98304K, 61% used [0x00000000e0000000,0x00000000e3b4f928,0x00000000e6000000)
 Metaspace       used 95207K, capacity 102052K, committed 102144K, reserved 1138688K
  class space    used 11535K, capacity 13513K, committed 13568K, reserved 1048576K
}
Event: 726.790 GC heap before
{Heap before GC invocations=64 (full 6):
 PSYoungGen      total 119808K, used 103472K [0x00000000f5580000, 0x00000000fde80000, 0x0000000100000000)
  eden space 98304K, 100% used [0x00000000f5580000,0x00000000fb580000,0x00000000fb580000)
  from space 21504K, 24% used [0x00000000fb580000,0x00000000fba8c218,0x00000000fca80000)
  to   space 20480K, 0% used [0x00000000fca80000,0x00000000fca80000,0x00000000fde80000)
 ParOldGen       total 98304K, used 60734K [0x00000000e0000000, 0x00000000e6000000, 0x00000000f5580000)
  object space 98304K, 61% used [0x00000000e0000000,0x00000000e3b4f928,0x00000000e6000000)
 Metaspace       used 96247K, capacity 103172K, committed 103296K, reserved 1138688K
  class space    used 11636K, capacity 13673K, committed 13696K, reserved 1048576K
Event: 726.809 GC heap after
Heap after GC invocations=64 (full 6):
 PSYoungGen      total 117760K, used 6971K [0x00000000f5580000, 0x00000000fdc80000, 0x0000000100000000)
  eden space 99328K, 0% used [0x00000000f5580000,0x00000000f5580000,0x00000000fb680000)
  from space 18432K, 37% used [0x00000000fca80000,0x00000000fd14ef00,0x00000000fdc80000)
  to   space 19456K, 0% used [0x00000000fb680000,0x00000000fb680000,0x00000000fc980000)
 ParOldGen       total 98304K, used 60742K [0x00000000e0000000, 0x00000000e6000000, 0x00000000f5580000)
  object space 98304K, 61% used [0x00000000e0000000,0x00000000e3b51928,0x00000000e6000000)
 Metaspace       used 96247K, capacity 103172K, committed 103296K, reserved 1138688K
  class space    used 11636K, capacity 13673K, committed 13696K, reserved 1048576K
}
Event: 728.867 GC heap before
{Heap before GC invocations=65 (full 6):
 PSYoungGen      total 117760K, used 106299K [0x00000000f5580000, 0x00000000fdc80000, 0x0000000100000000)
  eden space 99328K, 100% used [0x00000000f5580000,0x00000000fb680000,0x00000000fb680000)
  from space 18432K, 37% used [0x00000000fca80000,0x00000000fd14ef00,0x00000000fdc80000)
  to   space 19456K, 0% used [0x00000000fb680000,0x00000000fb680000,0x00000000fc980000)
 ParOldGen       total 98304K, used 60742K [0x00000000e0000000, 0x00000000e6000000, 0x00000000f5580000)
  object space 98304K, 61% used [0x00000000e0000000,0x00000000e3b51928,0x00000000e6000000)
 Metaspace       used 96277K, capacity 103172K, committed 103296K, reserved 1138688K
  class space    used 11636K, capacity 13673K, committed 13696K, reserved 1048576K
Event: 728.887 GC heap after
Heap after GC invocations=65 (full 6):
 PSYoungGen      total 118784K, used 7009K [0x00000000f5580000, 0x00000000fdb00000, 0x0000000100000000)
  eden space 99328K, 0% used [0x00000000f5580000,0x00000000f5580000,0x00000000fb680000)
  from space 19456K, 36% used [0x00000000fb680000,0x00000000fbd58670,0x00000000fc980000)
  to   space 17920K, 0% used [0x00000000fc980000,0x00000000fc980000,0x00000000fdb00000)
 ParOldGen       total 98304K, used 60742K [0x00000000e0000000, 0x00000000e6000000, 0x00000000f5580000)
  object space 98304K, 61% used [0x00000000e0000000,0x00000000e3b51928,0x00000000e6000000)
 Metaspace       used 96277K, capacity 103172K, committed 103296K, reserved 1138688K
  class space    used 11636K, capacity 13673K, committed 13696K, reserved 1048576K
}
Event: 794.917 GC heap before
{Heap before GC invocations=66 (full 6):
 PSYoungGen      total 118784K, used 106337K [0x00000000f5580000, 0x00000000fdb00000, 0x0000000100000000)
  eden space 99328K, 100% used [0x00000000f5580000,0x00000000fb680000,0x00000000fb680000)
  from space 19456K, 36% used [0x00000000fb680000,0x00000000fbd58670,0x00000000fc980000)
  to   space 17920K, 0% used [0x00000000fc980000,0x00000000fc980000,0x00000000fdb00000)
 ParOldGen       total 98304K, used 60742K [0x00000000e0000000, 0x00000000e6000000, 0x00000000f5580000)
  object space 98304K, 61% used [0x00000000e0000000,0x00000000e3b51928,0x00000000e6000000)
 Metaspace       used 96724K, capacity 103830K, committed 104064K, reserved 1140736K
  class space    used 11653K, capacity 13676K, committed 13696K, reserved 1048576K
Event: 794.939 GC heap after
Heap after GC invocations=66 (full 6):
 PSYoungGen      total 115712K, used 6792K [0x00000000f5580000, 0x00000000fd880000, 0x0000000100000000)
  eden space 100352K, 0% used [0x00000000f5580000,0x00000000f5580000,0x00000000fb780000)
  from space 15360K, 44% used [0x00000000fc980000,0x00000000fd022300,0x00000000fd880000)
  to   space 16896K, 0% used [0x00000000fb780000,0x00000000fb780000,0x00000000fc800000)
 ParOldGen       total 98304K, used 60750K [0x00000000e0000000, 0x00000000e6000000, 0x00000000f5580000)
  object space 98304K, 61% used [0x00000000e0000000,0x00000000e3b53928,0x00000000e6000000)
 Metaspace       used 96724K, capacity 103830K, committed 104064K, reserved 1140736K
  class space    used 11653K, capacity 13676K, committed 13696K, reserved 1048576K
}
Event: 862.177 GC heap before
{Heap before GC invocations=67 (full 6):
 PSYoungGen      total 115712K, used 107144K [0x00000000f5580000, 0x00000000fd880000, 0x0000000100000000)
  eden space 100352K, 100% used [0x00000000f5580000,0x00000000fb780000,0x00000000fb780000)
  from space 15360K, 44% used [0x00000000fc980000,0x00000000fd022300,0x00000000fd880000)
  to   space 16896K, 0% used [0x00000000fb780000,0x00000000fb780000,0x00000000fc800000)
 ParOldGen       total 98304K, used 60750K [0x00000000e0000000, 0x00000000e6000000, 0x00000000f5580000)
  object space 98304K, 61% used [0x00000000e0000000,0x00000000e3b53928,0x00000000e6000000)
 Metaspace       used 97174K, capacity 104168K, committed 104448K, reserved 1140736K
  class space    used 11694K, capacity 13743K, committed 13824K, reserved 1048576K
Event: 862.193 GC heap after
Heap after GC invocations=67 (full 6):
 PSYoungGen      total 117248K, used 5731K [0x00000000f5580000, 0x00000000fd880000, 0x0000000100000000)
  eden space 100352K, 0% used [0x00000000f5580000,0x00000000f5580000,0x00000000fb780000)
  from space 16896K, 33% used [0x00000000fb780000,0x00000000fbd18d40,0x00000000fc800000)
  to   space 16384K, 0% used [0x00000000fc880000,0x00000000fc880000,0x00000000fd880000)
 ParOldGen       total 98304K, used 60758K [0x00000000e0000000, 0x00000000e6000000, 0x00000000f5580000)
  object space 98304K, 61% used [0x00000000e0000000,0x00000000e3b55928,0x00000000e6000000)
 Metaspace       used 97174K, capacity 104168K, committed 104448K, reserved 1140736K
  class space    used 11694K, capacity 13743K, committed 13824K, reserved 1048576K
}

