# JRE version: Java(TM) SE Runtime Environment (8.0_45-b15) (build 1.8.0_45-b15)
# Java VM: Java HotSpot(TM) 64-Bit Server VM (25.45-b02 mixed mode windows-amd64 compressed oops)
Heap:
 PSYoungGen      total 69632K, used 7833K [0x00000000f5580000, 0x00000000fae00000, 0x0000000100000000)
  eden space 52736K, 4% used [0x00000000f5580000,0x00000000f57e8cc0,0x00000000f8900000)
  from space 16896K, 31% used [0x00000000f8900000,0x00000000f8e3da20,0x00000000f9980000)
  to   space 16384K, 0% used [0x00000000f9e00000,0x00000000f9e00000,0x00000000fae00000)
 ParOldGen       total 102400K, used 34636K [0x00000000e0000000, 0x00000000e6400000, 0x00000000f5580000)
  object space 102400K, 33% used [0x00000000e0000000,0x00000000e21d3108,0x00000000e6400000)
 Metaspace       used 66925K, capacity 72424K, committed 72576K, reserved 1112064K
  class space    used 8206K, capacity 10040K, committed 10112K, reserved 1048576K
GC Heap History (10 events):
Event: 56.529 GC heap before
{Heap before GC invocations=15 (full 3):
 PSYoungGen      total 56832K, used 40960K [0x00000000f5580000, 0x00000000fa600000, 0x0000000100000000)
  eden space 40960K, 100% used [0x00000000f5580000,0x00000000f7d80000,0x00000000f7d80000)
  from space 15872K, 0% used [0x00000000f7d80000,0x00000000f7d80000,0x00000000f8d00000)
  to   space 17408K, 0% used [0x00000000f9500000,0x00000000f9500000,0x00000000fa600000)
 ParOldGen       total 102400K, used 33142K [0x00000000e0000000, 0x00000000e6400000, 0x00000000f5580000)
  object space 102400K, 32% used [0x00000000e0000000,0x00000000e205d958,0x00000000e6400000)
 Metaspace       used 61550K, capacity 67062K, committed 67328K, reserved 1107968K
  class space    used 7679K, capacity 9451K, committed 9472K, reserved 1048576K
Event: 56.546 GC heap after
Heap after GC invocations=15 (full 3):
 PSYoungGen      total 64000K, used 11803K [0x00000000f5580000, 0x00000000fa580000, 0x0000000100000000)
  eden space 47104K, 0% used [0x00000000f5580000,0x00000000f5580000,0x00000000f8380000)
  from space 16896K, 69% used [0x00000000f9500000,0x00000000fa086f80,0x00000000fa580000)
  to   space 17408K, 0% used [0x00000000f8380000,0x00000000f8380000,0x00000000f9480000)
 ParOldGen       total 102400K, used 33150K [0x00000000e0000000, 0x00000000e6400000, 0x00000000f5580000)
  object space 102400K, 32% used [0x00000000e0000000,0x00000000e205f958,0x00000000e6400000)
 Metaspace       used 61550K, capacity 67062K, committed 67328K, reserved 1107968K
  class space    used 7679K, capacity 9451K, committed 9472K, reserved 1048576K
}
Event: 70.409 GC heap before
{Heap before GC invocations=16 (full 3):
 PSYoungGen      total 64000K, used 58907K [0x00000000f5580000, 0x00000000fa580000, 0x0000000100000000)
  eden space 47104K, 100% used [0x00000000f5580000,0x00000000f8380000,0x00000000f8380000)
  from space 16896K, 69% used [0x00000000f9500000,0x00000000fa086f80,0x00000000fa580000)
  to   space 17408K, 0% used [0x00000000f8380000,0x00000000f8380000,0x00000000f9480000)
 ParOldGen       total 102400K, used 33150K [0x00000000e0000000, 0x00000000e6400000, 0x00000000f5580000)
  object space 102400K, 32% used [0x00000000e0000000,0x00000000e205f958,0x00000000e6400000)
 Metaspace       used 62327K, capacity 67786K, committed 67968K, reserved 1107968K
  class space    used 7753K, capacity 9518K, committed 9600K, reserved 1048576K
Event: 70.421 GC heap after
Heap after GC invocations=16 (full 3):
 PSYoungGen      total 64512K, used 8214K [0x00000000f5580000, 0x00000000faa00000, 0x0000000100000000)
  eden space 47104K, 0% used [0x00000000f5580000,0x00000000f5580000,0x00000000f8380000)
  from space 17408K, 47% used [0x00000000f8380000,0x00000000f8b85a40,0x00000000f9480000)
  to   space 16896K, 0% used [0x00000000f9980000,0x00000000f9980000,0x00000000faa00000)
 ParOldGen       total 102400K, used 33158K [0x00000000e0000000, 0x00000000e6400000, 0x00000000f5580000)
  object space 102400K, 32% used [0x00000000e0000000,0x00000000e2061958,0x00000000e6400000)
 Metaspace       used 62327K, capacity 67786K, committed 67968K, reserved 1107968K
  class space    used 7753K, capacity 9518K, committed 9600K, reserved 1048576K
}
Event: 103.344 GC heap before
{Heap before GC invocations=17 (full 3):
 PSYoungGen      total 64512K, used 35491K [0x00000000f5580000, 0x00000000faa00000, 0x0000000100000000)
  eden space 47104K, 57% used [0x00000000f5580000,0x00000000f7023258,0x00000000f8380000)
  from space 17408K, 47% used [0x00000000f8380000,0x00000000f8b85a40,0x00000000f9480000)
  to   space 16896K, 0% used [0x00000000f9980000,0x00000000f9980000,0x00000000faa00000)
 ParOldGen       total 102400K, used 33158K [0x00000000e0000000, 0x00000000e6400000, 0x00000000f5580000)
  object space 102400K, 32% used [0x00000000e0000000,0x00000000e2061958,0x00000000e6400000)
 Metaspace       used 62570K, capacity 68202K, committed 68480K, reserved 1107968K
  class space    used 7776K, capacity 9550K, committed 9600K, reserved 1048576K
Event: 103.354 GC heap after
Heap after GC invocations=17 (full 3):
 PSYoungGen      total 69632K, used 5986K [0x00000000f5580000, 0x00000000faa00000, 0x0000000100000000)
  eden space 52736K, 0% used [0x00000000f5580000,0x00000000f5580000,0x00000000f8900000)
  from space 16896K, 35% used [0x00000000f9980000,0x00000000f9f58900,0x00000000faa00000)
  to   space 16896K, 0% used [0x00000000f8900000,0x00000000f8900000,0x00000000f9980000)
 ParOldGen       total 102400K, used 33166K [0x00000000e0000000, 0x00000000e6400000, 0x00000000f5580000)
  object space 102400K, 32% used [0x00000000e0000000,0x00000000e2063958,0x00000000e6400000)
 Metaspace       used 62570K, capacity 68202K, committed 68480K, reserved 1107968K
  class space    used 7776K, capacity 9550K, committed 9600K, reserved 1048576K
}
Event: 103.354 GC heap before
{Heap before GC invocations=18 (full 4):
 PSYoungGen      total 69632K, used 5986K [0x00000000f5580000, 0x00000000faa00000, 0x0000000100000000)
  eden space 52736K, 0% used [0x00000000f5580000,0x00000000f5580000,0x00000000f8900000)
  from space 16896K, 35% used [0x00000000f9980000,0x00000000f9f58900,0x00000000faa00000)
  to   space 16896K, 0% used [0x00000000f8900000,0x00000000f8900000,0x00000000f9980000)
 ParOldGen       total 102400K, used 33166K [0x00000000e0000000, 0x00000000e6400000, 0x00000000f5580000)
  object space 102400K, 32% used [0x00000000e0000000,0x00000000e2063958,0x00000000e6400000)
 Metaspace       used 62570K, capacity 68202K, committed 68480K, reserved 1107968K
  class space    used 7776K, capacity 9550K, committed 9600K, reserved 1048576K
Event: 104.008 GC heap after
Heap after GC invocations=18 (full 4):
 PSYoungGen      total 69632K, used 0K [0x00000000f5580000, 0x00000000faa00000, 0x0000000100000000)
  eden space 52736K, 0% used [0x00000000f5580000,0x00000000f5580000,0x00000000f8900000)
  from space 16896K, 0% used [0x00000000f9980000,0x00000000f9980000,0x00000000faa00000)
  to   space 16896K, 0% used [0x00000000f8900000,0x00000000f8900000,0x00000000f9980000)
 ParOldGen       total 102400K, used 34628K [0x00000000e0000000, 0x00000000e6400000, 0x00000000f5580000)
  object space 102400K, 33% used [0x00000000e0000000,0x00000000e21d1108,0x00000000e6400000)
 Metaspace       used 62570K, capacity 68202K, committed 68480K, reserved 1107968K
  class space    used 7776K, capacity 9550K, committed 9600K, reserved 1048576K
}
Event: 201.417 GC heap before
{Heap before GC invocations=19 (full 4):
 PSYoungGen      total 69632K, used 52736K [0x00000000f5580000, 0x00000000faa00000, 0x0000000100000000)
  eden space 52736K, 100% used [0x00000000f5580000,0x00000000f8900000,0x00000000f8900000)
  from space 16896K, 0% used [0x00000000f9980000,0x00000000f9980000,0x00000000faa00000)
  to   space 16896K, 0% used [0x00000000f8900000,0x00000000f8900000,0x00000000f9980000)
 ParOldGen       total 102400K, used 34628K [0x00000000e0000000, 0x00000000e6400000, 0x00000000f5580000)
  object space 102400K, 33% used [0x00000000e0000000,0x00000000e21d1108,0x00000000e6400000)
 Metaspace       used 66912K, capacity 72424K, committed 72576K, reserved 1112064K
  class space    used 8205K, capacity 10040K, committed 10112K, reserved 1048576K
Event: 201.433 GC heap after
Heap after GC invocations=19 (full 4):
 PSYoungGen      total 69632K, used 5366K [0x00000000f5580000, 0x00000000fae00000, 0x0000000100000000)
  eden space 52736K, 0% used [0x00000000f5580000,0x00000000f5580000,0x00000000f8900000)
  from space 16896K, 31% used [0x00000000f8900000,0x00000000f8e3da20,0x00000000f9980000)
  to   space 16384K, 0% used [0x00000000f9e00000,0x00000000f9e00000,0x00000000fae00000)
 ParOldGen       total 102400K, used 34636K [0x00000000e0000000, 0x00000000e6400000, 0x00000000f5580000)
  object space 102400K, 33% used [0x00000000e0000000,0x00000000e21d3108,0x00000000e6400000)
 Metaspace       used 66912K, capacity 72424K, committed 72576K, reserved 1112064K
  class space    used 8205K, capacity 10040K, committed 10112K, reserved 1048576K
}

