# JRE version: Java(TM) SE Runtime Environment (8.0_45-b15) (build 1.8.0_45-b15)
# Java VM: Java HotSpot(TM) 64-Bit Server VM (25.45-b02 mixed mode windows-amd64 compressed oops)
Heap:
 PSYoungGen      total 105472K, used 73345K [0x00000000f5580000, 0x00000000fdd00000, 0x0000000100000000)
  eden space 103936K, 70% used [0x00000000f5580000,0x00000000f9d207e8,0x00000000fbb00000)
  from space 1536K, 0% used [0x00000000fbb00000,0x00000000fbb00000,0x00000000fbc80000)
  to   space 17408K, 0% used [0x00000000fcc00000,0x00000000fcc00000,0x00000000fdd00000)
 ParOldGen       total 97792K, used 37903K [0x00000000e0000000, 0x00000000e5f80000, 0x00000000f5580000)
  object space 97792K, 38% used [0x00000000e0000000,0x00000000e2503e20,0x00000000e5f80000)
 Metaspace       used 69617K, capacity 75532K, committed 75776K, reserved 1114112K
  class space    used 8557K, capacity 10454K, committed 10496K, reserved 1048576K
GC Heap History (10 events):
Event: 322.458 GC heap before
{Heap before GC invocations=22 (full 7):
 PSYoungGen      total 104448K, used 85504K [0x00000000f5580000, 0x00000000fce00000, 0x0000000100000000)
  eden space 85504K, 100% used [0x00000000f5580000,0x00000000fa900000,0x00000000fa900000)
  from space 18944K, 0% used [0x00000000fbb80000,0x00000000fbb80000,0x00000000fce00000)
  to   space 18944K, 0% used [0x00000000fa900000,0x00000000fa900000,0x00000000fbb80000)
 ParOldGen       total 97792K, used 37060K [0x00000000e0000000, 0x00000000e5f80000, 0x00000000f5580000)
  object space 97792K, 37% used [0x00000000e0000000,0x00000000e24313d0,0x00000000e5f80000)
 Metaspace       used 67818K, capacity 73524K, committed 73728K, reserved 1112064K
  class space    used 8418K, capacity 10129K, committed 10240K, reserved 1048576K
Event: 322.479 GC heap after
Heap after GC invocations=22 (full 7):
 PSYoungGen      total 104448K, used 6091K [0x00000000f5580000, 0x00000000fde00000, 0x0000000100000000)
  eden space 85504K, 0% used [0x00000000f5580000,0x00000000f5580000,0x00000000fa900000)
  from space 18944K, 32% used [0x00000000fa900000,0x00000000faef2e28,0x00000000fbb80000)
  to   space 17920K, 0% used [0x00000000fcc80000,0x00000000fcc80000,0x00000000fde00000)
 ParOldGen       total 97792K, used 37132K [0x00000000e0000000, 0x00000000e5f80000, 0x00000000f5580000)
  object space 97792K, 37% used [0x00000000e0000000,0x00000000e24433e0,0x00000000e5f80000)
 Metaspace       used 67818K, capacity 73524K, committed 73728K, reserved 1112064K
  class space    used 8418K, capacity 10129K, committed 10240K, reserved 1048576K
}
Event: 324.323 GC heap before
{Heap before GC invocations=23 (full 7):
 PSYoungGen      total 104448K, used 9574K [0x00000000f5580000, 0x00000000fde00000, 0x0000000100000000)
  eden space 85504K, 4% used [0x00000000f5580000,0x00000000f58e6d80,0x00000000fa900000)
  from space 18944K, 32% used [0x00000000fa900000,0x00000000faef2e28,0x00000000fbb80000)
  to   space 17920K, 0% used [0x00000000fcc80000,0x00000000fcc80000,0x00000000fde00000)
 ParOldGen       total 97792K, used 37132K [0x00000000e0000000, 0x00000000e5f80000, 0x00000000f5580000)
  object space 97792K, 37% used [0x00000000e0000000,0x00000000e24433e0,0x00000000e5f80000)
 Metaspace       used 67835K, capacity 73524K, committed 73728K, reserved 1112064K
  class space    used 8418K, capacity 10129K, committed 10240K, reserved 1048576K
Event: 324.335 GC heap after
Heap after GC invocations=23 (full 7):
 PSYoungGen      total 121856K, used 2320K [0x00000000f5580000, 0x00000000fde00000, 0x0000000100000000)
  eden space 103936K, 0% used [0x00000000f5580000,0x00000000f5580000,0x00000000fbb00000)
  from space 17920K, 12% used [0x00000000fcc80000,0x00000000fcec4020,0x00000000fde00000)
  to   space 17920K, 0% used [0x00000000fbb00000,0x00000000fbb00000,0x00000000fcc80000)
 ParOldGen       total 97792K, used 37140K [0x00000000e0000000, 0x00000000e5f80000, 0x00000000f5580000)
  object space 97792K, 37% used [0x00000000e0000000,0x00000000e24453e0,0x00000000e5f80000)
 Metaspace       used 67835K, capacity 73524K, committed 73728K, reserved 1112064K
  class space    used 8418K, capacity 10129K, committed 10240K, reserved 1048576K
}
Event: 324.335 GC heap before
{Heap before GC invocations=24 (full 8):
 PSYoungGen      total 121856K, used 2320K [0x00000000f5580000, 0x00000000fde00000, 0x0000000100000000)
  eden space 103936K, 0% used [0x00000000f5580000,0x00000000f5580000,0x00000000fbb00000)
  from space 17920K, 12% used [0x00000000fcc80000,0x00000000fcec4020,0x00000000fde00000)
  to   space 17920K, 0% used [0x00000000fbb00000,0x00000000fbb00000,0x00000000fcc80000)
 ParOldGen       total 97792K, used 37140K [0x00000000e0000000, 0x00000000e5f80000, 0x00000000f5580000)
  object space 97792K, 37% used [0x00000000e0000000,0x00000000e24453e0,0x00000000e5f80000)
 Metaspace       used 67835K, capacity 73524K, committed 73728K, reserved 1112064K
  class space    used 8418K, capacity 10129K, committed 10240K, reserved 1048576K
Event: 324.901 GC heap after
Heap after GC invocations=24 (full 8):
 PSYoungGen      total 121856K, used 0K [0x00000000f5580000, 0x00000000fde00000, 0x0000000100000000)
  eden space 103936K, 0% used [0x00000000f5580000,0x00000000f5580000,0x00000000fbb00000)
  from space 17920K, 0% used [0x00000000fcc80000,0x00000000fcc80000,0x00000000fde00000)
  to   space 17920K, 0% used [0x00000000fbb00000,0x00000000fbb00000,0x00000000fcc80000)
 ParOldGen       total 97792K, used 37278K [0x00000000e0000000, 0x00000000e5f80000, 0x00000000f5580000)
  object space 97792K, 38% used [0x00000000e0000000,0x00000000e2467a00,0x00000000e5f80000)
 Metaspace       used 67835K, capacity 73524K, committed 73728K, reserved 1112064K
  class space    used 8418K, capacity 10129K, committed 10240K, reserved 1048576K
}
Event: 388.349 GC heap before
{Heap before GC invocations=25 (full 8):
 PSYoungGen      total 121856K, used 36371K [0x00000000f5580000, 0x00000000fde00000, 0x0000000100000000)
  eden space 103936K, 34% used [0x00000000f5580000,0x00000000f7904e30,0x00000000fbb00000)
  from space 17920K, 0% used [0x00000000fcc80000,0x00000000fcc80000,0x00000000fde00000)
  to   space 17920K, 0% used [0x00000000fbb00000,0x00000000fbb00000,0x00000000fcc80000)
 ParOldGen       total 97792K, used 37278K [0x00000000e0000000, 0x00000000e5f80000, 0x00000000f5580000)
  object space 97792K, 38% used [0x00000000e0000000,0x00000000e2467a00,0x00000000e5f80000)
 Metaspace       used 68101K, capacity 73702K, committed 73984K, reserved 1114112K
  class space    used 8428K, capacity 10164K, committed 10240K, reserved 1048576K
Event: 388.355 GC heap after
Heap after GC invocations=25 (full 8):
 PSYoungGen      total 105472K, used 1280K [0x00000000f5580000, 0x00000000fdd00000, 0x0000000100000000)
  eden space 103936K, 0% used [0x00000000f5580000,0x00000000f5580000,0x00000000fbb00000)
  from space 1536K, 83% used [0x00000000fbb00000,0x00000000fbc40000,0x00000000fbc80000)
  to   space 17408K, 0% used [0x00000000fcc00000,0x00000000fcc00000,0x00000000fdd00000)
 ParOldGen       total 97792K, used 37278K [0x00000000e0000000, 0x00000000e5f80000, 0x00000000f5580000)
  object space 97792K, 38% used [0x00000000e0000000,0x00000000e2467a00,0x00000000e5f80000)
 Metaspace       used 68101K, capacity 73702K, committed 73984K, reserved 1114112K
  class space    used 8428K, capacity 10164K, committed 10240K, reserved 1048576K
}
Event: 388.355 GC heap before
{Heap before GC invocations=26 (full 9):
 PSYoungGen      total 105472K, used 1280K [0x00000000f5580000, 0x00000000fdd00000, 0x0000000100000000)
  eden space 103936K, 0% used [0x00000000f5580000,0x00000000f5580000,0x00000000fbb00000)
  from space 1536K, 83% used [0x00000000fbb00000,0x00000000fbc40000,0x00000000fbc80000)
  to   space 17408K, 0% used [0x00000000fcc00000,0x00000000fcc00000,0x00000000fdd00000)
 ParOldGen       total 97792K, used 37278K [0x00000000e0000000, 0x00000000e5f80000, 0x00000000f5580000)
  object space 97792K, 38% used [0x00000000e0000000,0x00000000e2467a00,0x00000000e5f80000)
 Metaspace       used 68101K, capacity 73702K, committed 73984K, reserved 1114112K
  class space    used 8428K, capacity 10164K, committed 10240K, reserved 1048576K
Event: 388.859 GC heap after
Heap after GC invocations=26 (full 9):
 PSYoungGen      total 105472K, used 0K [0x00000000f5580000, 0x00000000fdd00000, 0x0000000100000000)
  eden space 103936K, 0% used [0x00000000f5580000,0x00000000f5580000,0x00000000fbb00000)
  from space 1536K, 0% used [0x00000000fbb00000,0x00000000fbb00000,0x00000000fbc80000)
  to   space 17408K, 0% used [0x00000000fcc00000,0x00000000fcc00000,0x00000000fdd00000)
 ParOldGen       total 97792K, used 37903K [0x00000000e0000000, 0x00000000e5f80000, 0x00000000f5580000)
  object space 97792K, 38% used [0x00000000e0000000,0x00000000e2503e20,0x00000000e5f80000)
 Metaspace       used 68101K, capacity 73702K, committed 73984K, reserved 1114112K
  class space    used 8428K, capacity 10164K, committed 10240K, reserved 1048576K
}

