# JRE version: Java(TM) SE Runtime Environment (8.0_45-b15) (build 1.8.0_45-b15)
# Java VM: Java HotSpot(TM) 64-Bit Server VM (25.45-b02 mixed mode windows-amd64 compressed oops)
Heap:
 PSYoungGen      total 92672K, used 20726K [0x00000000f5580000, 0x00000000fc400000, 0x0000000100000000)
  eden space 72192K, 28% used [0x00000000f5580000,0x00000000f69bd808,0x00000000f9c00000)
  from space 20480K, 0% used [0x00000000fb000000,0x00000000fb000000,0x00000000fc400000)
  to   space 20480K, 0% used [0x00000000f9c00000,0x00000000f9c00000,0x00000000fb000000)
 ParOldGen       total 107008K, used 33446K [0x00000000e0000000, 0x00000000e6880000, 0x00000000f5580000)
  object space 107008K, 31% used [0x00000000e0000000,0x00000000e20a9838,0x00000000e6880000)
 Metaspace       used 62254K, capacity 67806K, committed 68096K, reserved 1107968K
  class space    used 7659K, capacity 9382K, committed 9472K, reserved 1048576K
GC Heap History (10 events):
Event: 129.295 GC heap before
{Heap before GC invocations=17 (full 5):
 PSYoungGen      total 91136K, used 160K [0x00000000f5580000, 0x00000000fc300000, 0x0000000100000000)
  eden space 71680K, 0% used [0x00000000f5580000,0x00000000f5580000,0x00000000f9b80000)
  from space 19456K, 0% used [0x00000000faf00000,0x00000000faf28000,0x00000000fc200000)
  to   space 19968K, 0% used [0x00000000f9b80000,0x00000000f9b80000,0x00000000faf00000)
 ParOldGen       total 107008K, used 33851K [0x00000000e0000000, 0x00000000e6880000, 0x00000000f5580000)
  object space 107008K, 31% used [0x00000000e0000000,0x00000000e210eca8,0x00000000e6880000)
 Metaspace       used 61095K, capacity 66712K, committed 66944K, reserved 1107968K
  class space    used 7547K, capacity 9252K, committed 9344K, reserved 1048576K
Event: 129.788 GC heap after
Heap after GC invocations=17 (full 5):
 PSYoungGen      total 91136K, used 0K [0x00000000f5580000, 0x00000000fc300000, 0x0000000100000000)
  eden space 71680K, 0% used [0x00000000f5580000,0x00000000f5580000,0x00000000f9b80000)
  from space 19456K, 0% used [0x00000000faf00000,0x00000000faf00000,0x00000000fc200000)
  to   space 19968K, 0% used [0x00000000f9b80000,0x00000000f9b80000,0x00000000faf00000)
 ParOldGen       total 107008K, used 33465K [0x00000000e0000000, 0x00000000e6880000, 0x00000000f5580000)
  object space 107008K, 31% used [0x00000000e0000000,0x00000000e20ae5f0,0x00000000e6880000)
 Metaspace       used 61095K, capacity 66712K, committed 66944K, reserved 1107968K
  class space    used 7547K, capacity 9252K, committed 9344K, reserved 1048576K
}
Event: 189.307 GC heap before
{Heap before GC invocations=18 (full 5):
 PSYoungGen      total 91136K, used 5268K [0x00000000f5580000, 0x00000000fc300000, 0x0000000100000000)
  eden space 71680K, 7% used [0x00000000f5580000,0x00000000f5aa5100,0x00000000f9b80000)
  from space 19456K, 0% used [0x00000000faf00000,0x00000000faf00000,0x00000000fc200000)
  to   space 19968K, 0% used [0x00000000f9b80000,0x00000000f9b80000,0x00000000faf00000)
 ParOldGen       total 107008K, used 33465K [0x00000000e0000000, 0x00000000e6880000, 0x00000000f5580000)
  object space 107008K, 31% used [0x00000000e0000000,0x00000000e20ae5f0,0x00000000e6880000)
 Metaspace       used 61100K, capacity 66712K, committed 66944K, reserved 1107968K
  class space    used 7547K, capacity 9252K, committed 9344K, reserved 1048576K
Event: 189.311 GC heap after
Heap after GC invocations=18 (full 5):
 PSYoungGen      total 91648K, used 160K [0x00000000f5580000, 0x00000000fc400000, 0x0000000100000000)
  eden space 71680K, 0% used [0x00000000f5580000,0x00000000f5580000,0x00000000f9b80000)
  from space 19968K, 0% used [0x00000000f9b80000,0x00000000f9ba8000,0x00000000faf00000)
  to   space 20480K, 0% used [0x00000000fb000000,0x00000000fb000000,0x00000000fc400000)
 ParOldGen       total 107008K, used 33465K [0x00000000e0000000, 0x00000000e6880000, 0x00000000f5580000)
  object space 107008K, 31% used [0x00000000e0000000,0x00000000e20ae5f0,0x00000000e6880000)
 Metaspace       used 61100K, capacity 66712K, committed 66944K, reserved 1107968K
  class space    used 7547K, capacity 9252K, committed 9344K, reserved 1048576K
}
Event: 189.311 GC heap before
{Heap before GC invocations=19 (full 6):
 PSYoungGen      total 91648K, used 160K [0x00000000f5580000, 0x00000000fc400000, 0x0000000100000000)
  eden space 71680K, 0% used [0x00000000f5580000,0x00000000f5580000,0x00000000f9b80000)
  from space 19968K, 0% used [0x00000000f9b80000,0x00000000f9ba8000,0x00000000faf00000)
  to   space 20480K, 0% used [0x00000000fb000000,0x00000000fb000000,0x00000000fc400000)
 ParOldGen       total 107008K, used 33465K [0x00000000e0000000, 0x00000000e6880000, 0x00000000f5580000)
  object space 107008K, 31% used [0x00000000e0000000,0x00000000e20ae5f0,0x00000000e6880000)
 Metaspace       used 61100K, capacity 66712K, committed 66944K, reserved 1107968K
  class space    used 7547K, capacity 9252K, committed 9344K, reserved 1048576K
Event: 189.502 GC heap after
Heap after GC invocations=19 (full 6):
 PSYoungGen      total 91648K, used 0K [0x00000000f5580000, 0x00000000fc400000, 0x0000000100000000)
  eden space 71680K, 0% used [0x00000000f5580000,0x00000000f5580000,0x00000000f9b80000)
  from space 19968K, 0% used [0x00000000f9b80000,0x00000000f9b80000,0x00000000faf00000)
  to   space 20480K, 0% used [0x00000000fb000000,0x00000000fb000000,0x00000000fc400000)
 ParOldGen       total 107008K, used 33451K [0x00000000e0000000, 0x00000000e6880000, 0x00000000f5580000)
  object space 107008K, 31% used [0x00000000e0000000,0x00000000e20aad90,0x00000000e6880000)
 Metaspace       used 61100K, capacity 66712K, committed 66944K, reserved 1107968K
  class space    used 7547K, capacity 9252K, committed 9344K, reserved 1048576K
}
Event: 249.317 GC heap before
{Heap before GC invocations=20 (full 6):
 PSYoungGen      total 91648K, used 5189K [0x00000000f5580000, 0x00000000fc400000, 0x0000000100000000)
  eden space 71680K, 7% used [0x00000000f5580000,0x00000000f5a914b8,0x00000000f9b80000)
  from space 19968K, 0% used [0x00000000f9b80000,0x00000000f9b80000,0x00000000faf00000)
  to   space 20480K, 0% used [0x00000000fb000000,0x00000000fb000000,0x00000000fc400000)
 ParOldGen       total 107008K, used 33451K [0x00000000e0000000, 0x00000000e6880000, 0x00000000f5580000)
  object space 107008K, 31% used [0x00000000e0000000,0x00000000e20aad90,0x00000000e6880000)
 Metaspace       used 61107K, capacity 66712K, committed 66944K, reserved 1107968K
  class space    used 7547K, capacity 9252K, committed 9344K, reserved 1048576K
Event: 249.322 GC heap after
Heap after GC invocations=20 (full 6):
 PSYoungGen      total 92672K, used 128K [0x00000000f5580000, 0x00000000fc400000, 0x0000000100000000)
  eden space 72192K, 0% used [0x00000000f5580000,0x00000000f5580000,0x00000000f9c00000)
  from space 20480K, 0% used [0x00000000fb000000,0x00000000fb020000,0x00000000fc400000)
  to   space 20480K, 0% used [0x00000000f9c00000,0x00000000f9c00000,0x00000000fb000000)
 ParOldGen       total 107008K, used 33459K [0x00000000e0000000, 0x00000000e6880000, 0x00000000f5580000)
  object space 107008K, 31% used [0x00000000e0000000,0x00000000e20acd90,0x00000000e6880000)
 Metaspace       used 61107K, capacity 66712K, committed 66944K, reserved 1107968K
  class space    used 7547K, capacity 9252K, committed 9344K, reserved 1048576K
}
Event: 249.322 GC heap before
{Heap before GC invocations=21 (full 7):
 PSYoungGen      total 92672K, used 128K [0x00000000f5580000, 0x00000000fc400000, 0x0000000100000000)
  eden space 72192K, 0% used [0x00000000f5580000,0x00000000f5580000,0x00000000f9c00000)
  from space 20480K, 0% used [0x00000000fb000000,0x00000000fb020000,0x00000000fc400000)
  to   space 20480K, 0% used [0x00000000f9c00000,0x00000000f9c00000,0x00000000fb000000)
 ParOldGen       total 107008K, used 33459K [0x00000000e0000000, 0x00000000e6880000, 0x00000000f5580000)
  object space 107008K, 31% used [0x00000000e0000000,0x00000000e20acd90,0x00000000e6880000)
 Metaspace       used 61107K, capacity 66712K, committed 66944K, reserved 1107968K
  class space    used 7547K, capacity 9252K, committed 9344K, reserved 1048576K
Event: 249.667 GC heap after
Heap after GC invocations=21 (full 7):
 PSYoungGen      total 92672K, used 0K [0x00000000f5580000, 0x00000000fc400000, 0x0000000100000000)
  eden space 72192K, 0% used [0x00000000f5580000,0x00000000f5580000,0x00000000f9c00000)
  from space 20480K, 0% used [0x00000000fb000000,0x00000000fb000000,0x00000000fc400000)
  to   space 20480K, 0% used [0x00000000f9c00000,0x00000000f9c00000,0x00000000fb000000)
 ParOldGen       total 107008K, used 33446K [0x00000000e0000000, 0x00000000e6880000, 0x00000000f5580000)
  object space 107008K, 31% used [0x00000000e0000000,0x00000000e20a9838,0x00000000e6880000)
 Metaspace       used 61107K, capacity 66712K, committed 66944K, reserved 1107968K
  class space    used 7547K, capacity 9252K, committed 9344K, reserved 1048576K
}

