# JRE version: Java(TM) SE Runtime Environment (8.0_45-b15) (build 1.8.0_45-b15)
# Java VM: Java HotSpot(TM) 64-Bit Server VM (25.45-b02 mixed mode windows-amd64 compressed oops)
Heap:
 PSYoungGen      total 153088K, used 113213K [0x00000000f5580000, 0x0000000100000000, 0x0000000100000000)
  eden space 133632K, 72% used [0x00000000f5580000,0x00000000fb491a08,0x00000000fd800000)
  from space 19456K, 81% used [0x00000000fed00000,0x00000000ffc7db00,0x0000000100000000)
  to   space 20480K, 0% used [0x00000000fd800000,0x00000000fd800000,0x00000000fec00000)
 ParOldGen       total 97280K, used 36848K [0x00000000e0000000, 0x00000000e5f00000, 0x00000000f5580000)
  object space 97280K, 37% used [0x00000000e0000000,0x00000000e23fc048,0x00000000e5f00000)
 Metaspace       used 79905K, capacity 86088K, committed 86272K, reserved 1124352K
  class space    used 9728K, capacity 11697K, committed 11776K, reserved 1048576K
GC Heap History (10 events):
Event: 74.736 GC heap before
{Heap before GC invocations=19 (full 3):
 PSYoungGen      total 129024K, used 121274K [0x00000000f5580000, 0x00000000ffd80000, 0x0000000100000000)
  eden space 108544K, 100% used [0x00000000f5580000,0x00000000fbf80000,0x00000000fbf80000)
  from space 20480K, 62% used [0x00000000fbf80000,0x00000000fcbee950,0x00000000fd380000)
  to   space 20480K, 0% used [0x00000000fe980000,0x00000000fe980000,0x00000000ffd80000)
 ParOldGen       total 97280K, used 36808K [0x00000000e0000000, 0x00000000e5f00000, 0x00000000f5580000)
  object space 97280K, 37% used [0x00000000e0000000,0x00000000e23f2048,0x00000000e5f00000)
 Metaspace       used 76638K, capacity 82752K, committed 83072K, reserved 1120256K
  class space    used 9426K, capacity 11305K, committed 11392K, reserved 1048576K
Event: 74.760 GC heap after
Heap after GC invocations=19 (full 3):
 PSYoungGen      total 145408K, used 11986K [0x00000000f5580000, 0x00000000ffa00000, 0x0000000100000000)
  eden space 128512K, 0% used [0x00000000f5580000,0x00000000f5580000,0x00000000fd300000)
  from space 16896K, 70% used [0x00000000fe980000,0x00000000ff534a20,0x00000000ffa00000)
  to   space 19968K, 0% used [0x00000000fd300000,0x00000000fd300000,0x00000000fe680000)
 ParOldGen       total 97280K, used 36816K [0x00000000e0000000, 0x00000000e5f00000, 0x00000000f5580000)
  object space 97280K, 37% used [0x00000000e0000000,0x00000000e23f4048,0x00000000e5f00000)
 Metaspace       used 76638K, capacity 82752K, committed 83072K, reserved 1120256K
  class space    used 9426K, capacity 11305K, committed 11392K, reserved 1048576K
}
Event: 77.344 GC heap before
{Heap before GC invocations=20 (full 3):
 PSYoungGen      total 145408K, used 140498K [0x00000000f5580000, 0x00000000ffa00000, 0x0000000100000000)
  eden space 128512K, 100% used [0x00000000f5580000,0x00000000fd300000,0x00000000fd300000)
  from space 16896K, 70% used [0x00000000fe980000,0x00000000ff534a20,0x00000000ffa00000)
  to   space 19968K, 0% used [0x00000000fd300000,0x00000000fd300000,0x00000000fe680000)
 ParOldGen       total 97280K, used 36816K [0x00000000e0000000, 0x00000000e5f00000, 0x00000000f5580000)
  object space 97280K, 37% used [0x00000000e0000000,0x00000000e23f4048,0x00000000e5f00000)
 Metaspace       used 76831K, capacity 82880K, committed 83072K, reserved 1120256K
  class space    used 9428K, capacity 11305K, committed 11392K, reserved 1048576K
Event: 77.376 GC heap after
Heap after GC invocations=20 (full 3):
 PSYoungGen      total 148480K, used 12500K [0x00000000f5580000, 0x0000000100000000, 0x0000000100000000)
  eden space 128512K, 0% used [0x00000000f5580000,0x00000000f5580000,0x00000000fd300000)
  from space 19968K, 62% used [0x00000000fd300000,0x00000000fdf353b0,0x00000000fe680000)
  to   space 19968K, 0% used [0x00000000fec80000,0x00000000fec80000,0x0000000100000000)
 ParOldGen       total 97280K, used 36824K [0x00000000e0000000, 0x00000000e5f00000, 0x00000000f5580000)
  object space 97280K, 37% used [0x00000000e0000000,0x00000000e23f6048,0x00000000e5f00000)
 Metaspace       used 76831K, capacity 82880K, committed 83072K, reserved 1120256K
  class space    used 9428K, capacity 11305K, committed 11392K, reserved 1048576K
}
Event: 80.019 GC heap before
{Heap before GC invocations=21 (full 3):
 PSYoungGen      total 148480K, used 141012K [0x00000000f5580000, 0x0000000100000000, 0x0000000100000000)
  eden space 128512K, 100% used [0x00000000f5580000,0x00000000fd300000,0x00000000fd300000)
  from space 19968K, 62% used [0x00000000fd300000,0x00000000fdf353b0,0x00000000fe680000)
  to   space 19968K, 0% used [0x00000000fec80000,0x00000000fec80000,0x0000000100000000)
 ParOldGen       total 97280K, used 36824K [0x00000000e0000000, 0x00000000e5f00000, 0x00000000f5580000)
  object space 97280K, 37% used [0x00000000e0000000,0x00000000e23f6048,0x00000000e5f00000)
 Metaspace       used 77025K, capacity 83072K, committed 83328K, reserved 1122304K
  class space    used 9440K, capacity 11305K, committed 11392K, reserved 1048576K
Event: 80.057 GC heap after
Heap after GC invocations=21 (full 3):
 PSYoungGen      total 153600K, used 13042K [0x00000000f5580000, 0x00000000fff00000, 0x0000000100000000)
  eden space 134656K, 0% used [0x00000000f5580000,0x00000000f5580000,0x00000000fd900000)
  from space 18944K, 68% used [0x00000000fec80000,0x00000000ff93c938,0x00000000fff00000)
  to   space 19456K, 0% used [0x00000000fd900000,0x00000000fd900000,0x00000000fec00000)
 ParOldGen       total 97280K, used 36832K [0x00000000e0000000, 0x00000000e5f00000, 0x00000000f5580000)
  object space 97280K, 37% used [0x00000000e0000000,0x00000000e23f8048,0x00000000e5f00000)
 Metaspace       used 77025K, capacity 83072K, committed 83328K, reserved 1122304K
  class space    used 9440K, capacity 11305K, committed 11392K, reserved 1048576K
}
Event: 83.333 GC heap before
{Heap before GC invocations=22 (full 3):
 PSYoungGen      total 153600K, used 147698K [0x00000000f5580000, 0x00000000fff00000, 0x0000000100000000)
  eden space 134656K, 100% used [0x00000000f5580000,0x00000000fd900000,0x00000000fd900000)
  from space 18944K, 68% used [0x00000000fec80000,0x00000000ff93c938,0x00000000fff00000)
  to   space 19456K, 0% used [0x00000000fd900000,0x00000000fd900000,0x00000000fec00000)
 ParOldGen       total 97280K, used 36832K [0x00000000e0000000, 0x00000000e5f00000, 0x00000000f5580000)
  object space 97280K, 37% used [0x00000000e0000000,0x00000000e23f8048,0x00000000e5f00000)
 Metaspace       used 77513K, capacity 83552K, committed 83840K, reserved 1122304K
  class space    used 9478K, capacity 11337K, committed 11392K, reserved 1048576K
Event: 83.356 GC heap after
Heap after GC invocations=22 (full 3):
 PSYoungGen      total 154112K, used 12789K [0x00000000f5580000, 0x0000000100000000, 0x0000000100000000)
  eden space 134656K, 0% used [0x00000000f5580000,0x00000000f5580000,0x00000000fd900000)
  from space 19456K, 65% used [0x00000000fd900000,0x00000000fe57d538,0x00000000fec00000)
  to   space 19456K, 0% used [0x00000000fed00000,0x00000000fed00000,0x0000000100000000)
 ParOldGen       total 97280K, used 36840K [0x00000000e0000000, 0x00000000e5f00000, 0x00000000f5580000)
  object space 97280K, 37% used [0x00000000e0000000,0x00000000e23fa048,0x00000000e5f00000)
 Metaspace       used 77513K, capacity 83552K, committed 83840K, reserved 1122304K
  class space    used 9478K, capacity 11337K, committed 11392K, reserved 1048576K
}
Event: 101.658 GC heap before
{Heap before GC invocations=23 (full 3):
 PSYoungGen      total 154112K, used 147445K [0x00000000f5580000, 0x0000000100000000, 0x0000000100000000)
  eden space 134656K, 100% used [0x00000000f5580000,0x00000000fd900000,0x00000000fd900000)
  from space 19456K, 65% used [0x00000000fd900000,0x00000000fe57d538,0x00000000fec00000)
  to   space 19456K, 0% used [0x00000000fed00000,0x00000000fed00000,0x0000000100000000)
 ParOldGen       total 97280K, used 36840K [0x00000000e0000000, 0x00000000e5f00000, 0x00000000f5580000)
  object space 97280K, 37% used [0x00000000e0000000,0x00000000e23fa048,0x00000000e5f00000)
 Metaspace       used 77862K, capacity 83910K, committed 84224K, reserved 1122304K
  class space    used 9511K, capacity 11439K, committed 11520K, reserved 1048576K
Event: 101.683 GC heap after
Heap after GC invocations=23 (full 3):
 PSYoungGen      total 153088K, used 15862K [0x00000000f5580000, 0x0000000100000000, 0x0000000100000000)
  eden space 133632K, 0% used [0x00000000f5580000,0x00000000f5580000,0x00000000fd800000)
  from space 19456K, 81% used [0x00000000fed00000,0x00000000ffc7db00,0x0000000100000000)
  to   space 20480K, 0% used [0x00000000fd800000,0x00000000fd800000,0x00000000fec00000)
 ParOldGen       total 97280K, used 36848K [0x00000000e0000000, 0x00000000e5f00000, 0x00000000f5580000)
  object space 97280K, 37% used [0x00000000e0000000,0x00000000e23fc048,0x00000000e5f00000)
 Metaspace       used 77862K, capacity 83910K, committed 84224K, reserved 1122304K
  class space    used 9511K, capacity 11439K, committed 11520K, reserved 1048576K
}

