# JRE version: Java(TM) SE Runtime Environment (8.0_45-b15) (build 1.8.0_45-b15)
# Java VM: Java HotSpot(TM) 64-Bit Server VM (25.45-b02 mixed mode windows-amd64 compressed oops)
Heap:
 PSYoungGen      total 153088K, used 65639K [0x00000000f5580000, 0x00000000ff480000, 0x0000000100000000)
  eden space 144384K, 45% used [0x00000000f5580000,0x00000000f9599ee8,0x00000000fe280000)
  from space 8704K, 0% used [0x00000000fec00000,0x00000000fec00000,0x00000000ff480000)
  to   space 9216K, 0% used [0x00000000fe280000,0x00000000fe280000,0x00000000feb80000)
 ParOldGen       total 94720K, used 61615K [0x00000000e0000000, 0x00000000e5c80000, 0x00000000f5580000)
  object space 94720K, 65% used [0x00000000e0000000,0x00000000e3c2bfd8,0x00000000e5c80000)
 Metaspace       used 108194K, capacity 115540K, committed 115712K, reserved 1150976K
  class space    used 12919K, capacity 15080K, committed 15104K, reserved 1048576K
GC Heap History (10 events):
Event: 5902.450 GC heap before
{Heap before GC invocations=213 (full 73):
 PSYoungGen      total 154112K, used 160K [0x00000000f5580000, 0x00000000ff680000, 0x0000000100000000)
  eden space 144384K, 0% used [0x00000000f5580000,0x00000000f5580000,0x00000000fe280000)
  from space 9728K, 1% used [0x00000000fed00000,0x00000000fed28000,0x00000000ff680000)
  to   space 10240K, 0% used [0x00000000fe280000,0x00000000fe280000,0x00000000fec80000)
 ParOldGen       total 94720K, used 61497K [0x00000000e0000000, 0x00000000e5c80000, 0x00000000f5580000)
  object space 94720K, 64% used [0x00000000e0000000,0x00000000e3c0e7e0,0x00000000e5c80000)
 Metaspace       used 107607K, capacity 115074K, committed 115456K, reserved 1148928K
  class space    used 12861K, capacity 15013K, committed 15104K, reserved 1048576K
Event: 5903.049 GC heap after
Heap after GC invocations=213 (full 73):
 PSYoungGen      total 154112K, used 0K [0x00000000f5580000, 0x00000000ff680000, 0x0000000100000000)
  eden space 144384K, 0% used [0x00000000f5580000,0x00000000f5580000,0x00000000fe280000)
  from space 9728K, 0% used [0x00000000fed00000,0x00000000fed00000,0x00000000ff680000)
  to   space 10240K, 0% used [0x00000000fe280000,0x00000000fe280000,0x00000000fec80000)
 ParOldGen       total 94720K, used 61454K [0x00000000e0000000, 0x00000000e5c80000, 0x00000000f5580000)
  object space 94720K, 64% used [0x00000000e0000000,0x00000000e3c03ae8,0x00000000e5c80000)
 Metaspace       used 107607K, capacity 115074K, committed 115456K, reserved 1148928K
  class space    used 12861K, capacity 15013K, committed 15104K, reserved 1048576K
}
Event: 6060.006 GC heap before
{Heap before GC invocations=214 (full 73):
 PSYoungGen      total 154112K, used 84899K [0x00000000f5580000, 0x00000000ff680000, 0x0000000100000000)
  eden space 144384K, 58% used [0x00000000f5580000,0x00000000fa868f18,0x00000000fe280000)
  from space 9728K, 0% used [0x00000000fed00000,0x00000000fed00000,0x00000000ff680000)
  to   space 10240K, 0% used [0x00000000fe280000,0x00000000fe280000,0x00000000fec80000)
 ParOldGen       total 94720K, used 61454K [0x00000000e0000000, 0x00000000e5c80000, 0x00000000f5580000)
  object space 94720K, 64% used [0x00000000e0000000,0x00000000e3c03ae8,0x00000000e5c80000)
 Metaspace       used 107625K, capacity 115074K, committed 115456K, reserved 1148928K
  class space    used 12861K, capacity 15013K, committed 15104K, reserved 1048576K
Event: 6060.030 GC heap after
Heap after GC invocations=214 (full 73):
 PSYoungGen      total 146432K, used 1897K [0x00000000f5580000, 0x00000000ff580000, 0x0000000100000000)
  eden space 144384K, 0% used [0x00000000f5580000,0x00000000f5580000,0x00000000fe280000)
  from space 2048K, 92% used [0x00000000fe280000,0x00000000fe45a758,0x00000000fe480000)
  to   space 9728K, 0% used [0x00000000fec00000,0x00000000fec00000,0x00000000ff580000)
 ParOldGen       total 94720K, used 61454K [0x00000000e0000000, 0x00000000e5c80000, 0x00000000f5580000)
  object space 94720K, 64% used [0x00000000e0000000,0x00000000e3c03ae8,0x00000000e5c80000)
 Metaspace       used 107625K, capacity 115074K, committed 115456K, reserved 1148928K
  class space    used 12861K, capacity 15013K, committed 15104K, reserved 1048576K
}
Event: 6060.030 GC heap before
{Heap before GC invocations=215 (full 74):
 PSYoungGen      total 146432K, used 1897K [0x00000000f5580000, 0x00000000ff580000, 0x0000000100000000)
  eden space 144384K, 0% used [0x00000000f5580000,0x00000000f5580000,0x00000000fe280000)
  from space 2048K, 92% used [0x00000000fe280000,0x00000000fe45a758,0x00000000fe480000)
  to   space 9728K, 0% used [0x00000000fec00000,0x00000000fec00000,0x00000000ff580000)
 ParOldGen       total 94720K, used 61454K [0x00000000e0000000, 0x00000000e5c80000, 0x00000000f5580000)
  object space 94720K, 64% used [0x00000000e0000000,0x00000000e3c03ae8,0x00000000e5c80000)
 Metaspace       used 107625K, capacity 115074K, committed 115456K, reserved 1148928K
  class space    used 12861K, capacity 15013K, committed 15104K, reserved 1048576K
Event: 6061.194 GC heap after
Heap after GC invocations=215 (full 74):
 PSYoungGen      total 146432K, used 0K [0x00000000f5580000, 0x00000000ff580000, 0x0000000100000000)
  eden space 144384K, 0% used [0x00000000f5580000,0x00000000f5580000,0x00000000fe280000)
  from space 2048K, 0% used [0x00000000fe280000,0x00000000fe280000,0x00000000fe480000)
  to   space 9728K, 0% used [0x00000000fec00000,0x00000000fec00000,0x00000000ff580000)
 ParOldGen       total 94720K, used 62263K [0x00000000e0000000, 0x00000000e5c80000, 0x00000000f5580000)
  object space 94720K, 65% used [0x00000000e0000000,0x00000000e3ccdc70,0x00000000e5c80000)
 Metaspace       used 107625K, capacity 115074K, committed 115456K, reserved 1148928K
  class space    used 12861K, capacity 15013K, committed 15104K, reserved 1048576K
}
Event: 6131.657 GC heap before
{Heap before GC invocations=216 (full 74):
 PSYoungGen      total 146432K, used 6624K [0x00000000f5580000, 0x00000000ff580000, 0x0000000100000000)
  eden space 144384K, 4% used [0x00000000f5580000,0x00000000f5bf8288,0x00000000fe280000)
  from space 2048K, 0% used [0x00000000fe280000,0x00000000fe280000,0x00000000fe480000)
  to   space 9728K, 0% used [0x00000000fec00000,0x00000000fec00000,0x00000000ff580000)
 ParOldGen       total 94720K, used 62263K [0x00000000e0000000, 0x00000000e5c80000, 0x00000000f5580000)
  object space 94720K, 65% used [0x00000000e0000000,0x00000000e3ccdc70,0x00000000e5c80000)
 Metaspace       used 107625K, capacity 115074K, committed 115456K, reserved 1148928K
  class space    used 12861K, capacity 15013K, committed 15104K, reserved 1048576K
Event: 6131.663 GC heap after
Heap after GC invocations=216 (full 74):
 PSYoungGen      total 153088K, used 160K [0x00000000f5580000, 0x00000000ff480000, 0x0000000100000000)
  eden space 144384K, 0% used [0x00000000f5580000,0x00000000f5580000,0x00000000fe280000)
  from space 8704K, 1% used [0x00000000fec00000,0x00000000fec28000,0x00000000ff480000)
  to   space 9216K, 0% used [0x00000000fe280000,0x00000000fe280000,0x00000000feb80000)
 ParOldGen       total 94720K, used 62263K [0x00000000e0000000, 0x00000000e5c80000, 0x00000000f5580000)
  object space 94720K, 65% used [0x00000000e0000000,0x00000000e3ccdc70,0x00000000e5c80000)
 Metaspace       used 107625K, capacity 115074K, committed 115456K, reserved 1148928K
  class space    used 12861K, capacity 15013K, committed 15104K, reserved 1048576K
}
Event: 6131.663 GC heap before
{Heap before GC invocations=217 (full 75):
 PSYoungGen      total 153088K, used 160K [0x00000000f5580000, 0x00000000ff480000, 0x0000000100000000)
  eden space 144384K, 0% used [0x00000000f5580000,0x00000000f5580000,0x00000000fe280000)
  from space 8704K, 1% used [0x00000000fec00000,0x00000000fec28000,0x00000000ff480000)
  to   space 9216K, 0% used [0x00000000fe280000,0x00000000fe280000,0x00000000feb80000)
 ParOldGen       total 94720K, used 62263K [0x00000000e0000000, 0x00000000e5c80000, 0x00000000f5580000)
  object space 94720K, 65% used [0x00000000e0000000,0x00000000e3ccdc70,0x00000000e5c80000)
 Metaspace       used 107625K, capacity 115074K, committed 115456K, reserved 1148928K
  class space    used 12861K, capacity 15013K, committed 15104K, reserved 1048576K
Event: 6132.332 GC heap after
Heap after GC invocations=217 (full 75):
 PSYoungGen      total 153088K, used 0K [0x00000000f5580000, 0x00000000ff480000, 0x0000000100000000)
  eden space 144384K, 0% used [0x00000000f5580000,0x00000000f5580000,0x00000000fe280000)
  from space 8704K, 0% used [0x00000000fec00000,0x00000000fec00000,0x00000000ff480000)
  to   space 9216K, 0% used [0x00000000fe280000,0x00000000fe280000,0x00000000feb80000)
 ParOldGen       total 94720K, used 61615K [0x00000000e0000000, 0x00000000e5c80000, 0x00000000f5580000)
  object space 94720K, 65% used [0x00000000e0000000,0x00000000e3c2bfd8,0x00000000e5c80000)
 Metaspace       used 107625K, capacity 115074K, committed 115456K, reserved 1148928K
  class space    used 12861K, capacity 15013K, committed 15104K, reserved 1048576K
}

