# JRE version: Java(TM) SE Runtime Environment (8.0_45-b15) (build 1.8.0_45-b15)
# Java VM: Java HotSpot(TM) 64-Bit Server VM (25.45-b02 mixed mode windows-amd64 compressed oops)
Heap:
 PSYoungGen      total 68608K, used 26686K [0x00000000f5580000, 0x00000000fa980000, 0x0000000100000000)
  eden space 51200K, 52% used [0x00000000f5580000,0x00000000f6f8f918,0x00000000f8780000)
  from space 17408K, 0% used [0x00000000f9880000,0x00000000f9880000,0x00000000fa980000)
  to   space 17408K, 0% used [0x00000000f8780000,0x00000000f8780000,0x00000000f9880000)
 ParOldGen       total 101888K, used 36360K [0x00000000e0000000, 0x00000000e6380000, 0x00000000f5580000)
  object space 101888K, 35% used [0x00000000e0000000,0x00000000e23822a8,0x00000000e6380000)
 Metaspace       used 68263K, capacity 74168K, committed 74368K, reserved 1114112K
  class space    used 8438K, capacity 10285K, committed 10368K, reserved 1048576K
GC Heap History (10 events):
Event: 264.139 GC heap before
{Heap before GC invocations=25 (full 7):
 PSYoungGen      total 68608K, used 160K [0x00000000f5580000, 0x00000000fa980000, 0x0000000100000000)
  eden space 51200K, 0% used [0x00000000f5580000,0x00000000f5580000,0x00000000f8780000)
  from space 17408K, 0% used [0x00000000f9880000,0x00000000f98a8000,0x00000000fa980000)
  to   space 17408K, 0% used [0x00000000f8780000,0x00000000f8780000,0x00000000f9880000)
 ParOldGen       total 101888K, used 35887K [0x00000000e0000000, 0x00000000e6380000, 0x00000000f5580000)
  object space 101888K, 35% used [0x00000000e0000000,0x00000000e230be70,0x00000000e6380000)
 Metaspace       used 66950K, capacity 72718K, committed 72960K, reserved 1112064K
  class space    used 8325K, capacity 10187K, committed 10240K, reserved 1048576K
Event: 264.555 GC heap after
Heap after GC invocations=25 (full 7):
 PSYoungGen      total 68608K, used 0K [0x00000000f5580000, 0x00000000fa980000, 0x0000000100000000)
  eden space 51200K, 0% used [0x00000000f5580000,0x00000000f5580000,0x00000000f8780000)
  from space 17408K, 0% used [0x00000000f9880000,0x00000000f9880000,0x00000000fa980000)
  to   space 17408K, 0% used [0x00000000f8780000,0x00000000f8780000,0x00000000f9880000)
 ParOldGen       total 101888K, used 35869K [0x00000000e0000000, 0x00000000e6380000, 0x00000000f5580000)
  object space 101888K, 35% used [0x00000000e0000000,0x00000000e2307440,0x00000000e6380000)
 Metaspace       used 66950K, capacity 72718K, committed 72960K, reserved 1112064K
  class space    used 8325K, capacity 10187K, committed 10240K, reserved 1048576K
}
Event: 324.146 GC heap before
{Heap before GC invocations=26 (full 7):
 PSYoungGen      total 68608K, used 8769K [0x00000000f5580000, 0x00000000fa980000, 0x0000000100000000)
  eden space 51200K, 17% used [0x00000000f5580000,0x00000000f5e10448,0x00000000f8780000)
  from space 17408K, 0% used [0x00000000f9880000,0x00000000f9880000,0x00000000fa980000)
  to   space 17408K, 0% used [0x00000000f8780000,0x00000000f8780000,0x00000000f9880000)
 ParOldGen       total 101888K, used 35869K [0x00000000e0000000, 0x00000000e6380000, 0x00000000f5580000)
  object space 101888K, 35% used [0x00000000e0000000,0x00000000e2307440,0x00000000e6380000)
 Metaspace       used 67392K, capacity 73198K, committed 73472K, reserved 1112064K
  class space    used 8357K, capacity 10219K, committed 10240K, reserved 1048576K
Event: 324.157 GC heap after
Heap after GC invocations=26 (full 7):
 PSYoungGen      total 68608K, used 816K [0x00000000f5580000, 0x00000000fa980000, 0x0000000100000000)
  eden space 51200K, 0% used [0x00000000f5580000,0x00000000f5580000,0x00000000f8780000)
  from space 17408K, 4% used [0x00000000f8780000,0x00000000f884c010,0x00000000f9880000)
  to   space 17408K, 0% used [0x00000000f9880000,0x00000000f9880000,0x00000000fa980000)
 ParOldGen       total 101888K, used 35941K [0x00000000e0000000, 0x00000000e6380000, 0x00000000f5580000)
  object space 101888K, 35% used [0x00000000e0000000,0x00000000e2319450,0x00000000e6380000)
 Metaspace       used 67392K, capacity 73198K, committed 73472K, reserved 1112064K
  class space    used 8357K, capacity 10219K, committed 10240K, reserved 1048576K
}
Event: 324.157 GC heap before
{Heap before GC invocations=27 (full 8):
 PSYoungGen      total 68608K, used 816K [0x00000000f5580000, 0x00000000fa980000, 0x0000000100000000)
  eden space 51200K, 0% used [0x00000000f5580000,0x00000000f5580000,0x00000000f8780000)
  from space 17408K, 4% used [0x00000000f8780000,0x00000000f884c010,0x00000000f9880000)
  to   space 17408K, 0% used [0x00000000f9880000,0x00000000f9880000,0x00000000fa980000)
 ParOldGen       total 101888K, used 35941K [0x00000000e0000000, 0x00000000e6380000, 0x00000000f5580000)
  object space 101888K, 35% used [0x00000000e0000000,0x00000000e2319450,0x00000000e6380000)
 Metaspace       used 67392K, capacity 73198K, committed 73472K, reserved 1112064K
  class space    used 8357K, capacity 10219K, committed 10240K, reserved 1048576K
Event: 324.824 GC heap after
Heap after GC invocations=27 (full 8):
 PSYoungGen      total 68608K, used 0K [0x00000000f5580000, 0x00000000fa980000, 0x0000000100000000)
  eden space 51200K, 0% used [0x00000000f5580000,0x00000000f5580000,0x00000000f8780000)
  from space 17408K, 0% used [0x00000000f8780000,0x00000000f8780000,0x00000000f9880000)
  to   space 17408K, 0% used [0x00000000f9880000,0x00000000f9880000,0x00000000fa980000)
 ParOldGen       total 101888K, used 36627K [0x00000000e0000000, 0x00000000e6380000, 0x00000000f5580000)
  object space 101888K, 35% used [0x00000000e0000000,0x00000000e23c4ed8,0x00000000e6380000)
 Metaspace       used 67392K, capacity 73198K, committed 73472K, reserved 1112064K
  class space    used 8357K, capacity 10219K, committed 10240K, reserved 1048576K
}
Event: 384.182 GC heap before
{Heap before GC invocations=28 (full 8):
 PSYoungGen      total 68608K, used 4705K [0x00000000f5580000, 0x00000000fa980000, 0x0000000100000000)
  eden space 51200K, 9% used [0x00000000f5580000,0x00000000f5a18728,0x00000000f8780000)
  from space 17408K, 0% used [0x00000000f8780000,0x00000000f8780000,0x00000000f9880000)
  to   space 17408K, 0% used [0x00000000f9880000,0x00000000f9880000,0x00000000fa980000)
 ParOldGen       total 101888K, used 36627K [0x00000000e0000000, 0x00000000e6380000, 0x00000000f5580000)
  object space 101888K, 35% used [0x00000000e0000000,0x00000000e23c4ed8,0x00000000e6380000)
 Metaspace       used 67422K, capacity 73198K, committed 73472K, reserved 1112064K
  class space    used 8358K, capacity 10219K, committed 10240K, reserved 1048576K
Event: 384.425 GC heap after
Heap after GC invocations=28 (full 8):
 PSYoungGen      total 68608K, used 128K [0x00000000f5580000, 0x00000000fa980000, 0x0000000100000000)
  eden space 51200K, 0% used [0x00000000f5580000,0x00000000f5580000,0x00000000f8780000)
  from space 17408K, 0% used [0x00000000f9880000,0x00000000f98a0000,0x00000000fa980000)
  to   space 17408K, 0% used [0x00000000f8780000,0x00000000f8780000,0x00000000f9880000)
 ParOldGen       total 101888K, used 36635K [0x00000000e0000000, 0x00000000e6380000, 0x00000000f5580000)
  object space 101888K, 35% used [0x00000000e0000000,0x00000000e23c6ed8,0x00000000e6380000)
 Metaspace       used 67422K, capacity 73198K, committed 73472K, reserved 1112064K
  class space    used 8358K, capacity 10219K, committed 10240K, reserved 1048576K
}
Event: 384.425 GC heap before
{Heap before GC invocations=29 (full 9):
 PSYoungGen      total 68608K, used 128K [0x00000000f5580000, 0x00000000fa980000, 0x0000000100000000)
  eden space 51200K, 0% used [0x00000000f5580000,0x00000000f5580000,0x00000000f8780000)
  from space 17408K, 0% used [0x00000000f9880000,0x00000000f98a0000,0x00000000fa980000)
  to   space 17408K, 0% used [0x00000000f8780000,0x00000000f8780000,0x00000000f9880000)
 ParOldGen       total 101888K, used 36635K [0x00000000e0000000, 0x00000000e6380000, 0x00000000f5580000)
  object space 101888K, 35% used [0x00000000e0000000,0x00000000e23c6ed8,0x00000000e6380000)
 Metaspace       used 67422K, capacity 73198K, committed 73472K, reserved 1112064K
  class space    used 8358K, capacity 10219K, committed 10240K, reserved 1048576K
Event: 385.455 GC heap after
Heap after GC invocations=29 (full 9):
 PSYoungGen      total 68608K, used 0K [0x00000000f5580000, 0x00000000fa980000, 0x0000000100000000)
  eden space 51200K, 0% used [0x00000000f5580000,0x00000000f5580000,0x00000000f8780000)
  from space 17408K, 0% used [0x00000000f9880000,0x00000000f9880000,0x00000000fa980000)
  to   space 17408K, 0% used [0x00000000f8780000,0x00000000f8780000,0x00000000f9880000)
 ParOldGen       total 101888K, used 36360K [0x00000000e0000000, 0x00000000e6380000, 0x00000000f5580000)
  object space 101888K, 35% used [0x00000000e0000000,0x00000000e23822a8,0x00000000e6380000)
 Metaspace       used 67422K, capacity 73198K, committed 73472K, reserved 1112064K
  class space    used 8358K, capacity 10219K, committed 10240K, reserved 1048576K
}

