# JRE version: Java(TM) SE Runtime Environment (8.0_45-b15) (build 1.8.0_45-b15)
# Java VM: Java HotSpot(TM) 64-Bit Server VM (25.45-b02 mixed mode windows-amd64 compressed oops)
Heap:
 PSYoungGen      total 125952K, used 37728K [0x00000000f5580000, 0x00000000fec00000, 0x0000000100000000)
  eden space 103424K, 33% used [0x00000000f5580000,0x00000000f7790150,0x00000000fba80000)
  from space 22528K, 12% used [0x00000000fba80000,0x00000000fbd48000,0x00000000fd080000)
  to   space 22528K, 0% used [0x00000000fd600000,0x00000000fd600000,0x00000000fec00000)
 ParOldGen       total 106496K, used 57561K [0x00000000e0000000, 0x00000000e6800000, 0x00000000f5580000)
  object space 106496K, 54% used [0x00000000e0000000,0x00000000e38367f8,0x00000000e6800000)
 Metaspace       used 85636K, capacity 91772K, committed 92032K, reserved 1128448K
  class space    used 10468K, capacity 12304K, committed 12416K, reserved 1048576K
GC Heap History (10 events):
Event: 204.691 GC heap before
{Heap before GC invocations=24 (full 5):
 PSYoungGen      total 126464K, used 109282K [0x00000000f5580000, 0x00000000fe800000, 0x0000000100000000)
  eden space 103424K, 92% used [0x00000000f5580000,0x00000000fb270410,0x00000000fba80000)
  from space 23040K, 61% used [0x00000000fd100000,0x00000000fdec83f8,0x00000000fe780000)
  to   space 23040K, 0% used [0x00000000fba80000,0x00000000fba80000,0x00000000fd100000)
 ParOldGen       total 106496K, used 45387K [0x00000000e0000000, 0x00000000e6800000, 0x00000000f5580000)
  object space 106496K, 42% used [0x00000000e0000000,0x00000000e2c52df0,0x00000000e6800000)
 Metaspace       used 83591K, capacity 89712K, committed 89856K, reserved 1126400K
  class space    used 10323K, capacity 12172K, committed 12288K, reserved 1048576K
Event: 204.711 GC heap after
Heap after GC invocations=24 (full 5):
 PSYoungGen      total 115712K, used 12183K [0x00000000f5580000, 0x00000000fe600000, 0x0000000100000000)
  eden space 103424K, 0% used [0x00000000f5580000,0x00000000f5580000,0x00000000fba80000)
  from space 12288K, 99% used [0x00000000fba80000,0x00000000fc665e48,0x00000000fc680000)
  to   space 22016K, 0% used [0x00000000fd080000,0x00000000fd080000,0x00000000fe600000)
 ParOldGen       total 106496K, used 45395K [0x00000000e0000000, 0x00000000e6800000, 0x00000000f5580000)
  object space 106496K, 42% used [0x00000000e0000000,0x00000000e2c54df0,0x00000000e6800000)
 Metaspace       used 83591K, capacity 89712K, committed 89856K, reserved 1126400K
  class space    used 10323K, capacity 12172K, committed 12288K, reserved 1048576K
}
Event: 204.711 GC heap before
{Heap before GC invocations=25 (full 6):
 PSYoungGen      total 115712K, used 12183K [0x00000000f5580000, 0x00000000fe600000, 0x0000000100000000)
  eden space 103424K, 0% used [0x00000000f5580000,0x00000000f5580000,0x00000000fba80000)
  from space 12288K, 99% used [0x00000000fba80000,0x00000000fc665e48,0x00000000fc680000)
  to   space 22016K, 0% used [0x00000000fd080000,0x00000000fd080000,0x00000000fe600000)
 ParOldGen       total 106496K, used 45395K [0x00000000e0000000, 0x00000000e6800000, 0x00000000f5580000)
  object space 106496K, 42% used [0x00000000e0000000,0x00000000e2c54df0,0x00000000e6800000)
 Metaspace       used 83591K, capacity 89712K, committed 89856K, reserved 1126400K
  class space    used 10323K, capacity 12172K, committed 12288K, reserved 1048576K
Event: 205.427 GC heap after
Heap after GC invocations=25 (full 6):
 PSYoungGen      total 115712K, used 0K [0x00000000f5580000, 0x00000000fe600000, 0x0000000100000000)
  eden space 103424K, 0% used [0x00000000f5580000,0x00000000f5580000,0x00000000fba80000)
  from space 12288K, 0% used [0x00000000fba80000,0x00000000fba80000,0x00000000fc680000)
  to   space 22016K, 0% used [0x00000000fd080000,0x00000000fd080000,0x00000000fe600000)
 ParOldGen       total 106496K, used 55912K [0x00000000e0000000, 0x00000000e6800000, 0x00000000f5580000)
  object space 106496K, 52% used [0x00000000e0000000,0x00000000e369a028,0x00000000e6800000)
 Metaspace       used 83591K, capacity 89712K, committed 89856K, reserved 1126400K
  class space    used 10323K, capacity 12172K, committed 12288K, reserved 1048576K
}
Event: 264.704 GC heap before
{Heap before GC invocations=26 (full 6):
 PSYoungGen      total 115712K, used 91210K [0x00000000f5580000, 0x00000000fe600000, 0x0000000100000000)
  eden space 103424K, 88% used [0x00000000f5580000,0x00000000fae92a58,0x00000000fba80000)
  from space 12288K, 0% used [0x00000000fba80000,0x00000000fba80000,0x00000000fc680000)
  to   space 22016K, 0% used [0x00000000fd080000,0x00000000fd080000,0x00000000fe600000)
 ParOldGen       total 106496K, used 55912K [0x00000000e0000000, 0x00000000e6800000, 0x00000000f5580000)
  object space 106496K, 52% used [0x00000000e0000000,0x00000000e369a028,0x00000000e6800000)
 Metaspace       used 84296K, capacity 90230K, committed 90368K, reserved 1128448K
  class space    used 10356K, capacity 12174K, committed 12288K, reserved 1048576K
Event: 264.712 GC heap after
Heap after GC invocations=26 (full 6):
 PSYoungGen      total 125440K, used 3046K [0x00000000f5580000, 0x00000000fe700000, 0x0000000100000000)
  eden space 103424K, 0% used [0x00000000f5580000,0x00000000f5580000,0x00000000fba80000)
  from space 22016K, 13% used [0x00000000fd080000,0x00000000fd379bc0,0x00000000fe600000)
  to   space 22528K, 0% used [0x00000000fba80000,0x00000000fba80000,0x00000000fd080000)
 ParOldGen       total 106496K, used 55920K [0x00000000e0000000, 0x00000000e6800000, 0x00000000f5580000)
  object space 106496K, 52% used [0x00000000e0000000,0x00000000e369c028,0x00000000e6800000)
 Metaspace       used 84296K, capacity 90230K, committed 90368K, reserved 1128448K
  class space    used 10356K, capacity 12174K, committed 12288K, reserved 1048576K
}
Event: 264.712 GC heap before
{Heap before GC invocations=27 (full 7):
 PSYoungGen      total 125440K, used 3046K [0x00000000f5580000, 0x00000000fe700000, 0x0000000100000000)
  eden space 103424K, 0% used [0x00000000f5580000,0x00000000f5580000,0x00000000fba80000)
  from space 22016K, 13% used [0x00000000fd080000,0x00000000fd379bc0,0x00000000fe600000)
  to   space 22528K, 0% used [0x00000000fba80000,0x00000000fba80000,0x00000000fd080000)
 ParOldGen       total 106496K, used 55920K [0x00000000e0000000, 0x00000000e6800000, 0x00000000f5580000)
  object space 106496K, 52% used [0x00000000e0000000,0x00000000e369c028,0x00000000e6800000)
 Metaspace       used 84296K, capacity 90230K, committed 90368K, reserved 1128448K
  class space    used 10356K, capacity 12174K, committed 12288K, reserved 1048576K
Event: 265.290 GC heap after
Heap after GC invocations=27 (full 7):
 PSYoungGen      total 125440K, used 0K [0x00000000f5580000, 0x00000000fe700000, 0x0000000100000000)
  eden space 103424K, 0% used [0x00000000f5580000,0x00000000f5580000,0x00000000fba80000)
  from space 22016K, 0% used [0x00000000fd080000,0x00000000fd080000,0x00000000fe600000)
  to   space 22528K, 0% used [0x00000000fba80000,0x00000000fba80000,0x00000000fd080000)
 ParOldGen       total 106496K, used 57561K [0x00000000e0000000, 0x00000000e6800000, 0x00000000f5580000)
  object space 106496K, 54% used [0x00000000e0000000,0x00000000e38367f8,0x00000000e6800000)
 Metaspace       used 84296K, capacity 90230K, committed 90368K, reserved 1128448K
  class space    used 10356K, capacity 12174K, committed 12288K, reserved 1048576K
}
Event: 291.570 GC heap before
{Heap before GC invocations=28 (full 7):
 PSYoungGen      total 125440K, used 103424K [0x00000000f5580000, 0x00000000fe700000, 0x0000000100000000)
  eden space 103424K, 100% used [0x00000000f5580000,0x00000000fba80000,0x00000000fba80000)
  from space 22016K, 0% used [0x00000000fd080000,0x00000000fd080000,0x00000000fe600000)
  to   space 22528K, 0% used [0x00000000fba80000,0x00000000fba80000,0x00000000fd080000)
 ParOldGen       total 106496K, used 57561K [0x00000000e0000000, 0x00000000e6800000, 0x00000000f5580000)
  object space 106496K, 54% used [0x00000000e0000000,0x00000000e38367f8,0x00000000e6800000)
 Metaspace       used 84668K, capacity 90646K, committed 90880K, reserved 1128448K
  class space    used 10375K, capacity 12206K, committed 12288K, reserved 1048576K
Event: 291.578 GC heap after
Heap after GC invocations=28 (full 7):
 PSYoungGen      total 125952K, used 2848K [0x00000000f5580000, 0x00000000fec00000, 0x0000000100000000)
  eden space 103424K, 0% used [0x00000000f5580000,0x00000000f5580000,0x00000000fba80000)
  from space 22528K, 12% used [0x00000000fba80000,0x00000000fbd48000,0x00000000fd080000)
  to   space 22528K, 0% used [0x00000000fd600000,0x00000000fd600000,0x00000000fec00000)
 ParOldGen       total 106496K, used 57561K [0x00000000e0000000, 0x00000000e6800000, 0x00000000f5580000)
  object space 106496K, 54% used [0x00000000e0000000,0x00000000e38367f8,0x00000000e6800000)
 Metaspace       used 84668K, capacity 90646K, committed 90880K, reserved 1128448K
  class space    used 10375K, capacity 12206K, committed 12288K, reserved 1048576K
}

