# JRE version: Java(TM) SE Runtime Environment (8.0_45-b15) (build 1.8.0_45-b15)
# Java VM: Java HotSpot(TM) 64-Bit Server VM (25.45-b02 mixed mode windows-amd64 compressed oops)
Heap:
 PSYoungGen      total 131584K, used 74529K [0x00000000f5580000, 0x00000000ffb80000, 0x0000000100000000)
  eden space 99840K, 55% used [0x00000000f5580000,0x00000000f8b7b018,0x00000000fb700000)
  from space 31744K, 60% used [0x00000000fb700000,0x00000000fc9cd610,0x00000000fd600000)
  to   space 31232K, 0% used [0x00000000fdd00000,0x00000000fdd00000,0x00000000ffb80000)
 ParOldGen       total 112640K, used 42765K [0x00000000e0000000, 0x00000000e6e00000, 0x00000000f5580000)
  object space 112640K, 37% used [0x00000000e0000000,0x00000000e29c3688,0x00000000e6e00000)
 Metaspace       used 76853K, capacity 82832K, committed 83072K, reserved 1120256K
  class space    used 9500K, capacity 11338K, committed 11392K, reserved 1048576K
GC Heap History (10 events):
Event: 31.686 GC heap before
{Heap before GC invocations=16 (full 3):
 PSYoungGen      total 104960K, used 100889K [0x00000000f5580000, 0x00000000fd780000, 0x0000000100000000)
  eden space 81920K, 100% used [0x00000000f5580000,0x00000000fa580000,0x00000000fa580000)
  from space 23040K, 82% used [0x00000000fbe00000,0x00000000fd086578,0x00000000fd480000)
  to   space 25088K, 0% used [0x00000000fa580000,0x00000000fa580000,0x00000000fbe00000)
 ParOldGen       total 112640K, used 42741K [0x00000000e0000000, 0x00000000e6e00000, 0x00000000f5580000)
  object space 112640K, 37% used [0x00000000e0000000,0x00000000e29bd688,0x00000000e6e00000)
 Metaspace       used 69999K, capacity 75928K, committed 76032K, reserved 1114112K
  class space    used 8701K, capacity 10488K, committed 10496K, reserved 1048576K
Event: 31.715 GC heap after
Heap after GC invocations=16 (full 3):
 PSYoungGen      total 107008K, used 22373K [0x00000000f5580000, 0x00000000fe580000, 0x0000000100000000)
  eden space 81920K, 0% used [0x00000000f5580000,0x00000000f5580000,0x00000000fa580000)
  from space 25088K, 89% used [0x00000000fa580000,0x00000000fbb59578,0x00000000fbe00000)
  to   space 27648K, 0% used [0x00000000fca80000,0x00000000fca80000,0x00000000fe580000)
 ParOldGen       total 112640K, used 42749K [0x00000000e0000000, 0x00000000e6e00000, 0x00000000f5580000)
  object space 112640K, 37% used [0x00000000e0000000,0x00000000e29bf688,0x00000000e6e00000)
 Metaspace       used 69999K, capacity 75928K, committed 76032K, reserved 1114112K
  class space    used 8701K, capacity 10488K, committed 10496K, reserved 1048576K
}
Event: 36.329 GC heap before
{Heap before GC invocations=17 (full 3):
 PSYoungGen      total 107008K, used 104293K [0x00000000f5580000, 0x00000000fe580000, 0x0000000100000000)
  eden space 81920K, 100% used [0x00000000f5580000,0x00000000fa580000,0x00000000fa580000)
  from space 25088K, 89% used [0x00000000fa580000,0x00000000fbb59578,0x00000000fbe00000)
  to   space 27648K, 0% used [0x00000000fca80000,0x00000000fca80000,0x00000000fe580000)
 ParOldGen       total 112640K, used 42749K [0x00000000e0000000, 0x00000000e6e00000, 0x00000000f5580000)
  object space 112640K, 37% used [0x00000000e0000000,0x00000000e29bf688,0x00000000e6e00000)
 Metaspace       used 70258K, capacity 76184K, committed 76288K, reserved 1116160K
  class space    used 8727K, capacity 10488K, committed 10496K, reserved 1048576K
Event: 36.369 GC heap after
Heap after GC invocations=17 (full 3):
 PSYoungGen      total 118272K, used 21177K [0x00000000f5580000, 0x00000000fe800000, 0x0000000100000000)
  eden space 90624K, 0% used [0x00000000f5580000,0x00000000f5580000,0x00000000fae00000)
  from space 27648K, 76% used [0x00000000fca80000,0x00000000fdf2e548,0x00000000fe580000)
  to   space 29184K, 0% used [0x00000000fae00000,0x00000000fae00000,0x00000000fca80000)
 ParOldGen       total 112640K, used 42749K [0x00000000e0000000, 0x00000000e6e00000, 0x00000000f5580000)
  object space 112640K, 37% used [0x00000000e0000000,0x00000000e29bf688,0x00000000e6e00000)
 Metaspace       used 70258K, capacity 76184K, committed 76288K, reserved 1116160K
  class space    used 8727K, capacity 10488K, committed 10496K, reserved 1048576K
}
Event: 40.450 GC heap before
{Heap before GC invocations=18 (full 3):
 PSYoungGen      total 118272K, used 111801K [0x00000000f5580000, 0x00000000fe800000, 0x0000000100000000)
  eden space 90624K, 100% used [0x00000000f5580000,0x00000000fae00000,0x00000000fae00000)
  from space 27648K, 76% used [0x00000000fca80000,0x00000000fdf2e548,0x00000000fe580000)
  to   space 29184K, 0% used [0x00000000fae00000,0x00000000fae00000,0x00000000fca80000)
 ParOldGen       total 112640K, used 42749K [0x00000000e0000000, 0x00000000e6e00000, 0x00000000f5580000)
  object space 112640K, 37% used [0x00000000e0000000,0x00000000e29bf688,0x00000000e6e00000)
 Metaspace       used 70304K, capacity 76190K, committed 76288K, reserved 1116160K
  class space    used 8727K, capacity 10489K, committed 10496K, reserved 1048576K
Event: 40.483 GC heap after
Heap after GC invocations=18 (full 3):
 PSYoungGen      total 119808K, used 21931K [0x00000000f5580000, 0x00000000ff400000, 0x0000000100000000)
  eden space 90624K, 0% used [0x00000000f5580000,0x00000000f5580000,0x00000000fae00000)
  from space 29184K, 75% used [0x00000000fae00000,0x00000000fc36ada8,0x00000000fca80000)
  to   space 30720K, 0% used [0x00000000fd600000,0x00000000fd600000,0x00000000ff400000)
 ParOldGen       total 112640K, used 42757K [0x00000000e0000000, 0x00000000e6e00000, 0x00000000f5580000)
  object space 112640K, 37% used [0x00000000e0000000,0x00000000e29c1688,0x00000000e6e00000)
 Metaspace       used 70304K, capacity 76190K, committed 76288K, reserved 1116160K
  class space    used 8727K, capacity 10489K, committed 10496K, reserved 1048576K
}
Event: 41.938 GC heap before
{Heap before GC invocations=19 (full 3):
 PSYoungGen      total 119808K, used 112555K [0x00000000f5580000, 0x00000000ff400000, 0x0000000100000000)
  eden space 90624K, 100% used [0x00000000f5580000,0x00000000fae00000,0x00000000fae00000)
  from space 29184K, 75% used [0x00000000fae00000,0x00000000fc36ada8,0x00000000fca80000)
  to   space 30720K, 0% used [0x00000000fd600000,0x00000000fd600000,0x00000000ff400000)
 ParOldGen       total 112640K, used 42757K [0x00000000e0000000, 0x00000000e6e00000, 0x00000000f5580000)
  object space 112640K, 37% used [0x00000000e0000000,0x00000000e29c1688,0x00000000e6e00000)
 Metaspace       used 70327K, capacity 76190K, committed 76288K, reserved 1116160K
  class space    used 8727K, capacity 10489K, committed 10496K, reserved 1048576K
Event: 41.972 GC heap after
Heap after GC invocations=19 (full 3):
 PSYoungGen      total 130560K, used 21627K [0x00000000f5580000, 0x00000000ff880000, 0x0000000100000000)
  eden space 99840K, 0% used [0x00000000f5580000,0x00000000f5580000,0x00000000fb700000)
  from space 30720K, 70% used [0x00000000fd600000,0x00000000feb1efc0,0x00000000ff400000)
  to   space 31744K, 0% used [0x00000000fb700000,0x00000000fb700000,0x00000000fd600000)
 ParOldGen       total 112640K, used 42757K [0x00000000e0000000, 0x00000000e6e00000, 0x00000000f5580000)
  object space 112640K, 37% used [0x00000000e0000000,0x00000000e29c1688,0x00000000e6e00000)
 Metaspace       used 70327K, capacity 76190K, committed 76288K, reserved 1116160K
  class space    used 8727K, capacity 10489K, committed 10496K, reserved 1048576K
}
Event: 58.585 GC heap before
{Heap before GC invocations=20 (full 3):
 PSYoungGen      total 130560K, used 121467K [0x00000000f5580000, 0x00000000ff880000, 0x0000000100000000)
  eden space 99840K, 100% used [0x00000000f5580000,0x00000000fb700000,0x00000000fb700000)
  from space 30720K, 70% used [0x00000000fd600000,0x00000000feb1efc0,0x00000000ff400000)
  to   space 31744K, 0% used [0x00000000fb700000,0x00000000fb700000,0x00000000fd600000)
 ParOldGen       total 112640K, used 42757K [0x00000000e0000000, 0x00000000e6e00000, 0x00000000f5580000)
  object space 112640K, 37% used [0x00000000e0000000,0x00000000e29c1688,0x00000000e6e00000)
 Metaspace       used 71314K, capacity 77092K, committed 77184K, reserved 1116160K
  class space    used 8851K, capacity 10623K, committed 10624K, reserved 1048576K
Event: 58.610 GC heap after
Heap after GC invocations=20 (full 3):
 PSYoungGen      total 131584K, used 19253K [0x00000000f5580000, 0x00000000ffb80000, 0x0000000100000000)
  eden space 99840K, 0% used [0x00000000f5580000,0x00000000f5580000,0x00000000fb700000)
  from space 31744K, 60% used [0x00000000fb700000,0x00000000fc9cd610,0x00000000fd600000)
  to   space 31232K, 0% used [0x00000000fdd00000,0x00000000fdd00000,0x00000000ffb80000)
 ParOldGen       total 112640K, used 42765K [0x00000000e0000000, 0x00000000e6e00000, 0x00000000f5580000)
  object space 112640K, 37% used [0x00000000e0000000,0x00000000e29c3688,0x00000000e6e00000)
 Metaspace       used 71314K, capacity 77092K, committed 77184K, reserved 1116160K
  class space    used 8851K, capacity 10623K, committed 10624K, reserved 1048576K
}

