# JRE version: Java(TM) SE Runtime Environment (8.0_45-b15) (build 1.8.0_45-b15)
# Java VM: Java HotSpot(TM) 64-Bit Server VM (25.45-b02 mixed mode windows-amd64 compressed oops)
Heap:
 PSYoungGen      total 115200K, used 65679K [0x00000000f5580000, 0x00000000ff300000, 0x0000000100000000)
  eden space 95744K, 48% used [0x00000000f5580000,0x00000000f82fb270,0x00000000fb300000)
  from space 19456K, 98% used [0x00000000fb580000,0x00000000fc828cf8,0x00000000fc880000)
  to   space 32768K, 0% used [0x00000000fd300000,0x00000000fd300000,0x00000000ff300000)
 ParOldGen       total 102912K, used 51289K [0x00000000e0000000, 0x00000000e6480000, 0x00000000f5580000)
  object space 102912K, 49% used [0x00000000e0000000,0x00000000e3216578,0x00000000e6480000)
 Metaspace       used 93620K, capacity 100738K, committed 100864K, reserved 1136640K
  class space    used 11174K, capacity 13300K, committed 13312K, reserved 1048576K
GC Heap History (10 events):
Event: 1811.089 GC heap before
{Heap before GC invocations=86 (full 27):
 PSYoungGen      total 131584K, used 130678K [0x00000000f5580000, 0x00000000ff100000, 0x0000000100000000)
  eden space 111104K, 100% used [0x00000000f5580000,0x00000000fc200000,0x00000000fc200000)
  from space 20480K, 95% used [0x00000000fd980000,0x00000000fec9d808,0x00000000fed80000)
  to   space 24064K, 0% used [0x00000000fc200000,0x00000000fc200000,0x00000000fd980000)
 ParOldGen       total 102912K, used 51257K [0x00000000e0000000, 0x00000000e6480000, 0x00000000f5580000)
  object space 102912K, 49% used [0x00000000e0000000,0x00000000e320e578,0x00000000e6480000)
 Metaspace       used 92237K, capacity 99532K, committed 99712K, reserved 1136640K
  class space    used 11028K, capacity 13137K, committed 13184K, reserved 1048576K
Event: 1811.113 GC heap after
Heap after GC invocations=86 (full 27):
 PSYoungGen      total 126976K, used 19127K [0x00000000f5580000, 0x00000000ff280000, 0x0000000100000000)
  eden space 107520K, 0% used [0x00000000f5580000,0x00000000f5580000,0x00000000fbe80000)
  from space 19456K, 98% used [0x00000000fc200000,0x00000000fd4adf38,0x00000000fd500000)
  to   space 26624K, 0% used [0x00000000fd880000,0x00000000fd880000,0x00000000ff280000)
 ParOldGen       total 102912K, used 51257K [0x00000000e0000000, 0x00000000e6480000, 0x00000000f5580000)
  object space 102912K, 49% used [0x00000000e0000000,0x00000000e320e578,0x00000000e6480000)
 Metaspace       used 92237K, capacity 99532K, committed 99712K, reserved 1136640K
  class space    used 11028K, capacity 13137K, committed 13184K, reserved 1048576K
}
Event: 1818.565 GC heap before
{Heap before GC invocations=87 (full 27):
 PSYoungGen      total 126976K, used 126647K [0x00000000f5580000, 0x00000000ff280000, 0x0000000100000000)
  eden space 107520K, 100% used [0x00000000f5580000,0x00000000fbe80000,0x00000000fbe80000)
  from space 19456K, 98% used [0x00000000fc200000,0x00000000fd4adf38,0x00000000fd500000)
  to   space 26624K, 0% used [0x00000000fd880000,0x00000000fd880000,0x00000000ff280000)
 ParOldGen       total 102912K, used 51257K [0x00000000e0000000, 0x00000000e6480000, 0x00000000f5580000)
  object space 102912K, 49% used [0x00000000e0000000,0x00000000e320e578,0x00000000e6480000)
 Metaspace       used 92332K, capacity 99532K, committed 99712K, reserved 1136640K
  class space    used 11032K, capacity 13137K, committed 13184K, reserved 1048576K
Event: 1818.587 GC heap after
Heap after GC invocations=87 (full 27):
 PSYoungGen      total 131072K, used 18842K [0x00000000f5580000, 0x00000000ff380000, 0x0000000100000000)
  eden space 104448K, 0% used [0x00000000f5580000,0x00000000f5580000,0x00000000fbb80000)
  from space 26624K, 70% used [0x00000000fd880000,0x00000000feae6a38,0x00000000ff280000)
  to   space 28672K, 0% used [0x00000000fbb80000,0x00000000fbb80000,0x00000000fd780000)
 ParOldGen       total 102912K, used 51265K [0x00000000e0000000, 0x00000000e6480000, 0x00000000f5580000)
  object space 102912K, 49% used [0x00000000e0000000,0x00000000e3210578,0x00000000e6480000)
 Metaspace       used 92332K, capacity 99532K, committed 99712K, reserved 1136640K
  class space    used 11032K, capacity 13137K, committed 13184K, reserved 1048576K
}
Event: 1847.269 GC heap before
{Heap before GC invocations=88 (full 27):
 PSYoungGen      total 131072K, used 123290K [0x00000000f5580000, 0x00000000ff380000, 0x0000000100000000)
  eden space 104448K, 100% used [0x00000000f5580000,0x00000000fbb80000,0x00000000fbb80000)
  from space 26624K, 70% used [0x00000000fd880000,0x00000000feae6a38,0x00000000ff280000)
  to   space 28672K, 0% used [0x00000000fbb80000,0x00000000fbb80000,0x00000000fd780000)
 ParOldGen       total 102912K, used 51265K [0x00000000e0000000, 0x00000000e6480000, 0x00000000f5580000)
  object space 102912K, 49% used [0x00000000e0000000,0x00000000e3210578,0x00000000e6480000)
 Metaspace       used 92622K, capacity 99948K, committed 100224K, reserved 1136640K
  class space    used 11066K, capacity 13169K, committed 13184K, reserved 1048576K
Event: 1847.296 GC heap after
Heap after GC invocations=88 (full 27):
 PSYoungGen      total 121344K, used 19619K [0x00000000f5580000, 0x00000000ff480000, 0x0000000100000000)
  eden space 101376K, 0% used [0x00000000f5580000,0x00000000f5580000,0x00000000fb880000)
  from space 19968K, 98% used [0x00000000fbb80000,0x00000000fcea8f78,0x00000000fcf00000)
  to   space 30720K, 0% used [0x00000000fd680000,0x00000000fd680000,0x00000000ff480000)
 ParOldGen       total 102912K, used 51273K [0x00000000e0000000, 0x00000000e6480000, 0x00000000f5580000)
  object space 102912K, 49% used [0x00000000e0000000,0x00000000e3212578,0x00000000e6480000)
 Metaspace       used 92622K, capacity 99948K, committed 100224K, reserved 1136640K
  class space    used 11066K, capacity 13169K, committed 13184K, reserved 1048576K
}
Event: 1874.102 GC heap before
{Heap before GC invocations=89 (full 27):
 PSYoungGen      total 121344K, used 120995K [0x00000000f5580000, 0x00000000ff480000, 0x0000000100000000)
  eden space 101376K, 100% used [0x00000000f5580000,0x00000000fb880000,0x00000000fb880000)
  from space 19968K, 98% used [0x00000000fbb80000,0x00000000fcea8f78,0x00000000fcf00000)
  to   space 30720K, 0% used [0x00000000fd680000,0x00000000fd680000,0x00000000ff480000)
 ParOldGen       total 102912K, used 51273K [0x00000000e0000000, 0x00000000e6480000, 0x00000000f5580000)
  object space 102912K, 49% used [0x00000000e0000000,0x00000000e3212578,0x00000000e6480000)
 Metaspace       used 92783K, capacity 100108K, committed 100352K, reserved 1136640K
  class space    used 11079K, capacity 13201K, committed 13312K, reserved 1048576K
Event: 1874.126 GC heap after
Heap after GC invocations=89 (full 27):
 PSYoungGen      total 129024K, used 19301K [0x00000000f5580000, 0x00000000ff480000, 0x0000000100000000)
  eden space 98304K, 0% used [0x00000000f5580000,0x00000000f5580000,0x00000000fb580000)
  from space 30720K, 62% used [0x00000000fd680000,0x00000000fe959718,0x00000000ff480000)
  to   space 32256K, 0% used [0x00000000fb580000,0x00000000fb580000,0x00000000fd500000)
 ParOldGen       total 102912K, used 51281K [0x00000000e0000000, 0x00000000e6480000, 0x00000000f5580000)
  object space 102912K, 49% used [0x00000000e0000000,0x00000000e3214578,0x00000000e6480000)
 Metaspace       used 92783K, capacity 100108K, committed 100352K, reserved 1136640K
  class space    used 11079K, capacity 13201K, committed 13312K, reserved 1048576K
}
Event: 1875.913 GC heap before
{Heap before GC invocations=90 (full 27):
 PSYoungGen      total 129024K, used 117605K [0x00000000f5580000, 0x00000000ff480000, 0x0000000100000000)
  eden space 98304K, 100% used [0x00000000f5580000,0x00000000fb580000,0x00000000fb580000)
  from space 30720K, 62% used [0x00000000fd680000,0x00000000fe959718,0x00000000ff480000)
  to   space 32256K, 0% used [0x00000000fb580000,0x00000000fb580000,0x00000000fd500000)
 ParOldGen       total 102912K, used 51281K [0x00000000e0000000, 0x00000000e6480000, 0x00000000f5580000)
  object space 102912K, 49% used [0x00000000e0000000,0x00000000e3214578,0x00000000e6480000)
 Metaspace       used 92817K, capacity 100178K, committed 100352K, reserved 1136640K
  class space    used 11080K, capacity 13202K, committed 13312K, reserved 1048576K
Event: 1875.936 GC heap after
Heap after GC invocations=90 (full 27):
 PSYoungGen      total 115200K, used 19107K [0x00000000f5580000, 0x00000000ff300000, 0x0000000100000000)
  eden space 95744K, 0% used [0x00000000f5580000,0x00000000f5580000,0x00000000fb300000)
  from space 19456K, 98% used [0x00000000fb580000,0x00000000fc828cf8,0x00000000fc880000)
  to   space 32768K, 0% used [0x00000000fd300000,0x00000000fd300000,0x00000000ff300000)
 ParOldGen       total 102912K, used 51289K [0x00000000e0000000, 0x00000000e6480000, 0x00000000f5580000)
  object space 102912K, 49% used [0x00000000e0000000,0x00000000e3216578,0x00000000e6480000)
 Metaspace       used 92817K, capacity 100178K, committed 100352K, reserved 1136640K
  class space    used 11080K, capacity 13202K, committed 13312K, reserved 1048576K
}

