# JRE version: Java(TM) SE Runtime Environment (8.0_45-b15) (build 1.8.0_45-b15)
# Java VM: Java HotSpot(TM) 64-Bit Server VM (25.45-b02 mixed mode windows-amd64 compressed oops)
Heap:
 PSYoungGen      total 143872K, used 58373K [0x00000000f5580000, 0x00000000fe300000, 0x0000000100000000)
  eden space 142848K, 40% used [0x00000000f5580000,0x00000000f8e814c0,0x00000000fe100000)
  from space 1024K, 0% used [0x00000000fe100000,0x00000000fe100000,0x00000000fe200000)
  to   space 1024K, 0% used [0x00000000fe200000,0x00000000fe200000,0x00000000fe300000)
 ParOldGen       total 114176K, used 57298K [0x00000000e0000000, 0x00000000e6f80000, 0x00000000f5580000)
  object space 114176K, 50% used [0x00000000e0000000,0x00000000e37f4b78,0x00000000e6f80000)
 Metaspace       used 92381K, capacity 99672K, committed 99968K, reserved 1136640K
  class space    used 11063K, capacity 13160K, committed 13184K, reserved 1048576K
GC Heap History (10 events):
Event: 39592.547 GC heap before
{Heap before GC invocations=673 (full 322):
 PSYoungGen      total 143872K, used 160K [0x00000000f5580000, 0x00000000fe300000, 0x0000000100000000)
  eden space 142848K, 0% used [0x00000000f5580000,0x00000000f5580000,0x00000000fe100000)
  from space 1024K, 15% used [0x00000000fe100000,0x00000000fe128000,0x00000000fe200000)
  to   space 1024K, 0% used [0x00000000fe200000,0x00000000fe200000,0x00000000fe300000)
 ParOldGen       total 114176K, used 57298K [0x00000000e0000000, 0x00000000e6f80000, 0x00000000f5580000)
  object space 114176K, 50% used [0x00000000e0000000,0x00000000e37f4a58,0x00000000e6f80000)
 Metaspace       used 91489K, capacity 98658K, committed 99072K, reserved 1134592K
  class space    used 10960K, capacity 12933K, committed 13056K, reserved 1048576K
Event: 39593.005 GC heap after
Heap after GC invocations=673 (full 322):
 PSYoungGen      total 143872K, used 0K [0x00000000f5580000, 0x00000000fe300000, 0x0000000100000000)
  eden space 142848K, 0% used [0x00000000f5580000,0x00000000f5580000,0x00000000fe100000)
  from space 1024K, 0% used [0x00000000fe100000,0x00000000fe100000,0x00000000fe200000)
  to   space 1024K, 0% used [0x00000000fe200000,0x00000000fe200000,0x00000000fe300000)
 ParOldGen       total 114176K, used 57298K [0x00000000e0000000, 0x00000000e6f80000, 0x00000000f5580000)
  object space 114176K, 50% used [0x00000000e0000000,0x00000000e37f4a58,0x00000000e6f80000)
 Metaspace       used 91489K, capacity 98658K, committed 99072K, reserved 1134592K
  class space    used 10960K, capacity 12933K, committed 13056K, reserved 1048576K
}
Event: 39652.539 GC heap before
{Heap before GC invocations=674 (full 322):
 PSYoungGen      total 143872K, used 9246K [0x00000000f5580000, 0x00000000fe300000, 0x0000000100000000)
  eden space 142848K, 6% used [0x00000000f5580000,0x00000000f5e87a00,0x00000000fe100000)
  from space 1024K, 0% used [0x00000000fe100000,0x00000000fe100000,0x00000000fe200000)
  to   space 1024K, 0% used [0x00000000fe200000,0x00000000fe200000,0x00000000fe300000)
 ParOldGen       total 114176K, used 57298K [0x00000000e0000000, 0x00000000e6f80000, 0x00000000f5580000)
  object space 114176K, 50% used [0x00000000e0000000,0x00000000e37f4a58,0x00000000e6f80000)
 Metaspace       used 91489K, capacity 98658K, committed 99072K, reserved 1134592K
  class space    used 10960K, capacity 12933K, committed 13056K, reserved 1048576K
Event: 39652.550 GC heap after
Heap after GC invocations=674 (full 322):
 PSYoungGen      total 143872K, used 512K [0x00000000f5580000, 0x00000000fe300000, 0x0000000100000000)
  eden space 142848K, 0% used [0x00000000f5580000,0x00000000f5580000,0x00000000fe100000)
  from space 1024K, 50% used [0x00000000fe200000,0x00000000fe280000,0x00000000fe300000)
  to   space 1024K, 0% used [0x00000000fe100000,0x00000000fe100000,0x00000000fe200000)
 ParOldGen       total 114176K, used 57298K [0x00000000e0000000, 0x00000000e6f80000, 0x00000000f5580000)
  object space 114176K, 50% used [0x00000000e0000000,0x00000000e37f4a58,0x00000000e6f80000)
 Metaspace       used 91489K, capacity 98658K, committed 99072K, reserved 1134592K
  class space    used 10960K, capacity 12933K, committed 13056K, reserved 1048576K
}
Event: 39652.550 GC heap before
{Heap before GC invocations=675 (full 323):
 PSYoungGen      total 143872K, used 512K [0x00000000f5580000, 0x00000000fe300000, 0x0000000100000000)
  eden space 142848K, 0% used [0x00000000f5580000,0x00000000f5580000,0x00000000fe100000)
  from space 1024K, 50% used [0x00000000fe200000,0x00000000fe280000,0x00000000fe300000)
  to   space 1024K, 0% used [0x00000000fe100000,0x00000000fe100000,0x00000000fe200000)
 ParOldGen       total 114176K, used 57298K [0x00000000e0000000, 0x00000000e6f80000, 0x00000000f5580000)
  object space 114176K, 50% used [0x00000000e0000000,0x00000000e37f4a58,0x00000000e6f80000)
 Metaspace       used 91489K, capacity 98658K, committed 99072K, reserved 1134592K
  class space    used 10960K, capacity 12933K, committed 13056K, reserved 1048576K
Event: 39653.074 GC heap after
Heap after GC invocations=675 (full 323):
 PSYoungGen      total 143872K, used 0K [0x00000000f5580000, 0x00000000fe300000, 0x0000000100000000)
  eden space 142848K, 0% used [0x00000000f5580000,0x00000000f5580000,0x00000000fe100000)
  from space 1024K, 0% used [0x00000000fe200000,0x00000000fe200000,0x00000000fe300000)
  to   space 1024K, 0% used [0x00000000fe100000,0x00000000fe100000,0x00000000fe200000)
 ParOldGen       total 114176K, used 57440K [0x00000000e0000000, 0x00000000e6f80000, 0x00000000f5580000)
  object space 114176K, 50% used [0x00000000e0000000,0x00000000e38182d0,0x00000000e6f80000)
 Metaspace       used 91489K, capacity 98658K, committed 99072K, reserved 1134592K
  class space    used 10960K, capacity 12933K, committed 13056K, reserved 1048576K
}
Event: 39712.563 GC heap before
{Heap before GC invocations=676 (full 323):
 PSYoungGen      total 143872K, used 4580K [0x00000000f5580000, 0x00000000fe300000, 0x0000000100000000)
  eden space 142848K, 3% used [0x00000000f5580000,0x00000000f59f90e0,0x00000000fe100000)
  from space 1024K, 0% used [0x00000000fe200000,0x00000000fe200000,0x00000000fe300000)
  to   space 1024K, 0% used [0x00000000fe100000,0x00000000fe100000,0x00000000fe200000)
 ParOldGen       total 114176K, used 57440K [0x00000000e0000000, 0x00000000e6f80000, 0x00000000f5580000)
  object space 114176K, 50% used [0x00000000e0000000,0x00000000e38182d0,0x00000000e6f80000)
 Metaspace       used 91489K, capacity 98658K, committed 99072K, reserved 1134592K
  class space    used 10960K, capacity 12933K, committed 13056K, reserved 1048576K
Event: 39712.571 GC heap after
Heap after GC invocations=676 (full 323):
 PSYoungGen      total 143872K, used 160K [0x00000000f5580000, 0x00000000fe300000, 0x0000000100000000)
  eden space 142848K, 0% used [0x00000000f5580000,0x00000000f5580000,0x00000000fe100000)
  from space 1024K, 15% used [0x00000000fe100000,0x00000000fe128000,0x00000000fe200000)
  to   space 1024K, 0% used [0x00000000fe200000,0x00000000fe200000,0x00000000fe300000)
 ParOldGen       total 114176K, used 57440K [0x00000000e0000000, 0x00000000e6f80000, 0x00000000f5580000)
  object space 114176K, 50% used [0x00000000e0000000,0x00000000e38182d0,0x00000000e6f80000)
 Metaspace       used 91489K, capacity 98658K, committed 99072K, reserved 1134592K
  class space    used 10960K, capacity 12933K, committed 13056K, reserved 1048576K
}
Event: 39712.571 GC heap before
{Heap before GC invocations=677 (full 324):
 PSYoungGen      total 143872K, used 160K [0x00000000f5580000, 0x00000000fe300000, 0x0000000100000000)
  eden space 142848K, 0% used [0x00000000f5580000,0x00000000f5580000,0x00000000fe100000)
  from space 1024K, 15% used [0x00000000fe100000,0x00000000fe128000,0x00000000fe200000)
  to   space 1024K, 0% used [0x00000000fe200000,0x00000000fe200000,0x00000000fe300000)
 ParOldGen       total 114176K, used 57440K [0x00000000e0000000, 0x00000000e6f80000, 0x00000000f5580000)
  object space 114176K, 50% used [0x00000000e0000000,0x00000000e38182d0,0x00000000e6f80000)
 Metaspace       used 91489K, capacity 98658K, committed 99072K, reserved 1134592K
  class space    used 10960K, capacity 12933K, committed 13056K, reserved 1048576K
Event: 39712.979 GC heap after
Heap after GC invocations=677 (full 324):
 PSYoungGen      total 143872K, used 0K [0x00000000f5580000, 0x00000000fe300000, 0x0000000100000000)
  eden space 142848K, 0% used [0x00000000f5580000,0x00000000f5580000,0x00000000fe100000)
  from space 1024K, 0% used [0x00000000fe100000,0x00000000fe100000,0x00000000fe200000)
  to   space 1024K, 0% used [0x00000000fe200000,0x00000000fe200000,0x00000000fe300000)
 ParOldGen       total 114176K, used 57298K [0x00000000e0000000, 0x00000000e6f80000, 0x00000000f5580000)
  object space 114176K, 50% used [0x00000000e0000000,0x00000000e37f4b78,0x00000000e6f80000)
 Metaspace       used 91489K, capacity 98658K, committed 99072K, reserved 1134592K
  class space    used 10960K, capacity 12933K, committed 13056K, reserved 1048576K
}

