# JRE version: Java(TM) SE Runtime Environment (8.0_45-b15) (build 1.8.0_45-b15)
# Java VM: Java HotSpot(TM) 64-Bit Server VM (25.45-b02 mixed mode windows-amd64 compressed oops)
Heap:
 PSYoungGen      total 115200K, used 45218K [0x00000000f5580000, 0x00000000fdc80000, 0x0000000100000000)
  eden space 97280K, 33% used [0x00000000f5580000,0x00000000f74de308,0x00000000fb480000)
  from space 17920K, 73% used [0x00000000fcb00000,0x00000000fd7ca628,0x00000000fdc80000)
  to   space 20480K, 0% used [0x00000000fb480000,0x00000000fb480000,0x00000000fc880000)
 ParOldGen       total 117760K, used 68981K [0x00000000e0000000, 0x00000000e7300000, 0x00000000f5580000)
  object space 117760K, 58% used [0x00000000e0000000,0x00000000e435d750,0x00000000e7300000)
 Metaspace       used 96480K, capacity 103344K, committed 103680K, reserved 1138688K
  class space    used 11614K, capacity 13744K, committed 13824K, reserved 1048576K
GC Heap History (10 events):
Event: 1061.222 GC heap before
{Heap before GC invocations=47 (full 5):
 PSYoungGen      total 134144K, used 121965K [0x00000000f5580000, 0x00000000fee00000, 0x0000000100000000)
  eden space 112128K, 100% used [0x00000000f5580000,0x00000000fc300000,0x00000000fc300000)
  from space 22016K, 44% used [0x00000000fc300000,0x00000000fcc9b468,0x00000000fd880000)
  to   space 20992K, 0% used [0x00000000fd980000,0x00000000fd980000,0x00000000fee00000)
 ParOldGen       total 117760K, used 66867K [0x00000000e0000000, 0x00000000e7300000, 0x00000000f5580000)
  object space 117760K, 56% used [0x00000000e0000000,0x00000000e414cf90,0x00000000e7300000)
 Metaspace       used 95405K, capacity 102304K, committed 102528K, reserved 1138688K
  class space    used 11538K, capacity 13614K, committed 13696K, reserved 1048576K
Event: 1061.290 GC heap after
Heap after GC invocations=47 (full 5):
 PSYoungGen      total 125952K, used 15395K [0x00000000f5580000, 0x00000000fea00000, 0x0000000100000000)
  eden space 109056K, 0% used [0x00000000f5580000,0x00000000f5580000,0x00000000fc000000)
  from space 16896K, 91% used [0x00000000fd980000,0x00000000fe888fd8,0x00000000fea00000)
  to   space 21504K, 0% used [0x00000000fc000000,0x00000000fc000000,0x00000000fd500000)
 ParOldGen       total 117760K, used 66875K [0x00000000e0000000, 0x00000000e7300000, 0x00000000f5580000)
  object space 117760K, 56% used [0x00000000e0000000,0x00000000e414ef90,0x00000000e7300000)
 Metaspace       used 95405K, capacity 102304K, committed 102528K, reserved 1138688K
  class space    used 11538K, capacity 13614K, committed 13696K, reserved 1048576K
}
Event: 1137.387 GC heap before
{Heap before GC invocations=48 (full 5):
 PSYoungGen      total 125952K, used 124451K [0x00000000f5580000, 0x00000000fea00000, 0x0000000100000000)
  eden space 109056K, 100% used [0x00000000f5580000,0x00000000fc000000,0x00000000fc000000)
  from space 16896K, 91% used [0x00000000fd980000,0x00000000fe888fd8,0x00000000fea00000)
  to   space 21504K, 0% used [0x00000000fc000000,0x00000000fc000000,0x00000000fd500000)
 ParOldGen       total 117760K, used 66875K [0x00000000e0000000, 0x00000000e7300000, 0x00000000f5580000)
  object space 117760K, 56% used [0x00000000e0000000,0x00000000e414ef90,0x00000000e7300000)
 Metaspace       used 95527K, capacity 102528K, committed 102784K, reserved 1138688K
  class space    used 11541K, capacity 13646K, committed 13696K, reserved 1048576K
Event: 1137.439 GC heap after
Heap after GC invocations=48 (full 5):
 PSYoungGen      total 119296K, used 13085K [0x00000000f5580000, 0x00000000fe700000, 0x0000000100000000)
  eden space 105984K, 0% used [0x00000000f5580000,0x00000000f5580000,0x00000000fbd00000)
  from space 13312K, 98% used [0x00000000fc000000,0x00000000fccc74c8,0x00000000fcd00000)
  to   space 21504K, 0% used [0x00000000fd200000,0x00000000fd200000,0x00000000fe700000)
 ParOldGen       total 117760K, used 67918K [0x00000000e0000000, 0x00000000e7300000, 0x00000000f5580000)
  object space 117760K, 57% used [0x00000000e0000000,0x00000000e4253898,0x00000000e7300000)
 Metaspace       used 95527K, capacity 102528K, committed 102784K, reserved 1138688K
  class space    used 11541K, capacity 13646K, committed 13696K, reserved 1048576K
}
Event: 1195.171 GC heap before
{Heap before GC invocations=49 (full 5):
 PSYoungGen      total 119296K, used 119069K [0x00000000f5580000, 0x00000000fe700000, 0x0000000100000000)
  eden space 105984K, 100% used [0x00000000f5580000,0x00000000fbd00000,0x00000000fbd00000)
  from space 13312K, 98% used [0x00000000fc000000,0x00000000fccc74c8,0x00000000fcd00000)
  to   space 21504K, 0% used [0x00000000fd200000,0x00000000fd200000,0x00000000fe700000)
 ParOldGen       total 117760K, used 67918K [0x00000000e0000000, 0x00000000e7300000, 0x00000000f5580000)
  object space 117760K, 57% used [0x00000000e0000000,0x00000000e4253898,0x00000000e7300000)
 Metaspace       used 95598K, capacity 102656K, committed 102784K, reserved 1138688K
  class space    used 11541K, capacity 13646K, committed 13696K, reserved 1048576K
Event: 1195.237 GC heap after
Heap after GC invocations=49 (full 5):
 PSYoungGen      total 120320K, used 12741K [0x00000000f5580000, 0x00000000fe300000, 0x0000000100000000)
  eden space 102912K, 0% used [0x00000000f5580000,0x00000000f5580000,0x00000000fba00000)
  from space 17408K, 73% used [0x00000000fd200000,0x00000000fde71688,0x00000000fe300000)
  to   space 20992K, 0% used [0x00000000fba00000,0x00000000fba00000,0x00000000fce80000)
 ParOldGen       total 117760K, used 68702K [0x00000000e0000000, 0x00000000e7300000, 0x00000000f5580000)
  object space 117760K, 58% used [0x00000000e0000000,0x00000000e4317ab0,0x00000000e7300000)
 Metaspace       used 95598K, capacity 102656K, committed 102784K, reserved 1138688K
  class space    used 11541K, capacity 13646K, committed 13696K, reserved 1048576K
}
Event: 1244.766 GC heap before
{Heap before GC invocations=50 (full 5):
 PSYoungGen      total 120320K, used 115653K [0x00000000f5580000, 0x00000000fe300000, 0x0000000100000000)
  eden space 102912K, 100% used [0x00000000f5580000,0x00000000fba00000,0x00000000fba00000)
  from space 17408K, 73% used [0x00000000fd200000,0x00000000fde71688,0x00000000fe300000)
  to   space 20992K, 0% used [0x00000000fba00000,0x00000000fba00000,0x00000000fce80000)
 ParOldGen       total 117760K, used 68702K [0x00000000e0000000, 0x00000000e7300000, 0x00000000f5580000)
  object space 117760K, 58% used [0x00000000e0000000,0x00000000e4317ab0,0x00000000e7300000)
 Metaspace       used 95698K, capacity 102720K, committed 103040K, reserved 1138688K
  class space    used 11542K, capacity 13646K, committed 13696K, reserved 1048576K
Event: 1244.818 GC heap after
Heap after GC invocations=50 (full 5):
 PSYoungGen      total 112640K, used 12758K [0x00000000f5580000, 0x00000000fdf00000, 0x0000000100000000)
  eden space 99840K, 0% used [0x00000000f5580000,0x00000000f5580000,0x00000000fb700000)
  from space 12800K, 99% used [0x00000000fba00000,0x00000000fc675838,0x00000000fc680000)
  to   space 20480K, 0% used [0x00000000fcb00000,0x00000000fcb00000,0x00000000fdf00000)
 ParOldGen       total 117760K, used 68917K [0x00000000e0000000, 0x00000000e7300000, 0x00000000f5580000)
  object space 117760K, 58% used [0x00000000e0000000,0x00000000e434d750,0x00000000e7300000)
 Metaspace       used 95698K, capacity 102720K, committed 103040K, reserved 1138688K
  class space    used 11542K, capacity 13646K, committed 13696K, reserved 1048576K
}
Event: 1586.189 GC heap before
{Heap before GC invocations=51 (full 5):
 PSYoungGen      total 112640K, used 112598K [0x00000000f5580000, 0x00000000fdf00000, 0x0000000100000000)
  eden space 99840K, 100% used [0x00000000f5580000,0x00000000fb700000,0x00000000fb700000)
  from space 12800K, 99% used [0x00000000fba00000,0x00000000fc675838,0x00000000fc680000)
  to   space 20480K, 0% used [0x00000000fcb00000,0x00000000fcb00000,0x00000000fdf00000)
 ParOldGen       total 117760K, used 68917K [0x00000000e0000000, 0x00000000e7300000, 0x00000000f5580000)
  object space 117760K, 58% used [0x00000000e0000000,0x00000000e434d750,0x00000000e7300000)
 Metaspace       used 95921K, capacity 102880K, committed 103040K, reserved 1138688K
  class space    used 11549K, capacity 13678K, committed 13696K, reserved 1048576K
Event: 1586.275 GC heap after
Heap after GC invocations=51 (full 5):
 PSYoungGen      total 115200K, used 13097K [0x00000000f5580000, 0x00000000fdc80000, 0x0000000100000000)
  eden space 97280K, 0% used [0x00000000f5580000,0x00000000f5580000,0x00000000fb480000)
  from space 17920K, 73% used [0x00000000fcb00000,0x00000000fd7ca628,0x00000000fdc80000)
  to   space 20480K, 0% used [0x00000000fb480000,0x00000000fb480000,0x00000000fc880000)
 ParOldGen       total 117760K, used 68981K [0x00000000e0000000, 0x00000000e7300000, 0x00000000f5580000)
  object space 117760K, 58% used [0x00000000e0000000,0x00000000e435d750,0x00000000e7300000)
 Metaspace       used 95921K, capacity 102880K, committed 103040K, reserved 1138688K
  class space    used 11549K, capacity 13678K, committed 13696K, reserved 1048576K
}

