# JRE version: Java(TM) SE Runtime Environment (8.0_45-b15) (build 1.8.0_45-b15)
# Java VM: Java HotSpot(TM) 64-Bit Server VM (25.45-b02 mixed mode windows-amd64 compressed oops)
Heap:
 PSYoungGen      total 105472K, used 76403K [0x00000000f5580000, 0x00000000fca00000, 0x0000000100000000)
  eden space 91648K, 74% used [0x00000000f5580000,0x00000000f97d8318,0x00000000faf00000)
  from space 13824K, 61% used [0x00000000fbc80000,0x00000000fc4c4ce0,0x00000000fca00000)
  to   space 13824K, 0% used [0x00000000faf00000,0x00000000faf00000,0x00000000fbc80000)
 ParOldGen       total 117248K, used 50612K [0x00000000e0000000, 0x00000000e7280000, 0x00000000f5580000)
  object space 117248K, 43% used [0x00000000e0000000,0x00000000e316d1a0,0x00000000e7280000)
 Metaspace       used 95392K, capacity 102386K, committed 102656K, reserved 1138688K
  class space    used 11403K, capacity 13519K, committed 13568K, reserved 1048576K
GC Heap History (10 events):
Event: 2067.294 GC heap before
{Heap before GC invocations=51 (full 11):
 PSYoungGen      total 105472K, used 4068K [0x00000000f5580000, 0x00000000fcc00000, 0x0000000100000000)
  eden space 90624K, 0% used [0x00000000f5580000,0x00000000f5580000,0x00000000fae00000)
  from space 14848K, 27% used [0x00000000fbd80000,0x00000000fc179278,0x00000000fcc00000)
  to   space 15360K, 0% used [0x00000000fae00000,0x00000000fae00000,0x00000000fbd00000)
 ParOldGen       total 117248K, used 51020K [0x00000000e0000000, 0x00000000e7280000, 0x00000000f5580000)
  object space 117248K, 43% used [0x00000000e0000000,0x00000000e31d3380,0x00000000e7280000)
 Metaspace       used 94146K, capacity 101162K, committed 101504K, reserved 1136640K
  class space    used 11315K, capacity 13413K, committed 13440K, reserved 1048576K
Event: 2068.381 GC heap after
Heap after GC invocations=51 (full 11):
 PSYoungGen      total 105472K, used 0K [0x00000000f5580000, 0x00000000fcc00000, 0x0000000100000000)
  eden space 90624K, 0% used [0x00000000f5580000,0x00000000f5580000,0x00000000fae00000)
  from space 14848K, 0% used [0x00000000fbd80000,0x00000000fbd80000,0x00000000fcc00000)
  to   space 15360K, 0% used [0x00000000fae00000,0x00000000fae00000,0x00000000fbd00000)
 ParOldGen       total 117248K, used 50580K [0x00000000e0000000, 0x00000000e7280000, 0x00000000f5580000)
  object space 117248K, 43% used [0x00000000e0000000,0x00000000e31651a0,0x00000000e7280000)
 Metaspace       used 94146K, capacity 101162K, committed 101504K, reserved 1136640K
  class space    used 11315K, capacity 13413K, committed 13440K, reserved 1048576K
}
Event: 2106.975 GC heap before
{Heap before GC invocations=52 (full 11):
 PSYoungGen      total 105472K, used 90624K [0x00000000f5580000, 0x00000000fcc00000, 0x0000000100000000)
  eden space 90624K, 100% used [0x00000000f5580000,0x00000000fae00000,0x00000000fae00000)
  from space 14848K, 0% used [0x00000000fbd80000,0x00000000fbd80000,0x00000000fcc00000)
  to   space 15360K, 0% used [0x00000000fae00000,0x00000000fae00000,0x00000000fbd00000)
 ParOldGen       total 117248K, used 50580K [0x00000000e0000000, 0x00000000e7280000, 0x00000000f5580000)
  object space 117248K, 43% used [0x00000000e0000000,0x00000000e31651a0,0x00000000e7280000)
 Metaspace       used 94206K, capacity 101226K, committed 101504K, reserved 1136640K
  class space    used 11316K, capacity 13413K, committed 13440K, reserved 1048576K
Event: 2106.991 GC heap after
Heap after GC invocations=52 (full 11):
 PSYoungGen      total 105984K, used 3423K [0x00000000f5580000, 0x00000000fcd00000, 0x0000000100000000)
  eden space 90624K, 0% used [0x00000000f5580000,0x00000000f5580000,0x00000000fae00000)
  from space 15360K, 22% used [0x00000000fae00000,0x00000000fb157e48,0x00000000fbd00000)
  to   space 15360K, 0% used [0x00000000fbe00000,0x00000000fbe00000,0x00000000fcd00000)
 ParOldGen       total 117248K, used 50588K [0x00000000e0000000, 0x00000000e7280000, 0x00000000f5580000)
  object space 117248K, 43% used [0x00000000e0000000,0x00000000e31671a0,0x00000000e7280000)
 Metaspace       used 94206K, capacity 101226K, committed 101504K, reserved 1136640K
  class space    used 11316K, capacity 13413K, committed 13440K, reserved 1048576K
}
Event: 2135.221 GC heap before
{Heap before GC invocations=53 (full 11):
 PSYoungGen      total 105984K, used 94047K [0x00000000f5580000, 0x00000000fcd00000, 0x0000000100000000)
  eden space 90624K, 100% used [0x00000000f5580000,0x00000000fae00000,0x00000000fae00000)
  from space 15360K, 22% used [0x00000000fae00000,0x00000000fb157e48,0x00000000fbd00000)
  to   space 15360K, 0% used [0x00000000fbe00000,0x00000000fbe00000,0x00000000fcd00000)
 ParOldGen       total 117248K, used 50588K [0x00000000e0000000, 0x00000000e7280000, 0x00000000f5580000)
  object space 117248K, 43% used [0x00000000e0000000,0x00000000e31671a0,0x00000000e7280000)
 Metaspace       used 94333K, capacity 101290K, committed 101504K, reserved 1136640K
  class space    used 11316K, capacity 13413K, committed 13440K, reserved 1048576K
Event: 2135.243 GC heap after
Heap after GC invocations=53 (full 11):
 PSYoungGen      total 104960K, used 4869K [0x00000000f5580000, 0x00000000fcb80000, 0x0000000100000000)
  eden space 91136K, 0% used [0x00000000f5580000,0x00000000f5580000,0x00000000fae80000)
  from space 13824K, 35% used [0x00000000fbe00000,0x00000000fc2c15b8,0x00000000fcb80000)
  to   space 14848K, 0% used [0x00000000fae80000,0x00000000fae80000,0x00000000fbd00000)
 ParOldGen       total 117248K, used 50596K [0x00000000e0000000, 0x00000000e7280000, 0x00000000f5580000)
  object space 117248K, 43% used [0x00000000e0000000,0x00000000e31691a0,0x00000000e7280000)
 Metaspace       used 94333K, capacity 101290K, committed 101504K, reserved 1136640K
  class space    used 11316K, capacity 13413K, committed 13440K, reserved 1048576K
}
Event: 2179.547 GC heap before
{Heap before GC invocations=54 (full 11):
 PSYoungGen      total 104960K, used 96005K [0x00000000f5580000, 0x00000000fcb80000, 0x0000000100000000)
  eden space 91136K, 100% used [0x00000000f5580000,0x00000000fae80000,0x00000000fae80000)
  from space 13824K, 35% used [0x00000000fbe00000,0x00000000fc2c15b8,0x00000000fcb80000)
  to   space 14848K, 0% used [0x00000000fae80000,0x00000000fae80000,0x00000000fbd00000)
 ParOldGen       total 117248K, used 50596K [0x00000000e0000000, 0x00000000e7280000, 0x00000000f5580000)
  object space 117248K, 43% used [0x00000000e0000000,0x00000000e31691a0,0x00000000e7280000)
 Metaspace       used 94500K, capacity 101616K, committed 101760K, reserved 1138688K
  class space    used 11322K, capacity 13414K, committed 13440K, reserved 1048576K
Event: 2179.573 GC heap after
Heap after GC invocations=54 (full 11):
 PSYoungGen      total 97792K, used 6533K [0x00000000f5580000, 0x00000000fca00000, 0x0000000100000000)
  eden space 91136K, 0% used [0x00000000f5580000,0x00000000f5580000,0x00000000fae80000)
  from space 6656K, 98% used [0x00000000fae80000,0x00000000fb4e1498,0x00000000fb500000)
  to   space 13824K, 0% used [0x00000000fbc80000,0x00000000fbc80000,0x00000000fca00000)
 ParOldGen       total 117248K, used 50604K [0x00000000e0000000, 0x00000000e7280000, 0x00000000f5580000)
  object space 117248K, 43% used [0x00000000e0000000,0x00000000e316b1a0,0x00000000e7280000)
 Metaspace       used 94500K, capacity 101616K, committed 101760K, reserved 1138688K
  class space    used 11322K, capacity 13414K, committed 13440K, reserved 1048576K
}
Event: 2226.664 GC heap before
{Heap before GC invocations=55 (full 11):
 PSYoungGen      total 97792K, used 97669K [0x00000000f5580000, 0x00000000fca00000, 0x0000000100000000)
  eden space 91136K, 100% used [0x00000000f5580000,0x00000000fae80000,0x00000000fae80000)
  from space 6656K, 98% used [0x00000000fae80000,0x00000000fb4e1498,0x00000000fb500000)
  to   space 13824K, 0% used [0x00000000fbc80000,0x00000000fbc80000,0x00000000fca00000)
 ParOldGen       total 117248K, used 50604K [0x00000000e0000000, 0x00000000e7280000, 0x00000000f5580000)
  object space 117248K, 43% used [0x00000000e0000000,0x00000000e316b1a0,0x00000000e7280000)
 Metaspace       used 94879K, capacity 101978K, committed 102400K, reserved 1138688K
  class space    used 11353K, capacity 13451K, committed 13568K, reserved 1048576K
Event: 2226.694 GC heap after
Heap after GC invocations=55 (full 11):
 PSYoungGen      total 105472K, used 8467K [0x00000000f5580000, 0x00000000fca00000, 0x0000000100000000)
  eden space 91648K, 0% used [0x00000000f5580000,0x00000000f5580000,0x00000000faf00000)
  from space 13824K, 61% used [0x00000000fbc80000,0x00000000fc4c4ce0,0x00000000fca00000)
  to   space 13824K, 0% used [0x00000000faf00000,0x00000000faf00000,0x00000000fbc80000)
 ParOldGen       total 117248K, used 50612K [0x00000000e0000000, 0x00000000e7280000, 0x00000000f5580000)
  object space 117248K, 43% used [0x00000000e0000000,0x00000000e316d1a0,0x00000000e7280000)
 Metaspace       used 94879K, capacity 101978K, committed 102400K, reserved 1138688K
  class space    used 11353K, capacity 13451K, committed 13568K, reserved 1048576K
}

