# JRE version: Java(TM) SE Runtime Environment (8.0_45-b15) (build 1.8.0_45-b15)
# Java VM: Java HotSpot(TM) 64-Bit Server VM (25.45-b02 mixed mode windows-amd64 compressed oops)
Heap:
 PSYoungGen      total 94208K, used 20472K [0x00000000f5580000, 0x00000000fd300000, 0x0000000100000000)
  eden space 64000K, 22% used [0x00000000f5580000,0x00000000f635f7e0,0x00000000f9400000)
  from space 30208K, 20% used [0x00000000fb580000,0x00000000fbb9e9d8,0x00000000fd300000)
  to   space 32256K, 0% used [0x00000000f9400000,0x00000000f9400000,0x00000000fb380000)
 ParOldGen       total 111104K, used 62914K [0x00000000e0000000, 0x00000000e6c80000, 0x00000000f5580000)
  object space 111104K, 56% used [0x00000000e0000000,0x00000000e3d70928,0x00000000e6c80000)
 Metaspace       used 88296K, capacity 95238K, committed 95360K, reserved 1132544K
  class space    used 10500K, capacity 12616K, committed 12672K, reserved 1048576K
GC Heap History (10 events):
Event: 1189.163 GC heap before
{Heap before GC invocations=35 (full 3):
 PSYoungGen      total 82432K, used 82028K [0x00000000f5580000, 0x00000000fdf80000, 0x0000000100000000)
  eden space 71680K, 100% used [0x00000000f5580000,0x00000000f9b80000,0x00000000f9b80000)
  from space 10752K, 96% used [0x00000000f9d00000,0x00000000fa71b398,0x00000000fa780000)
  to   space 34816K, 0% used [0x00000000fbd80000,0x00000000fbd80000,0x00000000fdf80000)
 ParOldGen       total 111104K, used 61125K [0x00000000e0000000, 0x00000000e6c80000, 0x00000000f5580000)
  object space 111104K, 55% used [0x00000000e0000000,0x00000000e3bb16f8,0x00000000e6c80000)
 Metaspace       used 87421K, capacity 94402K, committed 94720K, reserved 1132544K
  class space    used 10434K, capacity 12450K, committed 12544K, reserved 1048576K
Event: 1189.188 GC heap after
Heap after GC invocations=35 (full 3):
 PSYoungGen      total 102400K, used 10134K [0x00000000f5580000, 0x00000000fdd00000, 0x0000000100000000)
  eden space 70144K, 0% used [0x00000000f5580000,0x00000000f5580000,0x00000000f9a00000)
  from space 32256K, 31% used [0x00000000fbd80000,0x00000000fc765998,0x00000000fdd00000)
  to   space 34304K, 0% used [0x00000000f9a00000,0x00000000f9a00000,0x00000000fbb80000)
 ParOldGen       total 111104K, used 61367K [0x00000000e0000000, 0x00000000e6c80000, 0x00000000f5580000)
  object space 111104K, 55% used [0x00000000e0000000,0x00000000e3bede60,0x00000000e6c80000)
 Metaspace       used 87421K, capacity 94402K, committed 94720K, reserved 1132544K
  class space    used 10434K, capacity 12450K, committed 12544K, reserved 1048576K
}
Event: 1261.060 GC heap before
{Heap before GC invocations=36 (full 3):
 PSYoungGen      total 102400K, used 80278K [0x00000000f5580000, 0x00000000fdd00000, 0x0000000100000000)
  eden space 70144K, 100% used [0x00000000f5580000,0x00000000f9a00000,0x00000000f9a00000)
  from space 32256K, 31% used [0x00000000fbd80000,0x00000000fc765998,0x00000000fdd00000)
  to   space 34304K, 0% used [0x00000000f9a00000,0x00000000f9a00000,0x00000000fbb80000)
 ParOldGen       total 111104K, used 61367K [0x00000000e0000000, 0x00000000e6c80000, 0x00000000f5580000)
  object space 111104K, 55% used [0x00000000e0000000,0x00000000e3bede60,0x00000000e6c80000)
 Metaspace       used 87540K, capacity 94414K, committed 94720K, reserved 1132544K
  class space    used 10437K, capacity 12452K, committed 12544K, reserved 1048576K
Event: 1261.081 GC heap after
Heap after GC invocations=36 (full 3):
 PSYoungGen      total 78336K, used 9627K [0x00000000f5580000, 0x00000000fda80000, 0x0000000100000000)
  eden space 68608K, 0% used [0x00000000f5580000,0x00000000f5580000,0x00000000f9880000)
  from space 9728K, 98% used [0x00000000f9a00000,0x00000000fa366f00,0x00000000fa380000)
  to   space 33792K, 0% used [0x00000000fb980000,0x00000000fb980000,0x00000000fda80000)
 ParOldGen       total 111104K, used 61575K [0x00000000e0000000, 0x00000000e6c80000, 0x00000000f5580000)
  object space 111104K, 55% used [0x00000000e0000000,0x00000000e3c21e70,0x00000000e6c80000)
 Metaspace       used 87540K, capacity 94414K, committed 94720K, reserved 1132544K
  class space    used 10437K, capacity 12452K, committed 12544K, reserved 1048576K
}
Event: 1265.460 GC heap before
{Heap before GC invocations=37 (full 3):
 PSYoungGen      total 78336K, used 78235K [0x00000000f5580000, 0x00000000fda80000, 0x0000000100000000)
  eden space 68608K, 100% used [0x00000000f5580000,0x00000000f9880000,0x00000000f9880000)
  from space 9728K, 98% used [0x00000000f9a00000,0x00000000fa366f00,0x00000000fa380000)
  to   space 33792K, 0% used [0x00000000fb980000,0x00000000fb980000,0x00000000fda80000)
 ParOldGen       total 111104K, used 61575K [0x00000000e0000000, 0x00000000e6c80000, 0x00000000f5580000)
  object space 111104K, 55% used [0x00000000e0000000,0x00000000e3c21e70,0x00000000e6c80000)
 Metaspace       used 87562K, capacity 94484K, committed 94720K, reserved 1132544K
  class space    used 10438K, capacity 12453K, committed 12544K, reserved 1048576K
Event: 1265.476 GC heap after
Heap after GC invocations=37 (full 3):
 PSYoungGen      total 98304K, used 9329K [0x00000000f5580000, 0x00000000fd800000, 0x0000000100000000)
  eden space 67072K, 0% used [0x00000000f5580000,0x00000000f5580000,0x00000000f9700000)
  from space 31232K, 29% used [0x00000000fb980000,0x00000000fc29c470,0x00000000fd800000)
  to   space 33280K, 0% used [0x00000000f9700000,0x00000000f9700000,0x00000000fb780000)
 ParOldGen       total 111104K, used 62090K [0x00000000e0000000, 0x00000000e6c80000, 0x00000000f5580000)
  object space 111104K, 55% used [0x00000000e0000000,0x00000000e3ca2b18,0x00000000e6c80000)
 Metaspace       used 87562K, capacity 94484K, committed 94720K, reserved 1132544K
  class space    used 10438K, capacity 12453K, committed 12544K, reserved 1048576K
}
Event: 1275.807 GC heap before
{Heap before GC invocations=38 (full 3):
 PSYoungGen      total 98304K, used 76401K [0x00000000f5580000, 0x00000000fd800000, 0x0000000100000000)
  eden space 67072K, 100% used [0x00000000f5580000,0x00000000f9700000,0x00000000f9700000)
  from space 31232K, 29% used [0x00000000fb980000,0x00000000fc29c470,0x00000000fd800000)
  to   space 33280K, 0% used [0x00000000f9700000,0x00000000f9700000,0x00000000fb780000)
 ParOldGen       total 111104K, used 62090K [0x00000000e0000000, 0x00000000e6c80000, 0x00000000f5580000)
  object space 111104K, 55% used [0x00000000e0000000,0x00000000e3ca2b18,0x00000000e6c80000)
 Metaspace       used 87674K, capacity 94630K, committed 94976K, reserved 1132544K
  class space    used 10442K, capacity 12456K, committed 12544K, reserved 1048576K
Event: 1275.823 GC heap after
Heap after GC invocations=38 (full 3):
 PSYoungGen      total 74240K, used 8560K [0x00000000f5580000, 0x00000000fd580000, 0x0000000100000000)
  eden space 65536K, 0% used [0x00000000f5580000,0x00000000f5580000,0x00000000f9580000)
  from space 8704K, 98% used [0x00000000f9700000,0x00000000f9f5c208,0x00000000f9f80000)
  to   space 32768K, 0% used [0x00000000fb580000,0x00000000fb580000,0x00000000fd580000)
 ParOldGen       total 111104K, used 62866K [0x00000000e0000000, 0x00000000e6c80000, 0x00000000f5580000)
  object space 111104K, 56% used [0x00000000e0000000,0x00000000e3d64928,0x00000000e6c80000)
 Metaspace       used 87674K, capacity 94630K, committed 94976K, reserved 1132544K
  class space    used 10442K, capacity 12456K, committed 12544K, reserved 1048576K
}
Event: 1284.739 GC heap before
{Heap before GC invocations=39 (full 3):
 PSYoungGen      total 74240K, used 74096K [0x00000000f5580000, 0x00000000fd580000, 0x0000000100000000)
  eden space 65536K, 100% used [0x00000000f5580000,0x00000000f9580000,0x00000000f9580000)
  from space 8704K, 98% used [0x00000000f9700000,0x00000000f9f5c208,0x00000000f9f80000)
  to   space 32768K, 0% used [0x00000000fb580000,0x00000000fb580000,0x00000000fd580000)
 ParOldGen       total 111104K, used 62866K [0x00000000e0000000, 0x00000000e6c80000, 0x00000000f5580000)
  object space 111104K, 56% used [0x00000000e0000000,0x00000000e3d64928,0x00000000e6c80000)
 Metaspace       used 87847K, capacity 94886K, committed 94976K, reserved 1132544K
  class space    used 10454K, capacity 12520K, committed 12544K, reserved 1048576K
Event: 1284.757 GC heap after
Heap after GC invocations=39 (full 3):
 PSYoungGen      total 94208K, used 6266K [0x00000000f5580000, 0x00000000fd300000, 0x0000000100000000)
  eden space 64000K, 0% used [0x00000000f5580000,0x00000000f5580000,0x00000000f9400000)
  from space 30208K, 20% used [0x00000000fb580000,0x00000000fbb9e9d8,0x00000000fd300000)
  to   space 32256K, 0% used [0x00000000f9400000,0x00000000f9400000,0x00000000fb380000)
 ParOldGen       total 111104K, used 62914K [0x00000000e0000000, 0x00000000e6c80000, 0x00000000f5580000)
  object space 111104K, 56% used [0x00000000e0000000,0x00000000e3d70928,0x00000000e6c80000)
 Metaspace       used 87847K, capacity 94886K, committed 94976K, reserved 1132544K
  class space    used 10454K, capacity 12520K, committed 12544K, reserved 1048576K
}

