# JRE version: Java(TM) SE Runtime Environment (8.0_45-b15) (build 1.8.0_45-b15)
# Java VM: Java HotSpot(TM) 64-Bit Server VM (25.45-b02 mixed mode windows-amd64 compressed oops)
Heap:
 PSYoungGen      total 111616K, used 77635K [0x00000000f5580000, 0x00000000fd700000, 0x0000000100000000)
  eden space 92672K, 81% used [0x00000000f5580000,0x00000000f9ef00a0,0x00000000fb000000)
  from space 18944K, 12% used [0x00000000fb000000,0x00000000fb260e40,0x00000000fc280000)
  to   space 19456K, 0% used [0x00000000fc400000,0x00000000fc400000,0x00000000fd700000)
 ParOldGen       total 105472K, used 40975K [0x00000000e0000000, 0x00000000e6700000, 0x00000000f5580000)
  object space 105472K, 38% used [0x00000000e0000000,0x00000000e2803c60,0x00000000e6700000)
 Metaspace       used 79963K, capacity 86526K, committed 86936K, reserved 1124352K
  class space    used 9627K, capacity 11630K, committed 11672K, reserved 1048576K
GC Heap History (10 events):
Event: 783.852 GC heap before
{Heap before GC invocations=28 (full 4):
 PSYoungGen      total 109568K, used 109222K [0x00000000f5580000, 0x00000000fd900000, 0x0000000100000000)
  eden space 95744K, 100% used [0x00000000f5580000,0x00000000fb300000,0x00000000fb300000)
  from space 13824K, 97% used [0x00000000fb780000,0x00000000fc4a9830,0x00000000fc500000)
  to   space 19456K, 0% used [0x00000000fc600000,0x00000000fc600000,0x00000000fd900000)
 ParOldGen       total 105472K, used 40468K [0x00000000e0000000, 0x00000000e6700000, 0x00000000f5580000)
  object space 105472K, 38% used [0x00000000e0000000,0x00000000e27853f0,0x00000000e6700000)
 Metaspace       used 78795K, capacity 85328K, committed 85528K, reserved 1124352K
  class space    used 9562K, capacity 11543K, committed 11544K, reserved 1048576K
Event: 783.873 GC heap after
Heap after GC invocations=28 (full 4):
 PSYoungGen      total 109056K, used 11481K [0x00000000f5580000, 0x00000000fd580000, 0x0000000100000000)
  eden space 93184K, 0% used [0x00000000f5580000,0x00000000f5580000,0x00000000fb080000)
  from space 15872K, 72% used [0x00000000fc600000,0x00000000fd136640,0x00000000fd580000)
  to   space 18944K, 0% used [0x00000000fb080000,0x00000000fb080000,0x00000000fc300000)
 ParOldGen       total 105472K, used 40476K [0x00000000e0000000, 0x00000000e6700000, 0x00000000f5580000)
  object space 105472K, 38% used [0x00000000e0000000,0x00000000e27873f0,0x00000000e6700000)
 Metaspace       used 78795K, capacity 85328K, committed 85528K, reserved 1124352K
  class space    used 9562K, capacity 11543K, committed 11544K, reserved 1048576K
}
Event: 970.657 GC heap before
{Heap before GC invocations=29 (full 4):
 PSYoungGen      total 109056K, used 49985K [0x00000000f5580000, 0x00000000fd580000, 0x0000000100000000)
  eden space 93184K, 41% used [0x00000000f5580000,0x00000000f7b19e10,0x00000000fb080000)
  from space 15872K, 72% used [0x00000000fc600000,0x00000000fd136640,0x00000000fd580000)
  to   space 18944K, 0% used [0x00000000fb080000,0x00000000fb080000,0x00000000fc300000)
 ParOldGen       total 105472K, used 40476K [0x00000000e0000000, 0x00000000e6700000, 0x00000000f5580000)
  object space 105472K, 38% used [0x00000000e0000000,0x00000000e27873f0,0x00000000e6700000)
 Metaspace       used 78973K, capacity 85392K, committed 85528K, reserved 1124352K
  class space    used 9563K, capacity 11543K, committed 11544K, reserved 1048576K
Event: 970.676 GC heap after
Heap after GC invocations=29 (full 4):
 PSYoungGen      total 104448K, used 10998K [0x00000000f5580000, 0x00000000fd480000, 0x0000000100000000)
  eden space 93184K, 0% used [0x00000000f5580000,0x00000000f5580000,0x00000000fb080000)
  from space 11264K, 97% used [0x00000000fb080000,0x00000000fbb3d810,0x00000000fbb80000)
  to   space 18432K, 0% used [0x00000000fc280000,0x00000000fc280000,0x00000000fd480000)
 ParOldGen       total 105472K, used 40484K [0x00000000e0000000, 0x00000000e6700000, 0x00000000f5580000)
  object space 105472K, 38% used [0x00000000e0000000,0x00000000e27893f0,0x00000000e6700000)
 Metaspace       used 78973K, capacity 85392K, committed 85528K, reserved 1124352K
  class space    used 9563K, capacity 11543K, committed 11544K, reserved 1048576K
}
Event: 970.676 GC heap before
{Heap before GC invocations=30 (full 5):
 PSYoungGen      total 104448K, used 10998K [0x00000000f5580000, 0x00000000fd480000, 0x0000000100000000)
  eden space 93184K, 0% used [0x00000000f5580000,0x00000000f5580000,0x00000000fb080000)
  from space 11264K, 97% used [0x00000000fb080000,0x00000000fbb3d810,0x00000000fbb80000)
  to   space 18432K, 0% used [0x00000000fc280000,0x00000000fc280000,0x00000000fd480000)
 ParOldGen       total 105472K, used 40484K [0x00000000e0000000, 0x00000000e6700000, 0x00000000f5580000)
  object space 105472K, 38% used [0x00000000e0000000,0x00000000e27893f0,0x00000000e6700000)
 Metaspace       used 78973K, capacity 85392K, committed 85528K, reserved 1124352K
  class space    used 9563K, capacity 11543K, committed 11544K, reserved 1048576K
Event: 971.068 GC heap after
Heap after GC invocations=30 (full 5):
 PSYoungGen      total 104448K, used 0K [0x00000000f5580000, 0x00000000fd480000, 0x0000000100000000)
  eden space 93184K, 0% used [0x00000000f5580000,0x00000000f5580000,0x00000000fb080000)
  from space 11264K, 0% used [0x00000000fb080000,0x00000000fb080000,0x00000000fbb80000)
  to   space 18432K, 0% used [0x00000000fc280000,0x00000000fc280000,0x00000000fd480000)
 ParOldGen       total 105472K, used 40959K [0x00000000e0000000, 0x00000000e6700000, 0x00000000f5580000)
  object space 105472K, 38% used [0x00000000e0000000,0x00000000e27ffc60,0x00000000e6700000)
 Metaspace       used 78941K, capacity 85338K, committed 85528K, reserved 1124352K
  class space    used 9558K, capacity 11534K, committed 11544K, reserved 1048576K
}
Event: 994.678 GC heap before
{Heap before GC invocations=31 (full 5):
 PSYoungGen      total 104448K, used 93184K [0x00000000f5580000, 0x00000000fd480000, 0x0000000100000000)
  eden space 93184K, 100% used [0x00000000f5580000,0x00000000fb080000,0x00000000fb080000)
  from space 11264K, 0% used [0x00000000fb080000,0x00000000fb080000,0x00000000fbb80000)
  to   space 18432K, 0% used [0x00000000fc280000,0x00000000fc280000,0x00000000fd480000)
 ParOldGen       total 105472K, used 40959K [0x00000000e0000000, 0x00000000e6700000, 0x00000000f5580000)
  object space 105472K, 38% used [0x00000000e0000000,0x00000000e27ffc60,0x00000000e6700000)
 Metaspace       used 79089K, capacity 85466K, committed 85784K, reserved 1124352K
  class space    used 9561K, capacity 11534K, committed 11544K, reserved 1048576K
Event: 994.692 GC heap after
Heap after GC invocations=31 (full 5):
 PSYoungGen      total 111104K, used 4640K [0x00000000f5580000, 0x00000000fd700000, 0x0000000100000000)
  eden space 92672K, 0% used [0x00000000f5580000,0x00000000f5580000,0x00000000fb000000)
  from space 18432K, 25% used [0x00000000fc280000,0x00000000fc708058,0x00000000fd480000)
  to   space 18944K, 0% used [0x00000000fb000000,0x00000000fb000000,0x00000000fc280000)
 ParOldGen       total 105472K, used 40967K [0x00000000e0000000, 0x00000000e6700000, 0x00000000f5580000)
  object space 105472K, 38% used [0x00000000e0000000,0x00000000e2801c60,0x00000000e6700000)
 Metaspace       used 79089K, capacity 85466K, committed 85784K, reserved 1124352K
  class space    used 9561K, capacity 11534K, committed 11544K, reserved 1048576K
}
Event: 1033.437 GC heap before
{Heap before GC invocations=32 (full 5):
 PSYoungGen      total 111104K, used 97312K [0x00000000f5580000, 0x00000000fd700000, 0x0000000100000000)
  eden space 92672K, 100% used [0x00000000f5580000,0x00000000fb000000,0x00000000fb000000)
  from space 18432K, 25% used [0x00000000fc280000,0x00000000fc708058,0x00000000fd480000)
  to   space 18944K, 0% used [0x00000000fb000000,0x00000000fb000000,0x00000000fc280000)
 ParOldGen       total 105472K, used 40967K [0x00000000e0000000, 0x00000000e6700000, 0x00000000f5580000)
  object space 105472K, 38% used [0x00000000e0000000,0x00000000e2801c60,0x00000000e6700000)
 Metaspace       used 79280K, capacity 85722K, committed 86040K, reserved 1124352K
  class space    used 9561K, capacity 11534K, committed 11544K, reserved 1048576K
Event: 1033.444 GC heap after
Heap after GC invocations=32 (full 5):
 PSYoungGen      total 111616K, used 2435K [0x00000000f5580000, 0x00000000fd700000, 0x0000000100000000)
  eden space 92672K, 0% used [0x00000000f5580000,0x00000000f5580000,0x00000000fb000000)
  from space 18944K, 12% used [0x00000000fb000000,0x00000000fb260e40,0x00000000fc280000)
  to   space 19456K, 0% used [0x00000000fc400000,0x00000000fc400000,0x00000000fd700000)
 ParOldGen       total 105472K, used 40975K [0x00000000e0000000, 0x00000000e6700000, 0x00000000f5580000)
  object space 105472K, 38% used [0x00000000e0000000,0x00000000e2803c60,0x00000000e6700000)
 Metaspace       used 79280K, capacity 85722K, committed 86040K, reserved 1124352K
  class space    used 9561K, capacity 11534K, committed 11544K, reserved 1048576K
}

