# JRE version: Java(TM) SE Runtime Environment (8.0_45-b15) (build 1.8.0_45-b15)
# Java VM: Java HotSpot(TM) 64-Bit Server VM (25.45-b02 mixed mode windows-amd64 compressed oops)
Heap:
 PSYoungGen      total 109568K, used 48053K [0x00000000f5580000, 0x00000000fed80000, 0x0000000100000000)
  eden space 100352K, 38% used [0x00000000f5580000,0x00000000f7ba35e0,0x00000000fb780000)
  from space 9216K, 97% used [0x00000000fba80000,0x00000000fc34a200,0x00000000fc380000)
  to   space 27648K, 0% used [0x00000000fd280000,0x00000000fd280000,0x00000000fed80000)
 ParOldGen       total 100352K, used 56587K [0x00000000e0000000, 0x00000000e6200000, 0x00000000f5580000)
  object space 100352K, 56% used [0x00000000e0000000,0x00000000e3742fd0,0x00000000e6200000)
 Metaspace       used 94032K, capacity 101240K, committed 101504K, reserved 1136640K
  class space    used 11117K, capacity 13332K, committed 13440K, reserved 1048576K
GC Heap History (10 events):
Event: 1271.045 GC heap before
{Heap before GC invocations=45 (full 4):
 PSYoungGen      total 134656K, used 110611K [0x00000000f5580000, 0x00000000ffb00000, 0x0000000100000000)
  eden space 101888K, 100% used [0x00000000f5580000,0x00000000fb900000,0x00000000fb900000)
  from space 32768K, 26% used [0x00000000fdb00000,0x00000000fe384fd8,0x00000000ffb00000)
  to   space 33792K, 0% used [0x00000000fb900000,0x00000000fb900000,0x00000000fda00000)
 ParOldGen       total 100352K, used 56563K [0x00000000e0000000, 0x00000000e6200000, 0x00000000f5580000)
  object space 100352K, 56% used [0x00000000e0000000,0x00000000e373cfd0,0x00000000e6200000)
 Metaspace       used 90691K, capacity 97752K, committed 97920K, reserved 1134592K
  class space    used 10774K, capacity 12876K, committed 12928K, reserved 1048576K
Event: 1271.086 GC heap after
Heap after GC invocations=45 (full 4):
 PSYoungGen      total 108032K, used 8977K [0x00000000f5580000, 0x00000000ff600000, 0x0000000100000000)
  eden space 98816K, 0% used [0x00000000f5580000,0x00000000f5580000,0x00000000fb600000)
  from space 9216K, 97% used [0x00000000fb900000,0x00000000fc1c4798,0x00000000fc200000)
  to   space 32768K, 0% used [0x00000000fd600000,0x00000000fd600000,0x00000000ff600000)
 ParOldGen       total 100352K, used 56571K [0x00000000e0000000, 0x00000000e6200000, 0x00000000f5580000)
  object space 100352K, 56% used [0x00000000e0000000,0x00000000e373efd0,0x00000000e6200000)
 Metaspace       used 90691K, capacity 97752K, committed 97920K, reserved 1134592K
  class space    used 10774K, capacity 12876K, committed 12928K, reserved 1048576K
}
Event: 1272.467 GC heap before
{Heap before GC invocations=46 (full 4):
 PSYoungGen      total 108032K, used 107793K [0x00000000f5580000, 0x00000000ff600000, 0x0000000100000000)
  eden space 98816K, 100% used [0x00000000f5580000,0x00000000fb600000,0x00000000fb600000)
  from space 9216K, 97% used [0x00000000fb900000,0x00000000fc1c4798,0x00000000fc200000)
  to   space 32768K, 0% used [0x00000000fd600000,0x00000000fd600000,0x00000000ff600000)
 ParOldGen       total 100352K, used 56571K [0x00000000e0000000, 0x00000000e6200000, 0x00000000f5580000)
  object space 100352K, 56% used [0x00000000e0000000,0x00000000e373efd0,0x00000000e6200000)
 Metaspace       used 90705K, capacity 97816K, committed 97920K, reserved 1134592K
  class space    used 10774K, capacity 12876K, committed 12928K, reserved 1048576K
Event: 1272.518 GC heap after
Heap after GC invocations=46 (full 4):
 PSYoungGen      total 133120K, used 9578K [0x00000000f5580000, 0x00000000ff700000, 0x0000000100000000)
  eden space 100352K, 0% used [0x00000000f5580000,0x00000000f5580000,0x00000000fb780000)
  from space 32768K, 29% used [0x00000000fd600000,0x00000000fdf5ab38,0x00000000ff600000)
  to   space 31232K, 0% used [0x00000000fb780000,0x00000000fb780000,0x00000000fd600000)
 ParOldGen       total 100352K, used 56571K [0x00000000e0000000, 0x00000000e6200000, 0x00000000f5580000)
  object space 100352K, 56% used [0x00000000e0000000,0x00000000e373efd0,0x00000000e6200000)
 Metaspace       used 90705K, capacity 97816K, committed 97920K, reserved 1134592K
  class space    used 10774K, capacity 12876K, committed 12928K, reserved 1048576K
}
Event: 1313.722 GC heap before
{Heap before GC invocations=47 (full 4):
 PSYoungGen      total 133120K, used 109930K [0x00000000f5580000, 0x00000000ff700000, 0x0000000100000000)
  eden space 100352K, 100% used [0x00000000f5580000,0x00000000fb780000,0x00000000fb780000)
  from space 32768K, 29% used [0x00000000fd600000,0x00000000fdf5ab38,0x00000000ff600000)
  to   space 31232K, 0% used [0x00000000fb780000,0x00000000fb780000,0x00000000fd600000)
 ParOldGen       total 100352K, used 56571K [0x00000000e0000000, 0x00000000e6200000, 0x00000000f5580000)
  object space 100352K, 56% used [0x00000000e0000000,0x00000000e373efd0,0x00000000e6200000)
 Metaspace       used 90824K, capacity 97880K, committed 98176K, reserved 1134592K
  class space    used 10779K, capacity 12876K, committed 12928K, reserved 1048576K
Event: 1313.754 GC heap after
Heap after GC invocations=47 (full 4):
 PSYoungGen      total 131584K, used 8010K [0x00000000f5580000, 0x00000000ff600000, 0x0000000100000000)
  eden space 100352K, 0% used [0x00000000f5580000,0x00000000f5580000,0x00000000fb780000)
  from space 31232K, 25% used [0x00000000fb780000,0x00000000fbf52828,0x00000000fd600000)
  to   space 30208K, 0% used [0x00000000fd880000,0x00000000fd880000,0x00000000ff600000)
 ParOldGen       total 100352K, used 56571K [0x00000000e0000000, 0x00000000e6200000, 0x00000000f5580000)
  object space 100352K, 56% used [0x00000000e0000000,0x00000000e373efd0,0x00000000e6200000)
 Metaspace       used 90824K, capacity 97880K, committed 98176K, reserved 1134592K
  class space    used 10779K, capacity 12876K, committed 12928K, reserved 1048576K
}
Event: 1327.042 GC heap before
{Heap before GC invocations=48 (full 4):
 PSYoungGen      total 131584K, used 108362K [0x00000000f5580000, 0x00000000ff600000, 0x0000000100000000)
  eden space 100352K, 100% used [0x00000000f5580000,0x00000000fb780000,0x00000000fb780000)
  from space 31232K, 25% used [0x00000000fb780000,0x00000000fbf52828,0x00000000fd600000)
  to   space 30208K, 0% used [0x00000000fd880000,0x00000000fd880000,0x00000000ff600000)
 ParOldGen       total 100352K, used 56571K [0x00000000e0000000, 0x00000000e6200000, 0x00000000f5580000)
  object space 100352K, 56% used [0x00000000e0000000,0x00000000e373efd0,0x00000000e6200000)
 Metaspace       used 90917K, capacity 97944K, committed 98176K, reserved 1134592K
  class space    used 10779K, capacity 12876K, committed 12928K, reserved 1048576K
Event: 1327.078 GC heap after
Heap after GC invocations=48 (full 4):
 PSYoungGen      total 130048K, used 8554K [0x00000000f5580000, 0x00000000ff280000, 0x0000000100000000)
  eden space 103424K, 0% used [0x00000000f5580000,0x00000000f5580000,0x00000000fba80000)
  from space 26624K, 32% used [0x00000000fd880000,0x00000000fe0da9f0,0x00000000ff280000)
  to   space 28672K, 0% used [0x00000000fba80000,0x00000000fba80000,0x00000000fd680000)
 ParOldGen       total 100352K, used 56579K [0x00000000e0000000, 0x00000000e6200000, 0x00000000f5580000)
  object space 100352K, 56% used [0x00000000e0000000,0x00000000e3740fd0,0x00000000e6200000)
 Metaspace       used 90917K, capacity 97944K, committed 98176K, reserved 1134592K
  class space    used 10779K, capacity 12876K, committed 12928K, reserved 1048576K
}
Event: 1444.148 GC heap before
{Heap before GC invocations=49 (full 4):
 PSYoungGen      total 130048K, used 111978K [0x00000000f5580000, 0x00000000ff280000, 0x0000000100000000)
  eden space 103424K, 100% used [0x00000000f5580000,0x00000000fba80000,0x00000000fba80000)
  from space 26624K, 32% used [0x00000000fd880000,0x00000000fe0da9f0,0x00000000ff280000)
  to   space 28672K, 0% used [0x00000000fba80000,0x00000000fba80000,0x00000000fd680000)
 ParOldGen       total 100352K, used 56579K [0x00000000e0000000, 0x00000000e6200000, 0x00000000f5580000)
  object space 100352K, 56% used [0x00000000e0000000,0x00000000e3740fd0,0x00000000e6200000)
 Metaspace       used 93595K, capacity 100652K, committed 100864K, reserved 1136640K
  class space    used 11068K, capacity 13202K, committed 13312K, reserved 1048576K
Event: 1444.198 GC heap after
Heap after GC invocations=49 (full 4):
 PSYoungGen      total 109568K, used 9000K [0x00000000f5580000, 0x00000000fed80000, 0x0000000100000000)
  eden space 100352K, 0% used [0x00000000f5580000,0x00000000f5580000,0x00000000fb780000)
  from space 9216K, 97% used [0x00000000fba80000,0x00000000fc34a200,0x00000000fc380000)
  to   space 27648K, 0% used [0x00000000fd280000,0x00000000fd280000,0x00000000fed80000)
 ParOldGen       total 100352K, used 56587K [0x00000000e0000000, 0x00000000e6200000, 0x00000000f5580000)
  object space 100352K, 56% used [0x00000000e0000000,0x00000000e3742fd0,0x00000000e6200000)
 Metaspace       used 93595K, capacity 100652K, committed 100864K, reserved 1136640K
  class space    used 11068K, capacity 13202K, committed 13312K, reserved 1048576K
}

