# JRE version: Java(TM) SE Runtime Environment (8.0_45-b15) (build 1.8.0_45-b15)
# Java VM: Java HotSpot(TM) 64-Bit Server VM (25.45-b02 mixed mode windows-amd64 compressed oops)
Heap:
 PSYoungGen      total 130048K, used 84016K [0x00000000f5580000, 0x00000000fe800000, 0x0000000100000000)
  eden space 116224K, 60% used [0x00000000f5580000,0x00000000f9a6d900,0x00000000fc700000)
  from space 13824K, 97% used [0x00000000fda80000,0x00000000fe79e808,0x00000000fe800000)
  to   space 16896K, 0% used [0x00000000fc700000,0x00000000fc700000,0x00000000fd780000)
 ParOldGen       total 98304K, used 30285K [0x00000000e0000000, 0x00000000e6000000, 0x00000000f5580000)
  object space 98304K, 30% used [0x00000000e0000000,0x00000000e1d93498,0x00000000e6000000)
 Metaspace       used 65813K, capacity 71366K, committed 71552K, reserved 1112064K
  class space    used 8112K, capacity 9823K, committed 9856K, reserved 1048576K
GC Heap History (10 events):
Event: 25.144 GC heap before
{Heap before GC invocations=15 (full 3):
 PSYoungGen      total 85504K, used 80118K [0x00000000f5580000, 0x00000000fcd00000, 0x0000000100000000)
  eden space 67072K, 100% used [0x00000000f5580000,0x00000000f9700000,0x00000000f9700000)
  from space 18432K, 70% used [0x00000000f9700000,0x00000000fa3bd8b0,0x00000000fa900000)
  to   space 18944K, 0% used [0x00000000fba80000,0x00000000fba80000,0x00000000fcd00000)
 ParOldGen       total 98304K, used 30253K [0x00000000e0000000, 0x00000000e6000000, 0x00000000f5580000)
  object space 98304K, 30% used [0x00000000e0000000,0x00000000e1d8b498,0x00000000e6000000)
 Metaspace       used 59821K, capacity 65040K, committed 65152K, reserved 1105920K
  class space    used 7392K, capacity 9034K, committed 9088K, reserved 1048576K
Event: 25.164 GC heap after
Heap after GC invocations=15 (full 3):
 PSYoungGen      total 98304K, used 9989K [0x00000000f5580000, 0x00000000fc980000, 0x0000000100000000)
  eden space 82944K, 0% used [0x00000000f5580000,0x00000000f5580000,0x00000000fa680000)
  from space 15360K, 65% used [0x00000000fba80000,0x00000000fc441550,0x00000000fc980000)
  to   space 17920K, 0% used [0x00000000fa680000,0x00000000fa680000,0x00000000fb800000)
 ParOldGen       total 98304K, used 30261K [0x00000000e0000000, 0x00000000e6000000, 0x00000000f5580000)
  object space 98304K, 30% used [0x00000000e0000000,0x00000000e1d8d498,0x00000000e6000000)
 Metaspace       used 59821K, capacity 65040K, committed 65152K, reserved 1105920K
  class space    used 7392K, capacity 9034K, committed 9088K, reserved 1048576K
}
Event: 26.542 GC heap before
{Heap before GC invocations=16 (full 3):
 PSYoungGen      total 98304K, used 92933K [0x00000000f5580000, 0x00000000fc980000, 0x0000000100000000)
  eden space 82944K, 100% used [0x00000000f5580000,0x00000000fa680000,0x00000000fa680000)
  from space 15360K, 65% used [0x00000000fba80000,0x00000000fc441550,0x00000000fc980000)
  to   space 17920K, 0% used [0x00000000fa680000,0x00000000fa680000,0x00000000fb800000)
 ParOldGen       total 98304K, used 30261K [0x00000000e0000000, 0x00000000e6000000, 0x00000000f5580000)
  object space 98304K, 30% used [0x00000000e0000000,0x00000000e1d8d498,0x00000000e6000000)
 Metaspace       used 60090K, capacity 65330K, committed 65408K, reserved 1105920K
  class space    used 7426K, capacity 9068K, committed 9088K, reserved 1048576K
Event: 26.557 GC heap after
Heap after GC invocations=16 (full 3):
 PSYoungGen      total 100864K, used 10299K [0x00000000f5580000, 0x00000000fda00000, 0x0000000100000000)
  eden space 82944K, 0% used [0x00000000f5580000,0x00000000f5580000,0x00000000fa680000)
  from space 17920K, 57% used [0x00000000fa680000,0x00000000fb08ec00,0x00000000fb800000)
  to   space 17408K, 0% used [0x00000000fc900000,0x00000000fc900000,0x00000000fda00000)
 ParOldGen       total 98304K, used 30269K [0x00000000e0000000, 0x00000000e6000000, 0x00000000f5580000)
  object space 98304K, 30% used [0x00000000e0000000,0x00000000e1d8f498,0x00000000e6000000)
 Metaspace       used 60090K, capacity 65330K, committed 65408K, reserved 1105920K
  class space    used 7426K, capacity 9068K, committed 9088K, reserved 1048576K
}
Event: 27.895 GC heap before
{Heap before GC invocations=17 (full 3):
 PSYoungGen      total 100864K, used 93243K [0x00000000f5580000, 0x00000000fda00000, 0x0000000100000000)
  eden space 82944K, 100% used [0x00000000f5580000,0x00000000fa680000,0x00000000fa680000)
  from space 17920K, 57% used [0x00000000fa680000,0x00000000fb08ec00,0x00000000fb800000)
  to   space 17408K, 0% used [0x00000000fc900000,0x00000000fc900000,0x00000000fda00000)
 ParOldGen       total 98304K, used 30269K [0x00000000e0000000, 0x00000000e6000000, 0x00000000f5580000)
  object space 98304K, 30% used [0x00000000e0000000,0x00000000e1d8f498,0x00000000e6000000)
 Metaspace       used 60117K, capacity 65400K, committed 65664K, reserved 1105920K
  class space    used 7427K, capacity 9069K, committed 9088K, reserved 1048576K
Event: 27.922 GC heap after
Heap after GC invocations=17 (full 3):
 PSYoungGen      total 117248K, used 11230K [0x00000000f5580000, 0x00000000fd900000, 0x0000000100000000)
  eden space 100864K, 0% used [0x00000000f5580000,0x00000000f5580000,0x00000000fb800000)
  from space 16384K, 68% used [0x00000000fc900000,0x00000000fd3f7970,0x00000000fd900000)
  to   space 16896K, 0% used [0x00000000fb800000,0x00000000fb800000,0x00000000fc880000)
 ParOldGen       total 98304K, used 30269K [0x00000000e0000000, 0x00000000e6000000, 0x00000000f5580000)
  object space 98304K, 30% used [0x00000000e0000000,0x00000000e1d8f498,0x00000000e6000000)
 Metaspace       used 60117K, capacity 65400K, committed 65664K, reserved 1105920K
  class space    used 7427K, capacity 9069K, committed 9088K, reserved 1048576K
}
Event: 31.640 GC heap before
{Heap before GC invocations=18 (full 3):
 PSYoungGen      total 117248K, used 112094K [0x00000000f5580000, 0x00000000fd900000, 0x0000000100000000)
  eden space 100864K, 100% used [0x00000000f5580000,0x00000000fb800000,0x00000000fb800000)
  from space 16384K, 68% used [0x00000000fc900000,0x00000000fd3f7970,0x00000000fd900000)
  to   space 16896K, 0% used [0x00000000fb800000,0x00000000fb800000,0x00000000fc880000)
 ParOldGen       total 98304K, used 30269K [0x00000000e0000000, 0x00000000e6000000, 0x00000000f5580000)
  object space 98304K, 30% used [0x00000000e0000000,0x00000000e1d8f498,0x00000000e6000000)
 Metaspace       used 62870K, capacity 68234K, committed 68352K, reserved 1107968K
  class space    used 7806K, capacity 9463K, committed 9472K, reserved 1048576K
Event: 31.653 GC heap after
Heap after GC invocations=18 (full 3):
 PSYoungGen      total 117760K, used 10266K [0x00000000f5580000, 0x00000000fea80000, 0x0000000100000000)
  eden space 100864K, 0% used [0x00000000f5580000,0x00000000f5580000,0x00000000fb800000)
  from space 16896K, 60% used [0x00000000fb800000,0x00000000fc206b10,0x00000000fc880000)
  to   space 16384K, 0% used [0x00000000fda80000,0x00000000fda80000,0x00000000fea80000)
 ParOldGen       total 98304K, used 30277K [0x00000000e0000000, 0x00000000e6000000, 0x00000000f5580000)
  object space 98304K, 30% used [0x00000000e0000000,0x00000000e1d91498,0x00000000e6000000)
 Metaspace       used 62870K, capacity 68234K, committed 68352K, reserved 1107968K
  class space    used 7806K, capacity 9463K, committed 9472K, reserved 1048576K
}
Event: 46.488 GC heap before
{Heap before GC invocations=19 (full 3):
 PSYoungGen      total 117760K, used 111130K [0x00000000f5580000, 0x00000000fea80000, 0x0000000100000000)
  eden space 100864K, 100% used [0x00000000f5580000,0x00000000fb800000,0x00000000fb800000)
  from space 16896K, 60% used [0x00000000fb800000,0x00000000fc206b10,0x00000000fc880000)
  to   space 16384K, 0% used [0x00000000fda80000,0x00000000fda80000,0x00000000fea80000)
 ParOldGen       total 98304K, used 30277K [0x00000000e0000000, 0x00000000e6000000, 0x00000000f5580000)
  object space 98304K, 30% used [0x00000000e0000000,0x00000000e1d91498,0x00000000e6000000)
 Metaspace       used 63739K, capacity 69304K, committed 69504K, reserved 1110016K
  class space    used 7890K, capacity 9497K, committed 9600K, reserved 1048576K
Event: 46.504 GC heap after
Heap after GC invocations=19 (full 3):
 PSYoungGen      total 130048K, used 13434K [0x00000000f5580000, 0x00000000fe800000, 0x0000000100000000)
  eden space 116224K, 0% used [0x00000000f5580000,0x00000000f5580000,0x00000000fc700000)
  from space 13824K, 97% used [0x00000000fda80000,0x00000000fe79e808,0x00000000fe800000)
  to   space 16896K, 0% used [0x00000000fc700000,0x00000000fc700000,0x00000000fd780000)
 ParOldGen       total 98304K, used 30285K [0x00000000e0000000, 0x00000000e6000000, 0x00000000f5580000)
  object space 98304K, 30% used [0x00000000e0000000,0x00000000e1d93498,0x00000000e6000000)
 Metaspace       used 63739K, capacity 69304K, committed 69504K, reserved 1110016K
  class space    used 7890K, capacity 9497K, committed 9600K, reserved 1048576K
}

