# JRE version: Java(TM) SE Runtime Environment (8.0_45-b15) (build 1.8.0_45-b15)
# Java VM: Java HotSpot(TM) 64-Bit Server VM (25.45-b02 mixed mode windows-amd64 compressed oops)
Heap:
 PSYoungGen      total 137216K, used 97549K [0x00000000f5580000, 0x00000000fff00000, 0x0000000100000000)
  eden space 101888K, 74% used [0x00000000f5580000,0x00000000f9f33390,0x00000000fb900000)
  from space 35328K, 62% used [0x00000000fdc80000,0x00000000ff210320,0x00000000fff00000)
  to   space 35840K, 0% used [0x00000000fb900000,0x00000000fb900000,0x00000000fdc00000)
 ParOldGen       total 94208K, used 38064K [0x00000000e0000000, 0x00000000e5c00000, 0x00000000f5580000)
  object space 94208K, 40% used [0x00000000e0000000,0x00000000e252c208,0x00000000e5c00000)
 Metaspace       used 86871K, capacity 93556K, committed 93824K, reserved 1130496K
  class space    used 10570K, capacity 12563K, committed 12672K, reserved 1048576K
GC Heap History (10 events):
Event: 343.160 GC heap before
{Heap before GC invocations=21 (full 3):
 PSYoungGen      total 145408K, used 145102K [0x00000000f5580000, 0x0000000100000000, 0x0000000100000000)
  eden space 123392K, 100% used [0x00000000f5580000,0x00000000fce00000,0x00000000fce00000)
  from space 22016K, 98% used [0x00000000fce00000,0x00000000fe333ac8,0x00000000fe380000)
  to   space 27648K, 0% used [0x00000000fe500000,0x00000000fe500000,0x0000000100000000)
 ParOldGen       total 94208K, used 38024K [0x00000000e0000000, 0x00000000e5c00000, 0x00000000f5580000)
  object space 94208K, 40% used [0x00000000e0000000,0x00000000e2522208,0x00000000e5c00000)
 Metaspace       used 80090K, capacity 86732K, committed 87040K, reserved 1124352K
  class space    used 9803K, capacity 11767K, committed 11776K, reserved 1048576K
Event: 343.194 GC heap after
Heap after GC invocations=21 (full 3):
 PSYoungGen      total 143872K, used 22323K [0x00000000f5580000, 0x0000000100000000, 0x0000000100000000)
  eden space 116224K, 0% used [0x00000000f5580000,0x00000000f5580000,0x00000000fc700000)
  from space 27648K, 80% used [0x00000000fe500000,0x00000000ffaccdf8,0x0000000100000000)
  to   space 29184K, 0% used [0x00000000fc700000,0x00000000fc700000,0x00000000fe380000)
 ParOldGen       total 94208K, used 38032K [0x00000000e0000000, 0x00000000e5c00000, 0x00000000f5580000)
  object space 94208K, 40% used [0x00000000e0000000,0x00000000e2524208,0x00000000e5c00000)
 Metaspace       used 80090K, capacity 86732K, committed 87040K, reserved 1124352K
  class space    used 9803K, capacity 11767K, committed 11776K, reserved 1048576K
}
Event: 494.053 GC heap before
{Heap before GC invocations=22 (full 3):
 PSYoungGen      total 143872K, used 138547K [0x00000000f5580000, 0x0000000100000000, 0x0000000100000000)
  eden space 116224K, 100% used [0x00000000f5580000,0x00000000fc700000,0x00000000fc700000)
  from space 27648K, 80% used [0x00000000fe500000,0x00000000ffaccdf8,0x0000000100000000)
  to   space 29184K, 0% used [0x00000000fc700000,0x00000000fc700000,0x00000000fe380000)
 ParOldGen       total 94208K, used 38032K [0x00000000e0000000, 0x00000000e5c00000, 0x00000000f5580000)
  object space 94208K, 40% used [0x00000000e0000000,0x00000000e2524208,0x00000000e5c00000)
 Metaspace       used 82317K, capacity 89140K, committed 89344K, reserved 1126400K
  class space    used 10081K, capacity 12032K, committed 12032K, reserved 1048576K
Event: 494.099 GC heap after
Heap after GC invocations=22 (full 3):
 PSYoungGen      total 143872K, used 27531K [0x00000000f5580000, 0x0000000100000000, 0x0000000100000000)
  eden space 116224K, 0% used [0x00000000f5580000,0x00000000f5580000,0x00000000fc700000)
  from space 27648K, 99% used [0x00000000fc700000,0x00000000fe1e2d48,0x00000000fe200000)
  to   space 30720K, 0% used [0x00000000fe200000,0x00000000fe200000,0x0000000100000000)
 ParOldGen       total 94208K, used 38040K [0x00000000e0000000, 0x00000000e5c00000, 0x00000000f5580000)
  object space 94208K, 40% used [0x00000000e0000000,0x00000000e2526208,0x00000000e5c00000)
 Metaspace       used 82317K, capacity 89140K, committed 89344K, reserved 1126400K
  class space    used 10081K, capacity 12032K, committed 12032K, reserved 1048576K
}
Event: 517.396 GC heap before
{Heap before GC invocations=23 (full 3):
 PSYoungGen      total 143872K, used 143755K [0x00000000f5580000, 0x0000000100000000, 0x0000000100000000)
  eden space 116224K, 100% used [0x00000000f5580000,0x00000000fc700000,0x00000000fc700000)
  from space 27648K, 99% used [0x00000000fc700000,0x00000000fe1e2d48,0x00000000fe200000)
  to   space 30720K, 0% used [0x00000000fe200000,0x00000000fe200000,0x0000000100000000)
 ParOldGen       total 94208K, used 38040K [0x00000000e0000000, 0x00000000e5c00000, 0x00000000f5580000)
  object space 94208K, 40% used [0x00000000e0000000,0x00000000e2526208,0x00000000e5c00000)
 Metaspace       used 83423K, capacity 90194K, committed 90624K, reserved 1128448K
  class space    used 10231K, capacity 12171K, committed 12288K, reserved 1048576K
Event: 517.434 GC heap after
Heap after GC invocations=23 (full 3):
 PSYoungGen      total 135680K, used 26896K [0x00000000f5580000, 0x0000000100000000, 0x0000000100000000)
  eden space 104960K, 0% used [0x00000000f5580000,0x00000000f5580000,0x00000000fbc00000)
  from space 30720K, 87% used [0x00000000fe200000,0x00000000ffc44140,0x0000000100000000)
  to   space 34816K, 0% used [0x00000000fbc00000,0x00000000fbc00000,0x00000000fde00000)
 ParOldGen       total 94208K, used 38048K [0x00000000e0000000, 0x00000000e5c00000, 0x00000000f5580000)
  object space 94208K, 40% used [0x00000000e0000000,0x00000000e2528208,0x00000000e5c00000)
 Metaspace       used 83423K, capacity 90194K, committed 90624K, reserved 1128448K
  class space    used 10231K, capacity 12171K, committed 12288K, reserved 1048576K
}
Event: 533.885 GC heap before
{Heap before GC invocations=24 (full 3):
 PSYoungGen      total 135680K, used 131856K [0x00000000f5580000, 0x0000000100000000, 0x0000000100000000)
  eden space 104960K, 100% used [0x00000000f5580000,0x00000000fbc00000,0x00000000fbc00000)
  from space 30720K, 87% used [0x00000000fe200000,0x00000000ffc44140,0x0000000100000000)
  to   space 34816K, 0% used [0x00000000fbc00000,0x00000000fbc00000,0x00000000fde00000)
 ParOldGen       total 94208K, used 38048K [0x00000000e0000000, 0x00000000e5c00000, 0x00000000f5580000)
  object space 94208K, 40% used [0x00000000e0000000,0x00000000e2528208,0x00000000e5c00000)
 Metaspace       used 86110K, capacity 92868K, committed 93184K, reserved 1130496K
  class space    used 10510K, capacity 12465K, committed 12544K, reserved 1048576K
Event: 533.922 GC heap after
Heap after GC invocations=24 (full 3):
 PSYoungGen      total 131584K, used 26462K [0x00000000f5580000, 0x0000000100000000, 0x0000000100000000)
  eden space 104960K, 0% used [0x00000000f5580000,0x00000000f5580000,0x00000000fbc00000)
  from space 26624K, 99% used [0x00000000fbc00000,0x00000000fd5d7b00,0x00000000fd600000)
  to   space 36352K, 0% used [0x00000000fdc80000,0x00000000fdc80000,0x0000000100000000)
 ParOldGen       total 94208K, used 38056K [0x00000000e0000000, 0x00000000e5c00000, 0x00000000f5580000)
  object space 94208K, 40% used [0x00000000e0000000,0x00000000e252a208,0x00000000e5c00000)
 Metaspace       used 86110K, capacity 92868K, committed 93184K, reserved 1130496K
  class space    used 10510K, capacity 12465K, committed 12544K, reserved 1048576K
}
Event: 545.709 GC heap before
{Heap before GC invocations=25 (full 3):
 PSYoungGen      total 131584K, used 131422K [0x00000000f5580000, 0x0000000100000000, 0x0000000100000000)
  eden space 104960K, 100% used [0x00000000f5580000,0x00000000fbc00000,0x00000000fbc00000)
  from space 26624K, 99% used [0x00000000fbc00000,0x00000000fd5d7b00,0x00000000fd600000)
  to   space 36352K, 0% used [0x00000000fdc80000,0x00000000fdc80000,0x0000000100000000)
 ParOldGen       total 94208K, used 38056K [0x00000000e0000000, 0x00000000e5c00000, 0x00000000f5580000)
  object space 94208K, 40% used [0x00000000e0000000,0x00000000e252a208,0x00000000e5c00000)
 Metaspace       used 86231K, capacity 92944K, committed 93184K, reserved 1130496K
  class space    used 10512K, capacity 12467K, committed 12544K, reserved 1048576K
Event: 545.746 GC heap after
Heap after GC invocations=25 (full 3):
 PSYoungGen      total 137216K, used 22080K [0x00000000f5580000, 0x00000000fff00000, 0x0000000100000000)
  eden space 101888K, 0% used [0x00000000f5580000,0x00000000f5580000,0x00000000fb900000)
  from space 35328K, 62% used [0x00000000fdc80000,0x00000000ff210320,0x00000000fff00000)
  to   space 35840K, 0% used [0x00000000fb900000,0x00000000fb900000,0x00000000fdc00000)
 ParOldGen       total 94208K, used 38064K [0x00000000e0000000, 0x00000000e5c00000, 0x00000000f5580000)
  object space 94208K, 40% used [0x00000000e0000000,0x00000000e252c208,0x00000000e5c00000)
 Metaspace       used 86231K, capacity 92944K, committed 93184K, reserved 1130496K
  class space    used 10512K, capacity 12467K, committed 12544K, reserved 1048576K
}

